08:34:25.576 [main                     ] DEBUG Logger               - Configured Logger
08:34:25.588 [main                     ] DEBUG GameApplication      - Logging settings
Title: Champs 2026 - Prueba de Disparo
Version: Sprint Libre
Width: 1280
Height: 768
Fullscreen: false
Intro: false
Profiling: false
Single step:false
App Mode: DEVELOPER
Menu Key: ESCAPE
Stage Style: DECORATED
Scene Factory: class com.almasb.fxgl.app.scene.SceneFactory

08:34:25.845 [JavaFX Application Thread] DEBUG FXGLApplication      - Initializing FXGL
08:34:25.848 [JavaFX Application Thread] INFO  Engine               - FXGL-21 (28.12.2023 13.35) on LINUX (J:25.0.3 FX:26)
08:34:25.848 [JavaFX Application Thread] DEBUG Engine               - JRE Vendor Name: Flathub
08:34:25.848 [JavaFX Application Thread] DEBUG Engine               - Running on OS: Linux version 7.0.12-201.fc44.x86_64
08:34:25.848 [JavaFX Application Thread] DEBUG Engine               - Architecture: amd64
08:34:25.849 [JavaFX Application Thread] INFO  Engine               - Source code and latest versions at: https://github.com/AlmasB/FXGL
08:34:25.849 [JavaFX Application Thread] INFO  Engine               -       Ask questions and discuss at: https://github.com/AlmasB/FXGL/discussions
08:34:25.849 [JavaFX Application Thread] INFO  Engine               -              Join the FXGL chat at: https://gitter.im/AlmasB/FXGL
08:34:25.925 [JavaFX Application Thread] DEBUG PrimaryStageWindow   - Creating a JavaFX scene
08:34:25.925 [JavaFX Application Thread] DEBUG PrimaryStageWindow   - Target size > screen size
08:34:25.981 [JavaFX Application Thread] DEBUG PrimaryStageWindow   - Target settings size: 1280.0 x 768.0
08:34:25.981 [JavaFX Application Thread] DEBUG PrimaryStageWindow   - Scaled scene size:    1236.0 x 756.0
08:34:25.981 [JavaFX Application Thread] DEBUG PrimaryStageWindow   - Scaled ratio: (0.965625, 0.984375)
08:34:25.982 [JavaFX Application Thread] DEBUG PrimaryStageWindow   - Set initial scene to FXGLStartupScene
08:34:25.985 [JavaFX Application Thread] DEBUG PrimaryStageWindow   - Opening main window
08:34:26.025 [JavaFX Application Thread] DEBUG PrimaryStageWindow   - Window border size: (0.093017578125, 35.0)
08:34:26.025 [JavaFX Application Thread] DEBUG PrimaryStageWindow   - Scaled size: 1236.0 x 721.093017578125
08:34:26.025 [JavaFX Application Thread] DEBUG PrimaryStageWindow   - Scaled ratio: (0.965625, 0.938923199971517)
08:34:26.025 [JavaFX Application Thread] DEBUG PrimaryStageWindow   - Scene size: 1236.0 x 756.0
08:34:26.025 [JavaFX Application Thread] DEBUG PrimaryStageWindow   - Stage size: 1236.093017578125 x 756.093017578125
08:34:26.033 [FXGL Background Thread 1 ] DEBUG Engine               - Initializing environment variables
08:34:26.080 [FXGL Background Thread 1 ] DEBUG FXGLAssetLoaderServi - User app class for loading assets: class Metegol.Partido
08:34:26.080 [FXGL Background Thread 1 ] DEBUG GameApplicationServi - Applying CSS: fxgl_dark.css
08:34:26.081 [FXGL Background Thread 1 ] DEBUG FXGLAssetLoaderServi - Loading from file system: jar:file:/home/legasov/.m2/repository/com/github/almasb/fxgl/21/fxgl-21.jar!/fxglassets/ui/css/fxgl_dark.css
08:34:26.142 [FXGL Background Thread 1 ] DEBUG GameApplicationServi - Initializing application scenes
08:34:26.189 [FXGL Background Thread 1 ] DEBUG GameWorld            - Game world initialized
08:34:26.235 [FXGL Background Thread 1 ] DEBUG PhysicsWorld         - Physics world initialized: appHeight=768, physics.ppm=50.0
08:34:26.235 [FXGL Background Thread 1 ] DEBUG PhysicsWorld         - Using strategy: BRUTE_FORCE
08:34:26.240 [FXGL Background Thread 1 ] DEBUG GameScene            - Game scene initialized: 1280x768
08:34:26.250 [FXGL Background Thread 1 ] DEBUG FXGL.DefaultMenu     - createMenuBodyGameMenu()
08:34:26.260 [FXGL Background Thread 1 ] DEBUG FXGL.DefaultMenu     - createOptionsMenu()
08:34:26.270 [FXGL Background Thread 1 ] DEBUG FXGLAssetLoaderServi - Loading from file system: jar:file:/home/legasov/.m2/repository/com/github/almasb/fxgl/21/fxgl-21.jar!/fxglassets/textures/particles/smoke.png
08:34:26.340 [FXGL Background Thread 1 ] DEBUG FXGLAssetLoaderServi - Loading from file system: jar:file:/home/legasov/.m2/repository/com/github/almasb/fxgl/21/fxgl-21.jar!/fxglassets/textures/particles/trace_horizontal.png
08:34:26.359 [FXGL Background Thread 1 ] DEBUG GameApplicationServi - Application scenes initialized
08:34:26.369 [FXGL Background Thread 1 ] DEBUG SystemBundleService  - Loading FXGL system data
08:34:26.379 [FXGL Background Thread 1 ] DEBUG FileSystemAccess     - Reading from: /home/legasov/NetBeansProjects/Metegol/system/fxgl.bundle
08:34:26.392 [FXGL Background Thread 1 ] DEBUG SystemBundleService  - Bundle FXGL: {}
08:34:26.393 [FXGL Background Thread 1 ] DEBUG UpdaterService       - Checking for updates
08:34:26.421 [FXGL Background Thread 4 ] DEBUG FXGLApplication      - Loading fonts
08:34:26.421 [FXGL Background Thread 4 ] DEBUG FXGLAssetLoaderServi - Loading from file system: jar:file:/home/legasov/.m2/repository/com/github/almasb/fxgl/21/fxgl-21.jar!/fxglassets/ui/fonts/VarelaRound-Regular.ttf
08:34:26.421 [FXGL Background Thread 1 ] DEBUG FXGLApplication      - Loading default localization
08:34:26.422 [FXGL Background Thread 1 ] DEBUG FXGLAssetLoaderServi - Loading from file system: jar:file:/home/legasov/.m2/repository/com/github/almasb/fxgl/21/fxgl-21.jar!/fxglassets/languages/english.lang
08:34:26.437 [FXGL Background Thread 4 ] DEBUG FXGLAssetLoaderServi - Loading from file system: jar:file:/home/legasov/.m2/repository/com/github/almasb/fxgl/21/fxgl-21.jar!/fxglassets/ui/fonts/Abel-Regular.ttf
08:34:26.438 [FXGL Background Thread 4 ] DEBUG FXGLAssetLoaderServi - Loading from file system: jar:file:/home/legasov/.m2/repository/com/github/almasb/fxgl/21/fxgl-21.jar!/fxglassets/ui/fonts/TerminalLandMono-Regular.otf
08:34:26.442 [FXGL Background Thread 4 ] DEBUG FXGLAssetLoaderServi - Loading from file system: jar:file:/home/legasov/.m2/repository/com/github/almasb/fxgl/21/fxgl-21.jar!/fxglassets/ui/fonts/Courier-Prime.ttf
08:34:26.443 [FXGL Background Thread 1 ] INFO  FXGLApplication      - FXGL initialization took: 0.410 sec
08:34:26.452 [JavaFX Application Thread] DEBUG Input                - Registered new binding: action0 - W
08:34:26.453 [JavaFX Application Thread] DEBUG Input                - Registered new binding: action1 - S
08:34:26.453 [JavaFX Application Thread] DEBUG Input                - Registered new binding: action2 - A
08:34:26.454 [JavaFX Application Thread] DEBUG Input                - Registered new binding: action3 - D
08:34:26.455 [JavaFX Application Thread] DEBUG Input                - Registered new binding: action4 - RMB
08:34:26.455 [JavaFX Application Thread] DEBUG FXGLAssetLoaderServi - Loading from file system: jar:file:/home/legasov/.m2/repository/com/github/almasb/fxgl/21/fxgl-21.jar!/fxglassets/textures/fxgl_icon.png
08:34:26.473 [JavaFX Application Thread] DEBUG FXGLAssetLoaderServi - Loading from file system: jar:file:/home/legasov/.m2/repository/com/github/almasb/fxgl/21/fxgl-21.jar!/fxglassets/textures/fxgl_default_cursor.png
08:34:26.475 [JavaFX Application Thread] DEBUG Input                - Registered new binding: Screenshot - CTRL+8
08:34:26.476 [JavaFX Application Thread] DEBUG Input                - Registered new binding: Dev Options - 1
08:34:26.476 [JavaFX Application Thread] DEBUG Input                - Registered new binding: Dev Console - 2
08:34:26.476 [JavaFX Application Thread] DEBUG Input                - Registered new binding: System info dump - CTRL+9
08:34:26.477 [JavaFX Application Thread] DEBUG Input                - Registered new binding: Restart - CTRL+R
08:34:26.477 [JavaFX Application Thread] DEBUG Input                - Registered new binding: Toggle Debug Camera - CTRL+7
08:34:26.486 [JavaFX Application Thread] DEBUG LoopRunner           - Starting loop
08:34:26.507 [JavaFX Application Thread] DEBUG LoopRunner           - Initializing JavaFX AnimationTimerLoop
08:34:26.508 [JavaFX Application Thread] DEBUG GameApplicationServi - Starting new game
08:34:26.509 [JavaFX Application Thread] DEBUG Input                - Clearing active input actions
08:34:26.524 [JavaFX Application Thread] DEBUG GameApplicationServi - Removing overlay from FXGLStartupScene and adding to FXGLLoadingScene
08:34:26.526 [JavaFX Application Thread] DEBUG PrimaryStageWindow   - FXGLStartupScene -> FXGLLoadingScene
08:34:26.526 [JavaFX Application Thread] DEBUG GameApplicationServi - Clearing previous game
08:34:26.526 [JavaFX Application Thread] DEBUG GameScene            - Clearing game scene
08:34:26.526 [JavaFX Application Thread] DEBUG GameWorld            - Clearing game world
08:34:26.527 [JavaFX Application Thread] DEBUG PhysicsWorld         - Clearing physics world
08:34:26.528 [FXGL Background Thread 4 ] DEBUG FXGLApplication      - Initializing game
08:34:26.531 [JavaFX Application Thread] DEBUG FXGLApplication      - Registering font factories with UI factory
08:34:26.545 [FXGL Background Thread 4 ] INFO  FXGLApplication      - Game initialization took: 0.017 sec
08:34:26.982 [JavaFX Application Thread] DEBUG Input                - Clearing active input actions
08:34:26.990 [JavaFX Application Thread] DEBUG GameApplicationServi - Removing overlay from FXGLLoadingScene and adding to GameScene
08:34:26.995 [JavaFX Application Thread] DEBUG PrimaryStageWindow   - FXGLLoadingScene -> GameScene
08:34:27.257 [FXGL Background Thread 2 ] INFO  UpdaterService       - Your current version:  21
08:34:27.258 [FXGL Background Thread 2 ] INFO  UpdaterService       - Latest stable version: 25
08:34:29.102 [JavaFX Application Thread] DEBUG FXGLApplication      - Exiting FXGL
08:34:29.102 [JavaFX Application Thread] DEBUG LoopRunner           - Stopping loop
08:34:29.103 [JavaFX Application Thread] DEBUG SystemBundleService  - Saving FXGL system data
08:34:29.109 [JavaFX Application Thread] DEBUG FileSystemAccess     - Writing to: /home/legasov/NetBeansProjects/Metegol/system/fxgl.bundle
08:34:29.112 [JavaFX Application Thread] DEBUG Async                - Shutting down background threads
08:34:29.113 [JavaFX Application Thread] DEBUG PrimaryStageWindow   - Closing main window
08:34:29.116 [JavaFX Application Thread] DEBUG Logger               - Closing Logger
