15:25:55.134 [main                     ] DEBUG Logger               - Configured Logger
15:25:55.142 [main                     ] DEBUG GameApplication      - Logging settings
Title: Champs 2026 - Prueba de Motor FXGL
Version: 0.1
Width: 800
Height: 600
Fullscreen: false
Intro: false
Profiling: false
Single step:false
App Mode: DEVELOPER
Menu Key: ESCAPE
Stage Style: DECORATED
Scene Factory: class com.almasb.fxgl.app.scene.SceneFactory

15:25:55.561 [JavaFX Application Thread] DEBUG FXGLApplication      - Initializing FXGL
15:25:55.564 [JavaFX Application Thread] INFO  Engine               - FXGL-21 (28.12.2023 13.35) on LINUX (J:25.0.3 FX:26)
15:25:55.564 [JavaFX Application Thread] DEBUG Engine               - JRE Vendor Name: Flathub
15:25:55.564 [JavaFX Application Thread] DEBUG Engine               - Running on OS: Linux version 7.0.12-201.fc44.x86_64
15:25:55.564 [JavaFX Application Thread] DEBUG Engine               - Architecture: amd64
15:25:55.564 [JavaFX Application Thread] INFO  Engine               - Source code and latest versions at: https://github.com/AlmasB/FXGL
15:25:55.565 [JavaFX Application Thread] INFO  Engine               -       Ask questions and discuss at: https://github.com/AlmasB/FXGL/discussions
15:25:55.565 [JavaFX Application Thread] INFO  Engine               -              Join the FXGL chat at: https://gitter.im/AlmasB/FXGL
15:25:55.664 [JavaFX Application Thread] DEBUG PrimaryStageWindow   - Creating a JavaFX scene
15:25:55.736 [JavaFX Application Thread] DEBUG PrimaryStageWindow   - Target settings size: 800.0 x 600.0
15:25:55.736 [JavaFX Application Thread] DEBUG PrimaryStageWindow   - Scaled scene size:    800.0 x 600.0
15:25:55.736 [JavaFX Application Thread] DEBUG PrimaryStageWindow   - Scaled ratio: (1.0, 1.0)
15:25:55.737 [JavaFX Application Thread] DEBUG PrimaryStageWindow   - Set initial scene to FXGLStartupScene
15:25:55.741 [JavaFX Application Thread] DEBUG PrimaryStageWindow   - Opening main window
15:25:55.820 [JavaFX Application Thread] DEBUG PrimaryStageWindow   - Window border size: (0.0, 0.55816650390625)
15:25:55.820 [JavaFX Application Thread] DEBUG PrimaryStageWindow   - Scaled size: 800.0 x 600.0
15:25:55.820 [JavaFX Application Thread] DEBUG PrimaryStageWindow   - Scaled ratio: (1.0, 1.0)
15:25:55.821 [JavaFX Application Thread] DEBUG PrimaryStageWindow   - Scene size: 800.0 x 600.0
15:25:55.821 [JavaFX Application Thread] DEBUG PrimaryStageWindow   - Stage size: 800.0 x 600.5581665039062
15:25:55.832 [FXGL Background Thread 1 ] DEBUG Engine               - Initializing environment variables
15:25:55.980 [FXGL Background Thread 1 ] DEBUG FXGLAssetLoaderServi - User app class for loading assets: class Metegol.Metegol
15:25:55.980 [FXGL Background Thread 1 ] DEBUG GameApplicationServi - Applying CSS: fxgl_dark.css
15:25:55.981 [FXGL Background Thread 1 ] DEBUG FXGLAssetLoaderServi - Loading from file system: jar:file:/home/legasov/.m2/repository/com/github/almasb/fxgl/21/fxgl-21.jar!/fxglassets/ui/css/fxgl_dark.css
15:25:56.041 [FXGL Background Thread 1 ] DEBUG GameApplicationServi - Initializing application scenes
15:25:56.117 [FXGL Background Thread 1 ] DEBUG GameWorld            - Game world initialized
15:25:56.196 [FXGL Background Thread 1 ] DEBUG PhysicsWorld         - Physics world initialized: appHeight=600, physics.ppm=50.0
15:25:56.197 [FXGL Background Thread 1 ] DEBUG PhysicsWorld         - Using strategy: BRUTE_FORCE
15:25:56.203 [FXGL Background Thread 1 ] DEBUG GameScene            - Game scene initialized: 800x600
15:25:56.222 [FXGL Background Thread 1 ] DEBUG FXGL.DefaultMenu     - createMenuBodyGameMenu()
15:25:56.248 [FXGL Background Thread 1 ] DEBUG FXGL.DefaultMenu     - createOptionsMenu()
15:25:56.262 [FXGL Background Thread 1 ] DEBUG FXGLAssetLoaderServi - Loading from file system: jar:file:/home/legasov/.m2/repository/com/github/almasb/fxgl/21/fxgl-21.jar!/fxglassets/textures/particles/smoke.png
15:25:56.368 [FXGL Background Thread 1 ] DEBUG FXGLAssetLoaderServi - Loading from file system: jar:file:/home/legasov/.m2/repository/com/github/almasb/fxgl/21/fxgl-21.jar!/fxglassets/textures/particles/trace_horizontal.png
15:25:56.403 [FXGL Background Thread 1 ] DEBUG GameApplicationServi - Application scenes initialized
15:25:56.426 [FXGL Background Thread 1 ] DEBUG SystemBundleService  - Loading FXGL system data
15:25:56.441 [FXGL Background Thread 1 ] DEBUG FileSystemAccess     - Reading from: /home/legasov/NetBeansProjects/Metegol/system/fxgl.bundle
15:25:56.450 [FXGL Background Thread 1 ] DEBUG SystemBundleService  - Bundle FXGL: {}
15:25:56.450 [FXGL Background Thread 1 ] DEBUG UpdaterService       - Checking for updates
15:25:56.456 [FXGL Background Thread 4 ] DEBUG FXGLApplication      - Loading fonts
15:25:56.456 [FXGL Background Thread 1 ] DEBUG FXGLApplication      - Loading default localization
15:25:56.456 [FXGL Background Thread 4 ] DEBUG FXGLAssetLoaderServi - Loading from file system: jar:file:/home/legasov/.m2/repository/com/github/almasb/fxgl/21/fxgl-21.jar!/fxglassets/ui/fonts/VarelaRound-Regular.ttf
15:25:56.457 [FXGL Background Thread 1 ] DEBUG FXGLAssetLoaderServi - Loading from file system: jar:file:/home/legasov/.m2/repository/com/github/almasb/fxgl/21/fxgl-21.jar!/fxglassets/languages/english.lang
15:25:56.476 [FXGL Background Thread 1 ] INFO  FXGLApplication      - FXGL initialization took: 0.643 sec
15:25:56.477 [FXGL Background Thread 4 ] DEBUG FXGLAssetLoaderServi - Loading from file system: jar:file:/home/legasov/.m2/repository/com/github/almasb/fxgl/21/fxgl-21.jar!/fxglassets/ui/fonts/Abel-Regular.ttf
15:25:56.478 [FXGL Background Thread 4 ] DEBUG FXGLAssetLoaderServi - Loading from file system: jar:file:/home/legasov/.m2/repository/com/github/almasb/fxgl/21/fxgl-21.jar!/fxglassets/ui/fonts/TerminalLandMono-Regular.otf
15:25:56.481 [FXGL Background Thread 4 ] DEBUG FXGLAssetLoaderServi - Loading from file system: jar:file:/home/legasov/.m2/repository/com/github/almasb/fxgl/21/fxgl-21.jar!/fxglassets/ui/fonts/Courier-Prime.ttf
15:25:56.489 [JavaFX Application Thread] DEBUG Input                - Registered new binding: action0 - LMB
15:25:56.490 [JavaFX Application Thread] DEBUG FXGLAssetLoaderServi - Loading from file system: jar:file:/home/legasov/.m2/repository/com/github/almasb/fxgl/21/fxgl-21.jar!/fxglassets/textures/fxgl_icon.png
15:25:56.534 [JavaFX Application Thread] DEBUG FXGLAssetLoaderServi - Loading from file system: jar:file:/home/legasov/.m2/repository/com/github/almasb/fxgl/21/fxgl-21.jar!/fxglassets/textures/fxgl_default_cursor.png
15:25:56.545 [JavaFX Application Thread] DEBUG Input                - Registered new binding: Screenshot - CTRL+8
15:25:56.546 [JavaFX Application Thread] DEBUG Input                - Registered new binding: System info dump - CTRL+9
15:25:56.546 [JavaFX Application Thread] DEBUG Input                - Registered new binding: Restart - CTRL+R
15:25:56.547 [JavaFX Application Thread] DEBUG Input                - Registered new binding: Toggle Debug Camera - CTRL+7
15:25:56.552 [JavaFX Application Thread] DEBUG LoopRunner           - Starting loop
15:25:56.552 [JavaFX Application Thread] DEBUG LoopRunner           - Initializing JavaFX AnimationTimerLoop
15:25:56.559 [JavaFX Application Thread] DEBUG GameApplicationServi - Starting new game
15:25:56.560 [JavaFX Application Thread] DEBUG Input                - Clearing active input actions
15:25:56.575 [JavaFX Application Thread] DEBUG GameApplicationServi - Removing overlay from FXGLStartupScene and adding to FXGLLoadingScene
15:25:56.576 [JavaFX Application Thread] DEBUG PrimaryStageWindow   - FXGLStartupScene -> FXGLLoadingScene
15:25:56.576 [JavaFX Application Thread] DEBUG GameApplicationServi - Clearing previous game
15:25:56.576 [JavaFX Application Thread] DEBUG GameScene            - Clearing game scene
15:25:56.576 [JavaFX Application Thread] DEBUG GameWorld            - Clearing game world
15:25:56.576 [JavaFX Application Thread] DEBUG PhysicsWorld         - Clearing physics world
15:25:56.582 [FXGL Background Thread 4 ] DEBUG FXGLApplication      - Initializing game
15:25:56.589 [JavaFX Application Thread] DEBUG FXGLApplication      - Registering font factories with UI factory
15:25:56.600 [FXGL Background Thread 4 ] INFO  FXGLApplication      - Game initialization took: 0.018 sec
15:25:56.851 [JavaFX Application Thread] DEBUG Input                - Clearing active input actions
15:25:56.859 [JavaFX Application Thread] DEBUG GameApplicationServi - Removing overlay from FXGLLoadingScene and adding to GameScene
15:25:56.863 [JavaFX Application Thread] DEBUG PrimaryStageWindow   - FXGLLoadingScene -> GameScene
15:25:57.254 [FXGL Background Thread 2 ] INFO  UpdaterService       - Your current version:  21
15:25:57.255 [FXGL Background Thread 2 ] INFO  UpdaterService       - Latest stable version: 25
15:25:59.453 [FXGL Background Thread 3 ] DEBUG Engine               - Logging environment variables
15:25:59.454 [FXGL Background Thread 3 ] DEBUG Engine               - achievements: []
15:25:59.454 [FXGL Background Thread 3 ] DEBUG Engine               - actualHeight: 600.0
15:25:59.454 [FXGL Background Thread 3 ] DEBUG Engine               - actualHeightProperty: ReadOnlyDoubleProperty [value: 627.5348510742188]
15:25:59.454 [FXGL Background Thread 3 ] DEBUG Engine               - actualWidth: 800.0
15:25:59.455 [FXGL Background Thread 3 ] DEBUG Engine               - actualWidthProperty: ReadOnlyDoubleProperty [value: 800.0]
15:25:59.455 [FXGL Background Thread 3 ] DEBUG Engine               - appIcon: fxgl_icon.png
15:25:59.455 [FXGL Background Thread 3 ] DEBUG Engine               - applicationMode: DEVELOPER
15:25:59.455 [FXGL Background Thread 3 ] DEBUG Engine               - cSSList: [fxgl_dark.css]
15:25:59.456 [FXGL Background Thread 3 ] DEBUG Engine               - collisionDetectionStrategy: BRUTE_FORCE
15:25:59.456 [FXGL Background Thread 3 ] DEBUG Engine               - configClass: Optional.empty
15:25:59.456 [FXGL Background Thread 3 ] DEBUG Engine               - credits: []
15:25:59.457 [FXGL Background Thread 3 ] DEBUG Engine               - defaultCursor: CursorInfo(imageName=fxgl_default_cursor.png, hotspotX=7.0, hotspotY=6.0)
15:25:59.457 [FXGL Background Thread 3 ] DEBUG Engine               - devBBoxColorProperty: ObjectProperty [value: 0xff0000ff]
15:25:59.457 [FXGL Background Thread 3 ] DEBUG Engine               - devEnableDebugCameraProperty: BooleanProperty [value: false]
15:25:59.457 [FXGL Background Thread 3 ] DEBUG Engine               - devSensorColorProperty: ObjectProperty [value: 0xffff00ff]
15:25:59.458 [FXGL Background Thread 3 ] DEBUG Engine               - devShowBBoxProperty: BooleanProperty [value: false]
15:25:59.458 [FXGL Background Thread 3 ] DEBUG Engine               - devShowPositionProperty: BooleanProperty [value: false]
15:25:59.458 [FXGL Background Thread 3 ] DEBUG Engine               - enabledMenuItems: []
15:25:59.458 [FXGL Background Thread 3 ] DEBUG Engine               - engineServices: [class com.almasb.fxgl.app.services.FXGLAssetLoaderService, class com.almasb.fxgl.app.FXGLApplication$GameApplicationService, class com.almasb.fxgl.app.services.FXGLDialogService, class com.almasb.fxgl.app.services.IOTaskExecutorService, class com.almasb.fxgl.io.FileSystemService, class com.almasb.fxgl.localization.LocalizationService, class com.almasb.fxgl.app.services.SystemBundleService, class com.almasb.fxgl.profile.SaveLoadService, class com.almasb.fxgl.ui.FXGLUIFactoryServiceProvider, class com.almasb.fxgl.ui.FXGLDialogFactoryServiceProvider, class com.almasb.fxgl.audio.AudioPlayer, class com.almasb.fxgl.notification.impl.NotificationServiceProvider, class com.almasb.fxgl.achievement.AchievementService, class com.almasb.fxgl.cutscene.CutsceneService, class com.almasb.fxgl.minigames.MiniGameService, class com.almasb.fxgl.net.NetService, class com.almasb.fxgl.app.services.UpdaterService, class com.almasb.fxgl.dev.DevService]
15:25:59.458 [FXGL Background Thread 3 ] DEBUG Engine               - fontGame: Abel-Regular.ttf
15:25:59.458 [FXGL Background Thread 3 ] DEBUG Engine               - fontMono: TerminalLandMono-Regular.otf
15:25:59.459 [FXGL Background Thread 3 ] DEBUG Engine               - fontSizeScaleUI: 1.0
15:25:59.459 [FXGL Background Thread 3 ] DEBUG Engine               - fontText: Courier-Prime.ttf
15:25:59.459 [FXGL Background Thread 3 ] DEBUG Engine               - fontUI: VarelaRound-Regular.ttf
15:25:59.459 [FXGL Background Thread 3 ] DEBUG Engine               - fullScreen: BooleanProperty [value: false]
15:25:59.459 [FXGL Background Thread 3 ] DEBUG Engine               - gameDifficulty: MEDIUM
15:25:59.459 [FXGL Background Thread 3 ] DEBUG Engine               - gameDifficultyProperty: ObjectProperty [value: MEDIUM]
15:25:59.459 [FXGL Background Thread 3 ] DEBUG Engine               - globalMusicVolume: 0.5
15:25:59.459 [FXGL Background Thread 3 ] DEBUG Engine               - globalMusicVolumeProperty: DoubleProperty [value: 0.5]
15:25:59.460 [FXGL Background Thread 3 ] DEBUG Engine               - globalSoundVolume: 0.5
15:25:59.460 [FXGL Background Thread 3 ] DEBUG Engine               - globalSoundVolumeProperty: DoubleProperty [value: 0.5]
15:25:59.460 [FXGL Background Thread 3 ] DEBUG Engine               - height: 600
15:25:59.460 [FXGL Background Thread 3 ] DEBUG Engine               - is3D: false
15:25:59.460 [FXGL Background Thread 3 ] DEBUG Engine               - isAndroid: false
15:25:59.460 [FXGL Background Thread 3 ] DEBUG Engine               - isBrowser: false
15:25:59.460 [FXGL Background Thread 3 ] DEBUG Engine               - isClickFeedbackEnabled: false
15:25:59.460 [FXGL Background Thread 3 ] DEBUG Engine               - isCloseConfirmation: false
15:25:59.461 [FXGL Background Thread 3 ] DEBUG Engine               - isDesktop: true
15:25:59.461 [FXGL Background Thread 3 ] DEBUG Engine               - isDeveloperMenuEnabled: false
15:25:59.461 [FXGL Background Thread 3 ] DEBUG Engine               - isEmbedded: false
15:25:59.461 [FXGL Background Thread 3 ] DEBUG Engine               - isEntityPreloadEnabled: true
15:25:59.461 [FXGL Background Thread 3 ] DEBUG Engine               - isExperimentalTiledLargeMap: false
15:25:59.461 [FXGL Background Thread 3 ] DEBUG Engine               - isFileSystemWriteAllowed: true
15:25:59.461 [FXGL Background Thread 3 ] DEBUG Engine               - isFullScreenAllowed: false
15:25:59.462 [FXGL Background Thread 3 ] DEBUG Engine               - isFullScreenFromStart: false
15:25:59.462 [FXGL Background Thread 3 ] DEBUG Engine               - isGameMenuEnabled: true
15:25:59.462 [FXGL Background Thread 3 ] DEBUG Engine               - isIOS: false
15:25:59.462 [FXGL Background Thread 3 ] DEBUG Engine               - isIntroEnabled: false
15:25:59.462 [FXGL Background Thread 3 ] DEBUG Engine               - isLinux: true
15:25:59.462 [FXGL Background Thread 3 ] DEBUG Engine               - isMac: false
15:25:59.462 [FXGL Background Thread 3 ] DEBUG Engine               - isMainMenuEnabled: false
15:25:59.462 [FXGL Background Thread 3 ] DEBUG Engine               - isManualResizeEnabled: false
15:25:59.463 [FXGL Background Thread 3 ] DEBUG Engine               - isMobile: false
15:25:59.463 [FXGL Background Thread 3 ] DEBUG Engine               - isNative: false
15:25:59.463 [FXGL Background Thread 3 ] DEBUG Engine               - isPauseMusicWhenMinimized: true
15:25:59.463 [FXGL Background Thread 3 ] DEBUG Engine               - isPreserveResizeRatio: false
15:25:59.463 [FXGL Background Thread 3 ] DEBUG Engine               - isProfilingEnabled: false
15:25:59.463 [FXGL Background Thread 3 ] DEBUG Engine               - isScaleAffectedOnResize: true
15:25:59.463 [FXGL Background Thread 3 ] DEBUG Engine               - isSingleStep: false
15:25:59.463 [FXGL Background Thread 3 ] DEBUG Engine               - isUserProfileEnabled: false
15:25:59.464 [FXGL Background Thread 3 ] DEBUG Engine               - isWindows: false
15:25:59.464 [FXGL Background Thread 3 ] DEBUG Engine               - language: ObjectProperty [value: ENGLISH]
15:25:59.464 [FXGL Background Thread 3 ] DEBUG Engine               - menuKey: ESCAPE
15:25:59.464 [FXGL Background Thread 3 ] DEBUG Engine               - mouseSensitivity: 0.2
15:25:59.464 [FXGL Background Thread 3 ] DEBUG Engine               - notificationViewClass: class com.almasb.fxgl.notification.view.XboxNotificationView
15:25:59.464 [FXGL Background Thread 3 ] DEBUG Engine               - pixelsPerMeter: 50.0
15:25:59.464 [FXGL Background Thread 3 ] DEBUG Engine               - platform: LINUX
15:25:59.464 [FXGL Background Thread 3 ] DEBUG Engine               - prefHeightProperty: ReadOnlyDoubleProperty [value: 600.0]
15:25:59.464 [FXGL Background Thread 3 ] DEBUG Engine               - prefWidthProperty: ReadOnlyDoubleProperty [value: 800.0]
15:25:59.465 [FXGL Background Thread 3 ] DEBUG Engine               - profileDir: profiles/
15:25:59.465 [FXGL Background Thread 3 ] DEBUG Engine               - profileName: StringProperty [value: DEFAULT]
15:25:59.465 [FXGL Background Thread 3 ] DEBUG Engine               - randomSeed: -1
15:25:59.465 [FXGL Background Thread 3 ] DEBUG Engine               - runtimeInfo: RuntimeInfo(platform=LINUX, version=21, build=28.12.2023 13.35)
15:25:59.465 [FXGL Background Thread 3 ] DEBUG Engine               - saveFileExt: sav
15:25:59.466 [FXGL Background Thread 3 ] DEBUG Engine               - scaledHeightProp$fxgl: DoubleProperty [bound, value: 627.5348510742188]
15:25:59.466 [FXGL Background Thread 3 ] DEBUG Engine               - scaledWidthProp$fxgl: DoubleProperty [bound, value: 800.0]
15:25:59.466 [FXGL Background Thread 3 ] DEBUG Engine               - sceneFactory: com.almasb.fxgl.app.scene.SceneFactory@71fbe277
15:25:59.466 [FXGL Background Thread 3 ] DEBUG Engine               - secondsIn24h: 60
15:25:59.466 [FXGL Background Thread 3 ] DEBUG Engine               - soundMenuBack: menu/back.wav
15:25:59.466 [FXGL Background Thread 3 ] DEBUG Engine               - soundMenuPress: menu/press.wav
15:25:59.467 [FXGL Background Thread 3 ] DEBUG Engine               - soundMenuSelect: menu/select.wav
15:25:59.467 [FXGL Background Thread 3 ] DEBUG Engine               - soundNotification: core/notification.wav
15:25:59.467 [FXGL Background Thread 3 ] DEBUG Engine               - stageStyle: DECORATED
15:25:59.467 [FXGL Background Thread 3 ] DEBUG Engine               - supportedLanguages: [ENGLISH, FRENCH, GERMAN, HUNGARIAN, RUSSIAN]
15:25:59.467 [FXGL Background Thread 3 ] DEBUG Engine               - ticksPerSecond: -1
15:25:59.467 [FXGL Background Thread 3 ] DEBUG Engine               - title: Champs 2026 - Prueba de Motor FXGL
15:25:59.467 [FXGL Background Thread 3 ] DEBUG Engine               - urlGithub: https://github.com/AlmasB/FXGL
15:25:59.468 [FXGL Background Thread 3 ] DEBUG Engine               - urlLeaderboard: http://fxgl-top.herokuapp.com/
15:25:59.468 [FXGL Background Thread 3 ] DEBUG Engine               - urlPOM: https://raw.githubusercontent.com/AlmasB/FXGL/release/README.md
15:25:59.468 [FXGL Background Thread 3 ] DEBUG Engine               - userAppClass: class Metegol.Metegol
15:25:59.468 [FXGL Background Thread 3 ] DEBUG Engine               - version: 0.1
15:25:59.468 [FXGL Background Thread 3 ] DEBUG Engine               - versionCheckDays: 7
15:25:59.469 [FXGL Background Thread 3 ] DEBUG Engine               - width: 800
15:25:59.469 [FXGL Background Thread 3 ] DEBUG Engine               - Logging services
15:25:59.469 [FXGL Background Thread 3 ] DEBUG Engine               - class com.almasb.fxgl.app.services.FXGLAssetLoaderService
15:25:59.469 [FXGL Background Thread 3 ] DEBUG Engine               - class com.almasb.fxgl.app.FXGLApplication$GameApplicationService
15:25:59.469 [FXGL Background Thread 3 ] DEBUG Engine               - class com.almasb.fxgl.app.services.FXGLDialogService
15:25:59.469 [FXGL Background Thread 3 ] DEBUG Engine               - class com.almasb.fxgl.app.services.IOTaskExecutorService
15:25:59.469 [FXGL Background Thread 3 ] DEBUG Engine               - class com.almasb.fxgl.io.FileSystemService
15:25:59.470 [FXGL Background Thread 3 ] DEBUG Engine               - class com.almasb.fxgl.localization.LocalizationService
15:25:59.470 [FXGL Background Thread 3 ] DEBUG Engine               - class com.almasb.fxgl.app.services.SystemBundleService
15:25:59.470 [FXGL Background Thread 3 ] DEBUG Engine               - class com.almasb.fxgl.profile.SaveLoadService
15:25:59.470 [FXGL Background Thread 3 ] DEBUG Engine               - class com.almasb.fxgl.ui.FXGLUIFactoryServiceProvider
15:25:59.470 [FXGL Background Thread 3 ] DEBUG Engine               - class com.almasb.fxgl.ui.FXGLDialogFactoryServiceProvider
15:25:59.470 [FXGL Background Thread 3 ] DEBUG Engine               - class com.almasb.fxgl.audio.AudioPlayer
15:25:59.470 [FXGL Background Thread 3 ] DEBUG Engine               - class com.almasb.fxgl.notification.impl.NotificationServiceProvider
15:25:59.470 [FXGL Background Thread 3 ] DEBUG Engine               - class com.almasb.fxgl.achievement.AchievementService
15:25:59.470 [FXGL Background Thread 3 ] DEBUG Engine               - class com.almasb.fxgl.cutscene.CutsceneService
15:25:59.470 [FXGL Background Thread 3 ] DEBUG Engine               - class com.almasb.fxgl.minigames.MiniGameService
15:25:59.470 [FXGL Background Thread 3 ] DEBUG Engine               - class com.almasb.fxgl.net.NetService
15:25:59.470 [FXGL Background Thread 3 ] DEBUG Engine               - class com.almasb.fxgl.app.services.UpdaterService
15:25:59.471 [FXGL Background Thread 3 ] DEBUG Engine               - class com.almasb.fxgl.dev.DevService
15:25:59.562 [JavaFX Application Thread] DEBUG FXGLApplication      - Exiting FXGL
15:25:59.562 [JavaFX Application Thread] DEBUG LoopRunner           - Stopping loop
15:25:59.563 [JavaFX Application Thread] DEBUG SystemBundleService  - Saving FXGL system data
15:25:59.568 [JavaFX Application Thread] DEBUG FileSystemAccess     - Writing to: /home/legasov/NetBeansProjects/Metegol/system/fxgl.bundle
15:25:59.573 [JavaFX Application Thread] DEBUG Async                - Shutting down background threads
15:25:59.574 [JavaFX Application Thread] DEBUG PrimaryStageWindow   - Closing main window
15:25:59.578 [JavaFX Application Thread] DEBUG Logger               - Closing Logger
