15:54:54.896 [main                     ] DEBUG Logger               - Configured Logger
15:54:54.904 [main                     ] DEBUG GameApplication      - Logging settings
Title: Champs 2026 - Prueba de Motor FXGL
Version: 0.1
Width: 800
Height: 600
Fullscreen: false
Intro: false
Profiling: false
Single step:false
App Mode: DEVELOPER
Menu Key: ESCAPE
Stage Style: DECORATED
Scene Factory: class com.almasb.fxgl.app.scene.SceneFactory

15:54:55.405 [JavaFX Application Thread] DEBUG FXGLApplication      - Initializing FXGL
15:54:55.409 [JavaFX Application Thread] INFO  Engine               - FXGL-21 (28.12.2023 13.35) on LINUX (J:25.0.3 FX:26)
15:54:55.409 [JavaFX Application Thread] DEBUG Engine               - JRE Vendor Name: Flathub
15:54:55.409 [JavaFX Application Thread] DEBUG Engine               - Running on OS: Linux version 7.0.12-201.fc44.x86_64
15:54:55.409 [JavaFX Application Thread] DEBUG Engine               - Architecture: amd64
15:54:55.410 [JavaFX Application Thread] INFO  Engine               - Source code and latest versions at: https://github.com/AlmasB/FXGL
15:54:55.410 [JavaFX Application Thread] INFO  Engine               -       Ask questions and discuss at: https://github.com/AlmasB/FXGL/discussions
15:54:55.410 [JavaFX Application Thread] INFO  Engine               -              Join the FXGL chat at: https://gitter.im/AlmasB/FXGL
15:54:55.518 [JavaFX Application Thread] DEBUG PrimaryStageWindow   - Creating a JavaFX scene
15:54:55.599 [JavaFX Application Thread] DEBUG PrimaryStageWindow   - Target settings size: 800.0 x 600.0
15:54:55.599 [JavaFX Application Thread] DEBUG PrimaryStageWindow   - Scaled scene size:    800.0 x 600.0
15:54:55.600 [JavaFX Application Thread] DEBUG PrimaryStageWindow   - Scaled ratio: (1.0, 1.0)
15:54:55.601 [JavaFX Application Thread] DEBUG PrimaryStageWindow   - Set initial scene to FXGLStartupScene
15:54:55.604 [JavaFX Application Thread] DEBUG PrimaryStageWindow   - Opening main window
15:54:55.645 [JavaFX Application Thread] DEBUG PrimaryStageWindow   - Window border size: (0.0, 0.55816650390625)
15:54:55.646 [JavaFX Application Thread] DEBUG PrimaryStageWindow   - Scaled size: 800.0 x 600.0
15:54:55.646 [JavaFX Application Thread] DEBUG PrimaryStageWindow   - Scaled ratio: (1.0, 1.0)
15:54:55.646 [JavaFX Application Thread] DEBUG PrimaryStageWindow   - Scene size: 800.0 x 600.0
15:54:55.646 [JavaFX Application Thread] DEBUG PrimaryStageWindow   - Stage size: 800.0 x 600.5581665039062
15:54:55.653 [FXGL Background Thread 1 ] DEBUG Engine               - Initializing environment variables
15:54:55.727 [FXGL Background Thread 1 ] DEBUG FXGLAssetLoaderServi - User app class for loading assets: class com.legasov.metegol.Metegol
15:54:55.727 [FXGL Background Thread 1 ] DEBUG GameApplicationServi - Applying CSS: fxgl_dark.css
15:54:55.730 [FXGL Background Thread 1 ] DEBUG FXGLAssetLoaderServi - Loading from file system: jar:file:/home/legasov/.m2/repository/com/github/almasb/fxgl/21/fxgl-21.jar!/fxglassets/ui/css/fxgl_dark.css
15:54:55.869 [FXGL Background Thread 1 ] DEBUG GameApplicationServi - Initializing application scenes
15:54:55.965 [FXGL Background Thread 1 ] DEBUG GameWorld            - Game world initialized
15:54:56.023 [FXGL Background Thread 1 ] DEBUG PhysicsWorld         - Physics world initialized: appHeight=600, physics.ppm=50.0
15:54:56.023 [FXGL Background Thread 1 ] DEBUG PhysicsWorld         - Using strategy: BRUTE_FORCE
15:54:56.027 [FXGL Background Thread 1 ] DEBUG GameScene            - Game scene initialized: 800x600
15:54:56.036 [FXGL Background Thread 1 ] DEBUG FXGL.DefaultMenu     - createMenuBodyGameMenu()
15:54:56.053 [FXGL Background Thread 1 ] DEBUG FXGL.DefaultMenu     - createOptionsMenu()
15:54:56.063 [FXGL Background Thread 1 ] DEBUG FXGLAssetLoaderServi - Loading from file system: jar:file:/home/legasov/.m2/repository/com/github/almasb/fxgl/21/fxgl-21.jar!/fxglassets/textures/particles/smoke.png
15:54:56.150 [FXGL Background Thread 1 ] DEBUG FXGLAssetLoaderServi - Loading from file system: jar:file:/home/legasov/.m2/repository/com/github/almasb/fxgl/21/fxgl-21.jar!/fxglassets/textures/particles/trace_horizontal.png
15:54:56.172 [FXGL Background Thread 1 ] DEBUG GameApplicationServi - Application scenes initialized
15:54:56.187 [FXGL Background Thread 1 ] DEBUG SystemBundleService  - Loading default FXGL system data
15:54:56.187 [FXGL Background Thread 1 ] DEBUG UpdaterService       - Checking for updates
15:54:56.193 [FXGL Background Thread 1 ] DEBUG FXGLApplication      - Loading default localization
15:54:56.194 [FXGL Background Thread 4 ] DEBUG FXGLApplication      - Loading fonts
15:54:56.194 [FXGL Background Thread 1 ] DEBUG FXGLAssetLoaderServi - Loading from file system: jar:file:/home/legasov/.m2/repository/com/github/almasb/fxgl/21/fxgl-21.jar!/fxglassets/languages/english.lang
15:54:56.206 [FXGL Background Thread 4 ] DEBUG FXGLAssetLoaderServi - Loading from file system: jar:file:/home/legasov/.m2/repository/com/github/almasb/fxgl/21/fxgl-21.jar!/fxglassets/ui/fonts/Abel-Regular.ttf
15:54:56.210 [FXGL Background Thread 4 ] DEBUG FXGLAssetLoaderServi - Loading from file system: jar:file:/home/legasov/.m2/repository/com/github/almasb/fxgl/21/fxgl-21.jar!/fxglassets/ui/fonts/TerminalLandMono-Regular.otf
15:54:56.211 [FXGL Background Thread 4 ] DEBUG FXGLAssetLoaderServi - Loading from file system: jar:file:/home/legasov/.m2/repository/com/github/almasb/fxgl/21/fxgl-21.jar!/fxglassets/ui/fonts/Courier-Prime.ttf
15:54:56.215 [JavaFX Application Thread] DEBUG FXGLApplication      - Registering font factories with UI factory
15:54:56.223 [FXGL Background Thread 1 ] INFO  FXGLApplication      - FXGL initialization took: 0.570 sec
15:54:56.230 [JavaFX Application Thread] DEBUG Input                - Registered new binding: action0 - LMB
15:54:56.230 [JavaFX Application Thread] DEBUG FXGLAssetLoaderServi - Loading from file system: jar:file:/home/legasov/.m2/repository/com/github/almasb/fxgl/21/fxgl-21.jar!/fxglassets/textures/fxgl_icon.png
15:54:56.252 [JavaFX Application Thread] DEBUG FXGLAssetLoaderServi - Loading from file system: jar:file:/home/legasov/.m2/repository/com/github/almasb/fxgl/21/fxgl-21.jar!/fxglassets/textures/fxgl_default_cursor.png
15:54:56.262 [JavaFX Application Thread] DEBUG Input                - Registered new binding: Screenshot - CTRL+8
15:54:56.263 [JavaFX Application Thread] DEBUG Input                - Registered new binding: System info dump - CTRL+9
15:54:56.263 [JavaFX Application Thread] DEBUG Input                - Registered new binding: Restart - CTRL+R
15:54:56.264 [JavaFX Application Thread] DEBUG Input                - Registered new binding: Toggle Debug Camera - CTRL+7
15:54:56.266 [JavaFX Application Thread] DEBUG LoopRunner           - Starting loop
15:54:56.266 [JavaFX Application Thread] DEBUG LoopRunner           - Initializing JavaFX AnimationTimerLoop
15:54:56.268 [JavaFX Application Thread] DEBUG GameApplicationServi - Starting new game
15:54:56.268 [JavaFX Application Thread] DEBUG Input                - Clearing active input actions
15:54:56.284 [JavaFX Application Thread] DEBUG GameApplicationServi - Removing overlay from FXGLStartupScene and adding to FXGLLoadingScene
15:54:56.285 [JavaFX Application Thread] DEBUG PrimaryStageWindow   - FXGLStartupScene -> FXGLLoadingScene
15:54:56.286 [JavaFX Application Thread] DEBUG GameApplicationServi - Clearing previous game
15:54:56.286 [JavaFX Application Thread] DEBUG GameScene            - Clearing game scene
15:54:56.286 [JavaFX Application Thread] DEBUG GameWorld            - Clearing game world
15:54:56.287 [JavaFX Application Thread] DEBUG PhysicsWorld         - Clearing physics world
15:54:56.292 [FXGL Background Thread 1 ] DEBUG FXGLApplication      - Initializing game
15:54:56.304 [FXGL Background Thread 1 ] INFO  FXGLApplication      - Game initialization took: 0.012 sec
15:54:56.545 [JavaFX Application Thread] DEBUG Input                - Clearing active input actions
15:54:56.555 [JavaFX Application Thread] DEBUG GameApplicationServi - Removing overlay from FXGLLoadingScene and adding to GameScene
15:54:56.556 [JavaFX Application Thread] DEBUG PrimaryStageWindow   - FXGLLoadingScene -> GameScene
15:54:57.584 [FXGL Background Thread 2 ] INFO  UpdaterService       - Your current version:  21
15:54:57.584 [FXGL Background Thread 2 ] INFO  UpdaterService       - Latest stable version: 25
15:54:59.190 [FXGL Background Thread 3 ] DEBUG Engine               - Logging environment variables
15:54:59.190 [FXGL Background Thread 3 ] DEBUG Engine               - achievements: []
15:54:59.191 [FXGL Background Thread 3 ] DEBUG Engine               - actualHeight: 600.0
15:54:59.191 [FXGL Background Thread 3 ] DEBUG Engine               - actualHeightProperty: ReadOnlyDoubleProperty [value: 627.5348510742188]
15:54:59.191 [FXGL Background Thread 3 ] DEBUG Engine               - actualWidth: 800.0
15:54:59.191 [FXGL Background Thread 3 ] DEBUG Engine               - actualWidthProperty: ReadOnlyDoubleProperty [value: 800.0]
15:54:59.191 [FXGL Background Thread 3 ] DEBUG Engine               - appIcon: fxgl_icon.png
15:54:59.191 [FXGL Background Thread 3 ] DEBUG Engine               - applicationMode: DEVELOPER
15:54:59.191 [FXGL Background Thread 3 ] DEBUG Engine               - cSSList: [fxgl_dark.css]
15:54:59.191 [FXGL Background Thread 3 ] DEBUG Engine               - collisionDetectionStrategy: BRUTE_FORCE
15:54:59.191 [FXGL Background Thread 3 ] DEBUG Engine               - configClass: Optional.empty
15:54:59.191 [FXGL Background Thread 3 ] DEBUG Engine               - credits: []
15:54:59.191 [FXGL Background Thread 3 ] DEBUG Engine               - defaultCursor: CursorInfo(imageName=fxgl_default_cursor.png, hotspotX=7.0, hotspotY=6.0)
15:54:59.192 [FXGL Background Thread 3 ] DEBUG Engine               - devBBoxColorProperty: ObjectProperty [value: 0xff0000ff]
15:54:59.192 [FXGL Background Thread 3 ] DEBUG Engine               - devEnableDebugCameraProperty: BooleanProperty [value: false]
15:54:59.192 [FXGL Background Thread 3 ] DEBUG Engine               - devSensorColorProperty: ObjectProperty [value: 0xffff00ff]
15:54:59.192 [FXGL Background Thread 3 ] DEBUG Engine               - devShowBBoxProperty: BooleanProperty [value: false]
15:54:59.192 [FXGL Background Thread 3 ] DEBUG Engine               - devShowPositionProperty: BooleanProperty [value: false]
15:54:59.192 [FXGL Background Thread 3 ] DEBUG Engine               - enabledMenuItems: []
15:54:59.192 [FXGL Background Thread 3 ] DEBUG Engine               - engineServices: [class com.almasb.fxgl.app.services.FXGLAssetLoaderService, class com.almasb.fxgl.app.FXGLApplication$GameApplicationService, class com.almasb.fxgl.app.services.FXGLDialogService, class com.almasb.fxgl.app.services.IOTaskExecutorService, class com.almasb.fxgl.io.FileSystemService, class com.almasb.fxgl.localization.LocalizationService, class com.almasb.fxgl.app.services.SystemBundleService, class com.almasb.fxgl.profile.SaveLoadService, class com.almasb.fxgl.ui.FXGLUIFactoryServiceProvider, class com.almasb.fxgl.ui.FXGLDialogFactoryServiceProvider, class com.almasb.fxgl.audio.AudioPlayer, class com.almasb.fxgl.notification.impl.NotificationServiceProvider, class com.almasb.fxgl.achievement.AchievementService, class com.almasb.fxgl.cutscene.CutsceneService, class com.almasb.fxgl.minigames.MiniGameService, class com.almasb.fxgl.net.NetService, class com.almasb.fxgl.app.services.UpdaterService, class com.almasb.fxgl.dev.DevService]
15:54:59.192 [FXGL Background Thread 3 ] DEBUG Engine               - fontGame: Abel-Regular.ttf
15:54:59.192 [FXGL Background Thread 3 ] DEBUG Engine               - fontMono: TerminalLandMono-Regular.otf
15:54:59.192 [FXGL Background Thread 3 ] DEBUG Engine               - fontSizeScaleUI: 1.0
15:54:59.192 [FXGL Background Thread 3 ] DEBUG Engine               - fontText: Courier-Prime.ttf
15:54:59.192 [FXGL Background Thread 3 ] DEBUG Engine               - fontUI: VarelaRound-Regular.ttf
15:54:59.192 [FXGL Background Thread 3 ] DEBUG Engine               - fullScreen: BooleanProperty [value: false]
15:54:59.192 [FXGL Background Thread 3 ] DEBUG Engine               - gameDifficulty: MEDIUM
15:54:59.193 [FXGL Background Thread 3 ] DEBUG Engine               - gameDifficultyProperty: ObjectProperty [value: MEDIUM]
15:54:59.193 [FXGL Background Thread 3 ] DEBUG Engine               - globalMusicVolume: 0.5
15:54:59.193 [FXGL Background Thread 3 ] DEBUG Engine               - globalMusicVolumeProperty: DoubleProperty [value: 0.5]
15:54:59.193 [FXGL Background Thread 3 ] DEBUG Engine               - globalSoundVolume: 0.5
15:54:59.193 [FXGL Background Thread 3 ] DEBUG Engine               - globalSoundVolumeProperty: DoubleProperty [value: 0.5]
15:54:59.193 [FXGL Background Thread 3 ] DEBUG Engine               - height: 600
15:54:59.193 [FXGL Background Thread 3 ] DEBUG Engine               - is3D: false
15:54:59.193 [FXGL Background Thread 3 ] DEBUG Engine               - isAndroid: false
15:54:59.193 [FXGL Background Thread 3 ] DEBUG Engine               - isBrowser: false
15:54:59.193 [FXGL Background Thread 3 ] DEBUG Engine               - isClickFeedbackEnabled: false
15:54:59.193 [FXGL Background Thread 3 ] DEBUG Engine               - isCloseConfirmation: false
15:54:59.193 [FXGL Background Thread 3 ] DEBUG Engine               - isDesktop: true
15:54:59.193 [FXGL Background Thread 3 ] DEBUG Engine               - isDeveloperMenuEnabled: false
15:54:59.193 [FXGL Background Thread 3 ] DEBUG Engine               - isEmbedded: false
15:54:59.193 [FXGL Background Thread 3 ] DEBUG Engine               - isEntityPreloadEnabled: true
15:54:59.193 [FXGL Background Thread 3 ] DEBUG Engine               - isExperimentalTiledLargeMap: false
15:54:59.194 [FXGL Background Thread 3 ] DEBUG Engine               - isFileSystemWriteAllowed: true
15:54:59.194 [FXGL Background Thread 3 ] DEBUG Engine               - isFullScreenAllowed: false
15:54:59.194 [FXGL Background Thread 3 ] DEBUG Engine               - isFullScreenFromStart: false
15:54:59.194 [FXGL Background Thread 3 ] DEBUG Engine               - isGameMenuEnabled: true
15:54:59.194 [FXGL Background Thread 3 ] DEBUG Engine               - isIOS: false
15:54:59.194 [FXGL Background Thread 3 ] DEBUG Engine               - isIntroEnabled: false
15:54:59.194 [FXGL Background Thread 3 ] DEBUG Engine               - isLinux: true
15:54:59.194 [FXGL Background Thread 3 ] DEBUG Engine               - isMac: false
15:54:59.194 [FXGL Background Thread 3 ] DEBUG Engine               - isMainMenuEnabled: false
15:54:59.194 [FXGL Background Thread 3 ] DEBUG Engine               - isManualResizeEnabled: false
15:54:59.194 [FXGL Background Thread 3 ] DEBUG Engine               - isMobile: false
15:54:59.194 [FXGL Background Thread 3 ] DEBUG Engine               - isNative: false
15:54:59.194 [FXGL Background Thread 3 ] DEBUG Engine               - isPauseMusicWhenMinimized: true
15:54:59.194 [FXGL Background Thread 3 ] DEBUG Engine               - isPreserveResizeRatio: false
15:54:59.194 [FXGL Background Thread 3 ] DEBUG Engine               - isProfilingEnabled: false
15:54:59.194 [FXGL Background Thread 3 ] DEBUG Engine               - isScaleAffectedOnResize: true
15:54:59.194 [FXGL Background Thread 3 ] DEBUG Engine               - isSingleStep: false
15:54:59.194 [FXGL Background Thread 3 ] DEBUG Engine               - isUserProfileEnabled: false
15:54:59.195 [FXGL Background Thread 3 ] DEBUG Engine               - isWindows: false
15:54:59.195 [FXGL Background Thread 3 ] DEBUG Engine               - language: ObjectProperty [value: ENGLISH]
15:54:59.195 [FXGL Background Thread 3 ] DEBUG Engine               - menuKey: ESCAPE
15:54:59.195 [FXGL Background Thread 3 ] DEBUG Engine               - mouseSensitivity: 0.2
15:54:59.195 [FXGL Background Thread 3 ] DEBUG Engine               - notificationViewClass: class com.almasb.fxgl.notification.view.XboxNotificationView
15:54:59.195 [FXGL Background Thread 3 ] DEBUG Engine               - pixelsPerMeter: 50.0
15:54:59.195 [FXGL Background Thread 3 ] DEBUG Engine               - platform: LINUX
15:54:59.195 [FXGL Background Thread 3 ] DEBUG Engine               - prefHeightProperty: ReadOnlyDoubleProperty [value: 600.0]
15:54:59.195 [FXGL Background Thread 3 ] DEBUG Engine               - prefWidthProperty: ReadOnlyDoubleProperty [value: 800.0]
15:54:59.195 [FXGL Background Thread 3 ] DEBUG Engine               - profileDir: profiles/
15:54:59.195 [FXGL Background Thread 3 ] DEBUG Engine               - profileName: StringProperty [value: DEFAULT]
15:54:59.195 [FXGL Background Thread 3 ] DEBUG Engine               - randomSeed: -1
15:54:59.195 [FXGL Background Thread 3 ] DEBUG Engine               - runtimeInfo: RuntimeInfo(platform=LINUX, version=21, build=28.12.2023 13.35)
15:54:59.195 [FXGL Background Thread 3 ] DEBUG Engine               - saveFileExt: sav
15:54:59.196 [FXGL Background Thread 3 ] DEBUG Engine               - scaledHeightProp$fxgl: DoubleProperty [bound, value: 627.5348510742188]
15:54:59.196 [FXGL Background Thread 3 ] DEBUG Engine               - scaledWidthProp$fxgl: DoubleProperty [bound, value: 800.0]
15:54:59.196 [FXGL Background Thread 3 ] DEBUG Engine               - sceneFactory: com.almasb.fxgl.app.scene.SceneFactory@58fec6a9
15:54:59.196 [FXGL Background Thread 3 ] DEBUG Engine               - secondsIn24h: 60
15:54:59.196 [FXGL Background Thread 3 ] DEBUG Engine               - soundMenuBack: menu/back.wav
15:54:59.196 [FXGL Background Thread 3 ] DEBUG Engine               - soundMenuPress: menu/press.wav
15:54:59.196 [FXGL Background Thread 3 ] DEBUG Engine               - soundMenuSelect: menu/select.wav
15:54:59.196 [FXGL Background Thread 3 ] DEBUG Engine               - soundNotification: core/notification.wav
15:54:59.196 [FXGL Background Thread 3 ] DEBUG Engine               - stageStyle: DECORATED
15:54:59.196 [FXGL Background Thread 3 ] DEBUG Engine               - supportedLanguages: [ENGLISH, FRENCH, GERMAN, HUNGARIAN, RUSSIAN]
15:54:59.196 [FXGL Background Thread 3 ] DEBUG Engine               - ticksPerSecond: -1
15:54:59.196 [FXGL Background Thread 3 ] DEBUG Engine               - title: Champs 2026 - Prueba de Motor FXGL
15:54:59.196 [FXGL Background Thread 3 ] DEBUG Engine               - urlGithub: https://github.com/AlmasB/FXGL
15:54:59.196 [FXGL Background Thread 3 ] DEBUG Engine               - urlLeaderboard: http://fxgl-top.herokuapp.com/
15:54:59.196 [FXGL Background Thread 3 ] DEBUG Engine               - urlPOM: https://raw.githubusercontent.com/AlmasB/FXGL/release/README.md
15:54:59.196 [FXGL Background Thread 3 ] DEBUG Engine               - userAppClass: class com.legasov.metegol.Metegol
15:54:59.196 [FXGL Background Thread 3 ] DEBUG Engine               - version: 0.1
15:54:59.196 [FXGL Background Thread 3 ] DEBUG Engine               - versionCheckDays: 7
15:54:59.196 [FXGL Background Thread 3 ] DEBUG Engine               - width: 800
15:54:59.197 [FXGL Background Thread 3 ] DEBUG Engine               - Logging services
15:54:59.197 [FXGL Background Thread 3 ] DEBUG Engine               - class com.almasb.fxgl.app.services.FXGLAssetLoaderService
15:54:59.197 [FXGL Background Thread 3 ] DEBUG Engine               - class com.almasb.fxgl.app.FXGLApplication$GameApplicationService
15:54:59.197 [FXGL Background Thread 3 ] DEBUG Engine               - class com.almasb.fxgl.app.services.FXGLDialogService
15:54:59.197 [FXGL Background Thread 3 ] DEBUG Engine               - class com.almasb.fxgl.app.services.IOTaskExecutorService
15:54:59.197 [FXGL Background Thread 3 ] DEBUG Engine               - class com.almasb.fxgl.io.FileSystemService
15:54:59.197 [FXGL Background Thread 3 ] DEBUG Engine               - class com.almasb.fxgl.localization.LocalizationService
15:54:59.197 [FXGL Background Thread 3 ] DEBUG Engine               - class com.almasb.fxgl.app.services.SystemBundleService
15:54:59.197 [FXGL Background Thread 3 ] DEBUG Engine               - class com.almasb.fxgl.profile.SaveLoadService
15:54:59.197 [FXGL Background Thread 3 ] DEBUG Engine               - class com.almasb.fxgl.ui.FXGLUIFactoryServiceProvider
15:54:59.197 [FXGL Background Thread 3 ] DEBUG Engine               - class com.almasb.fxgl.ui.FXGLDialogFactoryServiceProvider
15:54:59.197 [FXGL Background Thread 3 ] DEBUG Engine               - class com.almasb.fxgl.audio.AudioPlayer
15:54:59.197 [FXGL Background Thread 3 ] DEBUG Engine               - class com.almasb.fxgl.notification.impl.NotificationServiceProvider
15:54:59.197 [FXGL Background Thread 3 ] DEBUG Engine               - class com.almasb.fxgl.achievement.AchievementService
15:54:59.197 [FXGL Background Thread 3 ] DEBUG Engine               - class com.almasb.fxgl.cutscene.CutsceneService
15:54:59.197 [FXGL Background Thread 3 ] DEBUG Engine               - class com.almasb.fxgl.minigames.MiniGameService
15:54:59.197 [FXGL Background Thread 3 ] DEBUG Engine               - class com.almasb.fxgl.net.NetService
15:54:59.197 [FXGL Background Thread 3 ] DEBUG Engine               - class com.almasb.fxgl.app.services.UpdaterService
15:54:59.197 [FXGL Background Thread 3 ] DEBUG Engine               - class com.almasb.fxgl.dev.DevService
15:55:33.351 [JavaFX Application Thread] DEBUG FXGLApplication      - Exiting FXGL
15:55:33.352 [JavaFX Application Thread] DEBUG LoopRunner           - Stopping loop
15:55:33.353 [JavaFX Application Thread] DEBUG SystemBundleService  - Saving FXGL system data
15:55:33.360 [JavaFX Application Thread] DEBUG FileSystemAccess     - Writing to: /home/legasov/NetBeansProjects/Metegol/system/fxgl.bundle
15:55:33.371 [JavaFX Application Thread] DEBUG Async                - Shutting down background threads
15:55:33.371 [JavaFX Application Thread] DEBUG PrimaryStageWindow   - Closing main window
15:55:33.375 [JavaFX Application Thread] DEBUG Logger               - Closing Logger
