03:42:10.250 [main                     ] DEBUG Logger               - Configured Logger
03:42:10.259 [main                     ] DEBUG GameApplication      - Logging settings
Title: Metegol - Champs 2026
Version: 0.0
Width: 1280
Height: 720
Fullscreen: false
Intro: false
Profiling: false
Single step:false
App Mode: DEVELOPER
Menu Key: ESCAPE
Stage Style: DECORATED
Scene Factory: class com.almasb.fxgl.app.scene.SceneFactory

03:42:10.535 [JavaFX Application Thread] DEBUG FXGLApplication      - Initializing FXGL
03:42:10.538 [JavaFX Application Thread] INFO  Engine               - FXGL-21 (28.12.2023 13.35) on LINUX (J:25.0.3 FX:26)
03:42:10.538 [JavaFX Application Thread] DEBUG Engine               - JRE Vendor Name: Flathub
03:42:10.538 [JavaFX Application Thread] DEBUG Engine               - Running on OS: Linux version 7.1.3-201.fc44.x86_64
03:42:10.538 [JavaFX Application Thread] DEBUG Engine               - Architecture: amd64
03:42:10.538 [JavaFX Application Thread] INFO  Engine               - Source code and latest versions at: https://github.com/AlmasB/FXGL
03:42:10.538 [JavaFX Application Thread] INFO  Engine               -       Ask questions and discuss at: https://github.com/AlmasB/FXGL/discussions
03:42:10.538 [JavaFX Application Thread] INFO  Engine               -              Join the FXGL chat at: https://gitter.im/AlmasB/FXGL
03:42:10.608 [JavaFX Application Thread] DEBUG PrimaryStageWindow   - Creating a JavaFX scene
03:42:10.694 [JavaFX Application Thread] DEBUG PrimaryStageWindow   - Target settings size: 1280.0 x 720.0
03:42:10.694 [JavaFX Application Thread] DEBUG PrimaryStageWindow   - Scaled scene size:    1280.0 x 720.0
03:42:10.694 [JavaFX Application Thread] DEBUG PrimaryStageWindow   - Scaled ratio: (1.0, 1.0)
03:42:10.698 [JavaFX Application Thread] DEBUG PrimaryStageWindow   - Set initial scene to FXGLStartupScene
03:42:10.703 [JavaFX Application Thread] DEBUG PrimaryStageWindow   - Opening main window
03:42:10.792 [JavaFX Application Thread] DEBUG PrimaryStageWindow   - Window border size: (0.0, 35.0)
03:42:10.793 [JavaFX Application Thread] DEBUG PrimaryStageWindow   - Scaled size: 1280.0 x 685.3720703125
03:42:10.794 [JavaFX Application Thread] DEBUG PrimaryStageWindow   - Scaled ratio: (1.0, 0.9519056532118055)
03:42:10.794 [JavaFX Application Thread] DEBUG PrimaryStageWindow   - Scene size: 1280.0 x 720.0
03:42:10.794 [JavaFX Application Thread] DEBUG PrimaryStageWindow   - Stage size: 1280.0 x 720.3720703125
03:42:10.815 [FXGL Background Thread 1 ] DEBUG Engine               - Initializing environment variables
03:42:10.956 [FXGL Background Thread 1 ] DEBUG FXGLAssetLoaderServi - User app class for loading assets: class Metegol.Metegol
03:42:10.956 [FXGL Background Thread 1 ] DEBUG GameApplicationServi - Applying CSS: fxgl_dark.css
03:42:10.958 [FXGL Background Thread 1 ] DEBUG FXGLAssetLoaderServi - Loading from file system: jar:file:/home/legasov/.m2/repository/com/github/almasb/fxgl/21/fxgl-21.jar!/fxglassets/ui/css/fxgl_dark.css
03:42:11.063 [FXGL Background Thread 1 ] DEBUG GameApplicationServi - Initializing application scenes
03:42:11.175 [FXGL Background Thread 1 ] DEBUG GameWorld            - Game world initialized
03:42:11.275 [FXGL Background Thread 1 ] DEBUG PhysicsWorld         - Physics world initialized: appHeight=720, physics.ppm=50.0
03:42:11.275 [FXGL Background Thread 1 ] DEBUG PhysicsWorld         - Using strategy: BRUTE_FORCE
03:42:11.287 [FXGL Background Thread 1 ] DEBUG GameScene            - Game scene initialized: 1280x720
03:42:11.305 [FXGL Background Thread 1 ] DEBUG FXGL.DefaultMenu     - createMenuBodyGameMenu()
03:42:11.334 [FXGL Background Thread 1 ] DEBUG FXGL.DefaultMenu     - createOptionsMenu()
03:42:11.372 [FXGL Background Thread 1 ] DEBUG FXGLAssetLoaderServi - Loading from file system: jar:file:/home/legasov/.m2/repository/com/github/almasb/fxgl/21/fxgl-21.jar!/fxglassets/textures/particles/smoke.png
03:42:11.551 [FXGL Background Thread 1 ] DEBUG FXGLAssetLoaderServi - Loading from file system: jar:file:/home/legasov/.m2/repository/com/github/almasb/fxgl/21/fxgl-21.jar!/fxglassets/textures/particles/trace_horizontal.png
03:42:11.586 [FXGL Background Thread 1 ] DEBUG GameApplicationServi - Application scenes initialized
03:42:11.599 [FXGL Background Thread 1 ] DEBUG SystemBundleService  - Loading FXGL system data
03:42:11.604 [FXGL Background Thread 1 ] DEBUG FileSystemAccess     - Reading from: /home/legasov/NetBeansProjects/Metegol/system/fxgl.bundle
03:42:11.613 [FXGL Background Thread 1 ] DEBUG SystemBundleService  - Bundle FXGL: {}
03:42:11.613 [FXGL Background Thread 1 ] DEBUG UpdaterService       - Checking for updates
03:42:11.618 [FXGL Background Thread 4 ] DEBUG FXGLApplication      - Loading fonts
03:42:11.618 [FXGL Background Thread 4 ] DEBUG FXGLAssetLoaderServi - Loading from file system: jar:file:/home/legasov/.m2/repository/com/github/almasb/fxgl/21/fxgl-21.jar!/fxglassets/ui/fonts/VarelaRound-Regular.ttf
03:42:11.619 [FXGL Background Thread 1 ] DEBUG FXGLApplication      - Loading default localization
03:42:11.620 [FXGL Background Thread 1 ] DEBUG FXGLAssetLoaderServi - Loading from file system: jar:file:/home/legasov/.m2/repository/com/github/almasb/fxgl/21/fxgl-21.jar!/fxglassets/languages/english.lang
03:42:11.630 [FXGL Background Thread 4 ] DEBUG FXGLAssetLoaderServi - Loading from file system: jar:file:/home/legasov/.m2/repository/com/github/almasb/fxgl/21/fxgl-21.jar!/fxglassets/ui/fonts/Abel-Regular.ttf
03:42:11.634 [FXGL Background Thread 4 ] DEBUG FXGLAssetLoaderServi - Loading from file system: jar:file:/home/legasov/.m2/repository/com/github/almasb/fxgl/21/fxgl-21.jar!/fxglassets/ui/fonts/TerminalLandMono-Regular.otf
03:42:11.636 [FXGL Background Thread 4 ] DEBUG FXGLAssetLoaderServi - Loading from file system: jar:file:/home/legasov/.m2/repository/com/github/almasb/fxgl/21/fxgl-21.jar!/fxglassets/ui/fonts/Courier-Prime.ttf
03:42:11.638 [FXGL Background Thread 1 ] INFO  FXGLApplication      - FXGL initialization took: 0.823 sec
03:42:11.643 [JavaFX Application Thread] DEBUG Input                - Registered new binding: action0 - LMB
03:42:11.643 [JavaFX Application Thread] DEBUG FXGLAssetLoaderServi - Loading from file system: jar:file:/home/legasov/.m2/repository/com/github/almasb/fxgl/21/fxgl-21.jar!/fxglassets/textures/fxgl_icon.png
03:42:11.675 [JavaFX Application Thread] DEBUG FXGLAssetLoaderServi - Loading from file system: jar:file:/home/legasov/.m2/repository/com/github/almasb/fxgl/21/fxgl-21.jar!/fxglassets/textures/fxgl_default_cursor.png
03:42:11.687 [JavaFX Application Thread] DEBUG Input                - Registered new binding: Screenshot - CTRL+8
03:42:11.689 [JavaFX Application Thread] DEBUG Input                - Registered new binding: System info dump - CTRL+9
03:42:11.689 [JavaFX Application Thread] DEBUG Input                - Registered new binding: Restart - CTRL+R
03:42:11.690 [JavaFX Application Thread] DEBUG Input                - Registered new binding: Toggle Debug Camera - CTRL+7
03:42:11.695 [JavaFX Application Thread] DEBUG LoopRunner           - Starting loop
03:42:11.695 [JavaFX Application Thread] DEBUG LoopRunner           - Initializing JavaFX AnimationTimerLoop
03:42:11.700 [JavaFX Application Thread] DEBUG GameApplicationServi - Starting new game
03:42:11.701 [JavaFX Application Thread] DEBUG Input                - Clearing active input actions
03:42:11.716 [JavaFX Application Thread] DEBUG GameApplicationServi - Removing overlay from FXGLStartupScene and adding to FXGLLoadingScene
03:42:11.716 [JavaFX Application Thread] DEBUG PrimaryStageWindow   - FXGLStartupScene -> FXGLLoadingScene
03:42:11.717 [JavaFX Application Thread] DEBUG GameApplicationServi - Clearing previous game
03:42:11.717 [JavaFX Application Thread] DEBUG GameScene            - Clearing game scene
03:42:11.717 [JavaFX Application Thread] DEBUG GameWorld            - Clearing game world
03:42:11.717 [JavaFX Application Thread] DEBUG PhysicsWorld         - Clearing physics world
03:42:11.718 [FXGL Background Thread 4 ] DEBUG FXGLApplication      - Initializing game
03:42:11.724 [JavaFX Application Thread] DEBUG FXGLApplication      - Registering font factories with UI factory
03:42:11.729 [FXGL Background Thread 4 ] DEBUG FXGLAssetLoaderServi - Loading from file system: file:/home/legasov/NetBeansProjects/Metegol/target/classes/assets/textures/fondoMenu.png
03:42:11.833 [FXGL Background Thread 4 ] INFO  FXGLApplication      - Game initialization took: 0.115 sec
03:42:11.959 [JavaFX Application Thread] DEBUG Input                - Clearing active input actions
03:42:11.975 [JavaFX Application Thread] DEBUG GameApplicationServi - Removing overlay from FXGLLoadingScene and adding to GameScene
03:42:11.976 [JavaFX Application Thread] DEBUG PrimaryStageWindow   - FXGLLoadingScene -> GameScene
03:42:12.893 [FXGL Background Thread 2 ] INFO  UpdaterService       - Your current version:  21
03:42:12.894 [FXGL Background Thread 2 ] INFO  UpdaterService       - Latest stable version: 25
03:42:14.616 [FXGL Background Thread 3 ] DEBUG Engine               - Logging environment variables
03:42:14.617 [FXGL Background Thread 3 ] DEBUG Engine               - achievements: []
03:42:14.617 [FXGL Background Thread 3 ] DEBUG Engine               - actualHeight: 685.3720703125
03:42:14.618 [FXGL Background Thread 3 ] DEBUG Engine               - actualHeightProperty: ReadOnlyDoubleProperty [value: 711.4185791015625]
03:42:14.618 [FXGL Background Thread 3 ] DEBUG Engine               - actualWidth: 1280.0
03:42:14.618 [FXGL Background Thread 3 ] DEBUG Engine               - actualWidthProperty: ReadOnlyDoubleProperty [value: 1280.0]
03:42:14.618 [FXGL Background Thread 3 ] DEBUG Engine               - appIcon: fxgl_icon.png
03:42:14.619 [FXGL Background Thread 3 ] DEBUG Engine               - applicationMode: DEVELOPER
03:42:14.619 [FXGL Background Thread 3 ] DEBUG Engine               - cSSList: [fxgl_dark.css]
03:42:14.619 [FXGL Background Thread 3 ] DEBUG Engine               - collisionDetectionStrategy: BRUTE_FORCE
03:42:14.619 [FXGL Background Thread 3 ] DEBUG Engine               - configClass: Optional.empty
03:42:14.619 [FXGL Background Thread 3 ] DEBUG Engine               - credits: []
03:42:14.620 [FXGL Background Thread 3 ] DEBUG Engine               - defaultCursor: CursorInfo(imageName=fxgl_default_cursor.png, hotspotX=7.0, hotspotY=6.0)
03:42:14.621 [FXGL Background Thread 3 ] DEBUG Engine               - devBBoxColorProperty: ObjectProperty [value: 0xff0000ff]
03:42:14.621 [FXGL Background Thread 3 ] DEBUG Engine               - devEnableDebugCameraProperty: BooleanProperty [value: false]
03:42:14.621 [FXGL Background Thread 3 ] DEBUG Engine               - devSensorColorProperty: ObjectProperty [value: 0xffff00ff]
03:42:14.621 [FXGL Background Thread 3 ] DEBUG Engine               - devShowBBoxProperty: BooleanProperty [value: false]
03:42:14.622 [FXGL Background Thread 3 ] DEBUG Engine               - devShowPositionProperty: BooleanProperty [value: false]
03:42:14.622 [FXGL Background Thread 3 ] DEBUG Engine               - enabledMenuItems: []
03:42:14.622 [FXGL Background Thread 3 ] DEBUG Engine               - engineServices: [class com.almasb.fxgl.app.services.FXGLAssetLoaderService, class com.almasb.fxgl.app.FXGLApplication$GameApplicationService, class com.almasb.fxgl.app.services.FXGLDialogService, class com.almasb.fxgl.app.services.IOTaskExecutorService, class com.almasb.fxgl.io.FileSystemService, class com.almasb.fxgl.localization.LocalizationService, class com.almasb.fxgl.app.services.SystemBundleService, class com.almasb.fxgl.profile.SaveLoadService, class com.almasb.fxgl.ui.FXGLUIFactoryServiceProvider, class com.almasb.fxgl.ui.FXGLDialogFactoryServiceProvider, class com.almasb.fxgl.audio.AudioPlayer, class com.almasb.fxgl.notification.impl.NotificationServiceProvider, class com.almasb.fxgl.achievement.AchievementService, class com.almasb.fxgl.cutscene.CutsceneService, class com.almasb.fxgl.minigames.MiniGameService, class com.almasb.fxgl.net.NetService, class com.almasb.fxgl.app.services.UpdaterService, class com.almasb.fxgl.dev.DevService]
03:42:14.622 [FXGL Background Thread 3 ] DEBUG Engine               - fontGame: Abel-Regular.ttf
03:42:14.622 [FXGL Background Thread 3 ] DEBUG Engine               - fontMono: TerminalLandMono-Regular.otf
03:42:14.623 [FXGL Background Thread 3 ] DEBUG Engine               - fontSizeScaleUI: 1.0
03:42:14.623 [FXGL Background Thread 3 ] DEBUG Engine               - fontText: Courier-Prime.ttf
03:42:14.623 [FXGL Background Thread 3 ] DEBUG Engine               - fontUI: VarelaRound-Regular.ttf
03:42:14.623 [FXGL Background Thread 3 ] DEBUG Engine               - fullScreen: BooleanProperty [value: false]
03:42:14.623 [FXGL Background Thread 3 ] DEBUG Engine               - gameDifficulty: MEDIUM
03:42:14.624 [FXGL Background Thread 3 ] DEBUG Engine               - gameDifficultyProperty: ObjectProperty [value: MEDIUM]
03:42:14.624 [FXGL Background Thread 3 ] DEBUG Engine               - globalMusicVolume: 0.5
03:42:14.624 [FXGL Background Thread 3 ] DEBUG Engine               - globalMusicVolumeProperty: DoubleProperty [value: 0.5]
03:42:14.625 [FXGL Background Thread 3 ] DEBUG Engine               - globalSoundVolume: 0.5
03:42:14.625 [FXGL Background Thread 3 ] DEBUG Engine               - globalSoundVolumeProperty: DoubleProperty [value: 0.5]
03:42:14.625 [FXGL Background Thread 3 ] DEBUG Engine               - height: 720
03:42:14.625 [FXGL Background Thread 3 ] DEBUG Engine               - is3D: false
03:42:14.625 [FXGL Background Thread 3 ] DEBUG Engine               - isAndroid: false
03:42:14.626 [FXGL Background Thread 3 ] DEBUG Engine               - isBrowser: false
03:42:14.626 [FXGL Background Thread 3 ] DEBUG Engine               - isClickFeedbackEnabled: false
03:42:14.626 [FXGL Background Thread 3 ] DEBUG Engine               - isCloseConfirmation: false
03:42:14.626 [FXGL Background Thread 3 ] DEBUG Engine               - isDesktop: true
03:42:14.626 [FXGL Background Thread 3 ] DEBUG Engine               - isDeveloperMenuEnabled: false
03:42:14.626 [FXGL Background Thread 3 ] DEBUG Engine               - isEmbedded: false
03:42:14.627 [FXGL Background Thread 3 ] DEBUG Engine               - isEntityPreloadEnabled: true
03:42:14.627 [FXGL Background Thread 3 ] DEBUG Engine               - isExperimentalTiledLargeMap: false
03:42:14.627 [FXGL Background Thread 3 ] DEBUG Engine               - isFileSystemWriteAllowed: true
03:42:14.627 [FXGL Background Thread 3 ] DEBUG Engine               - isFullScreenAllowed: false
03:42:14.627 [FXGL Background Thread 3 ] DEBUG Engine               - isFullScreenFromStart: false
03:42:14.627 [FXGL Background Thread 3 ] DEBUG Engine               - isGameMenuEnabled: true
03:42:14.627 [FXGL Background Thread 3 ] DEBUG Engine               - isIOS: false
03:42:14.628 [FXGL Background Thread 3 ] DEBUG Engine               - isIntroEnabled: false
03:42:14.628 [FXGL Background Thread 3 ] DEBUG Engine               - isLinux: true
03:42:14.628 [FXGL Background Thread 3 ] DEBUG Engine               - isMac: false
03:42:14.628 [FXGL Background Thread 3 ] DEBUG Engine               - isMainMenuEnabled: false
03:42:14.628 [FXGL Background Thread 3 ] DEBUG Engine               - isManualResizeEnabled: false
03:42:14.628 [FXGL Background Thread 3 ] DEBUG Engine               - isMobile: false
03:42:14.629 [FXGL Background Thread 3 ] DEBUG Engine               - isNative: false
03:42:14.629 [FXGL Background Thread 3 ] DEBUG Engine               - isPauseMusicWhenMinimized: true
03:42:14.629 [FXGL Background Thread 3 ] DEBUG Engine               - isPreserveResizeRatio: false
03:42:14.629 [FXGL Background Thread 3 ] DEBUG Engine               - isProfilingEnabled: false
03:42:14.629 [FXGL Background Thread 3 ] DEBUG Engine               - isScaleAffectedOnResize: true
03:42:14.629 [FXGL Background Thread 3 ] DEBUG Engine               - isSingleStep: false
03:42:14.629 [FXGL Background Thread 3 ] DEBUG Engine               - isUserProfileEnabled: false
03:42:14.630 [FXGL Background Thread 3 ] DEBUG Engine               - isWindows: false
03:42:14.630 [FXGL Background Thread 3 ] DEBUG Engine               - language: ObjectProperty [value: ENGLISH]
03:42:14.630 [FXGL Background Thread 3 ] DEBUG Engine               - menuKey: ESCAPE
03:42:14.630 [FXGL Background Thread 3 ] DEBUG Engine               - mouseSensitivity: 0.2
03:42:14.630 [FXGL Background Thread 3 ] DEBUG Engine               - notificationViewClass: class com.almasb.fxgl.notification.view.XboxNotificationView
03:42:14.630 [FXGL Background Thread 3 ] DEBUG Engine               - pixelsPerMeter: 50.0
03:42:14.630 [FXGL Background Thread 3 ] DEBUG Engine               - platform: LINUX
03:42:14.630 [FXGL Background Thread 3 ] DEBUG Engine               - prefHeightProperty: ReadOnlyDoubleProperty [value: 720.0]
03:42:14.630 [FXGL Background Thread 3 ] DEBUG Engine               - prefWidthProperty: ReadOnlyDoubleProperty [value: 1280.0]
03:42:14.631 [FXGL Background Thread 3 ] DEBUG Engine               - profileDir: profiles/
03:42:14.631 [FXGL Background Thread 3 ] DEBUG Engine               - profileName: StringProperty [value: DEFAULT]
03:42:14.631 [FXGL Background Thread 3 ] DEBUG Engine               - randomSeed: -1
03:42:14.631 [FXGL Background Thread 3 ] DEBUG Engine               - runtimeInfo: RuntimeInfo(platform=LINUX, version=21, build=28.12.2023 13.35)
03:42:14.631 [FXGL Background Thread 3 ] DEBUG Engine               - saveFileExt: sav
03:42:14.631 [FXGL Background Thread 3 ] DEBUG Engine               - scaledHeightProp$fxgl: DoubleProperty [bound, value: 711.4185791015625]
03:42:14.631 [FXGL Background Thread 3 ] DEBUG Engine               - scaledWidthProp$fxgl: DoubleProperty [bound, value: 1280.0]
03:42:14.632 [FXGL Background Thread 3 ] DEBUG Engine               - sceneFactory: com.almasb.fxgl.app.scene.SceneFactory@2d8f19a4
03:42:14.632 [FXGL Background Thread 3 ] DEBUG Engine               - secondsIn24h: 60
03:42:14.632 [FXGL Background Thread 3 ] DEBUG Engine               - soundMenuBack: menu/back.wav
03:42:14.632 [FXGL Background Thread 3 ] DEBUG Engine               - soundMenuPress: menu/press.wav
03:42:14.632 [FXGL Background Thread 3 ] DEBUG Engine               - soundMenuSelect: menu/select.wav
03:42:14.632 [FXGL Background Thread 3 ] DEBUG Engine               - soundNotification: core/notification.wav
03:42:14.632 [FXGL Background Thread 3 ] DEBUG Engine               - stageStyle: DECORATED
03:42:14.632 [FXGL Background Thread 3 ] DEBUG Engine               - supportedLanguages: [ENGLISH, FRENCH, GERMAN, HUNGARIAN, RUSSIAN]
03:42:14.632 [FXGL Background Thread 3 ] DEBUG Engine               - ticksPerSecond: -1
03:42:14.632 [FXGL Background Thread 3 ] DEBUG Engine               - title: Metegol - Champs 2026
03:42:14.632 [FXGL Background Thread 3 ] DEBUG Engine               - urlGithub: https://github.com/AlmasB/FXGL
03:42:14.633 [FXGL Background Thread 3 ] DEBUG Engine               - urlLeaderboard: http://fxgl-top.herokuapp.com/
03:42:14.633 [FXGL Background Thread 3 ] DEBUG Engine               - urlPOM: https://raw.githubusercontent.com/AlmasB/FXGL/release/README.md
03:42:14.633 [FXGL Background Thread 3 ] DEBUG Engine               - userAppClass: class Metegol.Metegol
03:42:14.633 [FXGL Background Thread 3 ] DEBUG Engine               - version: 0.0
03:42:14.633 [FXGL Background Thread 3 ] DEBUG Engine               - versionCheckDays: 7
03:42:14.633 [FXGL Background Thread 3 ] DEBUG Engine               - width: 1280
03:42:14.633 [FXGL Background Thread 3 ] DEBUG Engine               - Logging services
03:42:14.633 [FXGL Background Thread 3 ] DEBUG Engine               - class com.almasb.fxgl.app.services.FXGLAssetLoaderService
03:42:14.633 [FXGL Background Thread 3 ] DEBUG Engine               - class com.almasb.fxgl.app.FXGLApplication$GameApplicationService
03:42:14.633 [FXGL Background Thread 3 ] DEBUG Engine               - class com.almasb.fxgl.app.services.FXGLDialogService
03:42:14.633 [FXGL Background Thread 3 ] DEBUG Engine               - class com.almasb.fxgl.app.services.IOTaskExecutorService
03:42:14.633 [FXGL Background Thread 3 ] DEBUG Engine               - class com.almasb.fxgl.io.FileSystemService
03:42:14.633 [FXGL Background Thread 3 ] DEBUG Engine               - class com.almasb.fxgl.localization.LocalizationService
03:42:14.634 [FXGL Background Thread 3 ] DEBUG Engine               - class com.almasb.fxgl.app.services.SystemBundleService
03:42:14.634 [FXGL Background Thread 3 ] DEBUG Engine               - class com.almasb.fxgl.profile.SaveLoadService
03:42:14.634 [FXGL Background Thread 3 ] DEBUG Engine               - class com.almasb.fxgl.ui.FXGLUIFactoryServiceProvider
03:42:14.634 [FXGL Background Thread 3 ] DEBUG Engine               - class com.almasb.fxgl.ui.FXGLDialogFactoryServiceProvider
03:42:14.634 [FXGL Background Thread 3 ] DEBUG Engine               - class com.almasb.fxgl.audio.AudioPlayer
03:42:14.634 [FXGL Background Thread 3 ] DEBUG Engine               - class com.almasb.fxgl.notification.impl.NotificationServiceProvider
03:42:14.634 [FXGL Background Thread 3 ] DEBUG Engine               - class com.almasb.fxgl.achievement.AchievementService
03:42:14.634 [FXGL Background Thread 3 ] DEBUG Engine               - class com.almasb.fxgl.cutscene.CutsceneService
03:42:14.634 [FXGL Background Thread 3 ] DEBUG Engine               - class com.almasb.fxgl.minigames.MiniGameService
03:42:14.634 [FXGL Background Thread 3 ] DEBUG Engine               - class com.almasb.fxgl.net.NetService
03:42:14.634 [FXGL Background Thread 3 ] DEBUG Engine               - class com.almasb.fxgl.app.services.UpdaterService
03:42:14.634 [FXGL Background Thread 3 ] DEBUG Engine               - class com.almasb.fxgl.dev.DevService
03:42:46.527 [JavaFX Application Thread] DEBUG FXGLAssetLoaderServi - Loading from file system: file:/home/legasov/NetBeansProjects/Metegol/target/classes/assets/textures/FondoSimulacion.png
03:45:07.044 [JavaFX Application Thread] DEBUG FXGLApplication      - Exiting FXGL
03:45:07.044 [JavaFX Application Thread] DEBUG LoopRunner           - Stopping loop
03:45:07.045 [JavaFX Application Thread] DEBUG SystemBundleService  - Saving FXGL system data
03:45:07.056 [JavaFX Application Thread] DEBUG FileSystemAccess     - Writing to: /home/legasov/NetBeansProjects/Metegol/system/fxgl.bundle
03:45:07.060 [JavaFX Application Thread] DEBUG Async                - Shutting down background threads
03:45:07.061 [JavaFX Application Thread] DEBUG PrimaryStageWindow   - Closing main window
03:45:07.066 [JavaFX Application Thread] DEBUG Logger               - Closing Logger
