03:31:44.783 [main                     ] DEBUG Logger               - Configured Logger
03:31:44.794 [main                     ] DEBUG GameApplication      - Logging settings
Title: Metegol - Champs 2026
Version: 0.0
Width: 1280
Height: 720
Fullscreen: false
Intro: false
Profiling: false
Single step:false
App Mode: DEVELOPER
Menu Key: ESCAPE
Stage Style: DECORATED
Scene Factory: class com.almasb.fxgl.app.scene.SceneFactory

03:31:45.071 [JavaFX Application Thread] DEBUG FXGLApplication      - Initializing FXGL
03:31:45.074 [JavaFX Application Thread] INFO  Engine               - FXGL-21 (28.12.2023 13.35) on LINUX (J:25.0.3 FX:26)
03:31:45.074 [JavaFX Application Thread] DEBUG Engine               - JRE Vendor Name: Flathub
03:31:45.074 [JavaFX Application Thread] DEBUG Engine               - Running on OS: Linux version 7.1.3-201.fc44.x86_64
03:31:45.074 [JavaFX Application Thread] DEBUG Engine               - Architecture: amd64
03:31:45.075 [JavaFX Application Thread] INFO  Engine               - Source code and latest versions at: https://github.com/AlmasB/FXGL
03:31:45.075 [JavaFX Application Thread] INFO  Engine               -       Ask questions and discuss at: https://github.com/AlmasB/FXGL/discussions
03:31:45.075 [JavaFX Application Thread] INFO  Engine               -              Join the FXGL chat at: https://gitter.im/AlmasB/FXGL
03:31:45.157 [JavaFX Application Thread] DEBUG PrimaryStageWindow   - Creating a JavaFX scene
03:31:45.217 [JavaFX Application Thread] DEBUG PrimaryStageWindow   - Target settings size: 1280.0 x 720.0
03:31:45.217 [JavaFX Application Thread] DEBUG PrimaryStageWindow   - Scaled scene size:    1280.0 x 720.0
03:31:45.217 [JavaFX Application Thread] DEBUG PrimaryStageWindow   - Scaled ratio: (1.0, 1.0)
03:31:45.218 [JavaFX Application Thread] DEBUG PrimaryStageWindow   - Set initial scene to FXGLStartupScene
03:31:45.222 [JavaFX Application Thread] DEBUG PrimaryStageWindow   - Opening main window
03:31:45.256 [JavaFX Application Thread] DEBUG PrimaryStageWindow   - Window border size: (0.0, 35.0)
03:31:45.256 [JavaFX Application Thread] DEBUG PrimaryStageWindow   - Scaled size: 1280.0 x 685.3720703125
03:31:45.256 [JavaFX Application Thread] DEBUG PrimaryStageWindow   - Scaled ratio: (1.0, 0.9519056532118055)
03:31:45.256 [JavaFX Application Thread] DEBUG PrimaryStageWindow   - Scene size: 1280.0 x 720.0
03:31:45.256 [JavaFX Application Thread] DEBUG PrimaryStageWindow   - Stage size: 1280.0 x 720.3720703125
03:31:45.261 [FXGL Background Thread 1 ] DEBUG Engine               - Initializing environment variables
03:31:45.422 [FXGL Background Thread 1 ] DEBUG FXGLAssetLoaderServi - User app class for loading assets: class Metegol.Metegol
03:31:45.422 [FXGL Background Thread 1 ] DEBUG GameApplicationServi - Applying CSS: fxgl_dark.css
03:31:45.425 [FXGL Background Thread 1 ] DEBUG FXGLAssetLoaderServi - Loading from file system: jar:file:/home/legasov/.m2/repository/com/github/almasb/fxgl/21/fxgl-21.jar!/fxglassets/ui/css/fxgl_dark.css
03:31:45.622 [FXGL Background Thread 1 ] DEBUG GameApplicationServi - Initializing application scenes
03:31:45.725 [FXGL Background Thread 1 ] DEBUG GameWorld            - Game world initialized
03:31:45.833 [FXGL Background Thread 1 ] DEBUG PhysicsWorld         - Physics world initialized: appHeight=720, physics.ppm=50.0
03:31:45.834 [FXGL Background Thread 1 ] DEBUG PhysicsWorld         - Using strategy: BRUTE_FORCE
03:31:45.853 [FXGL Background Thread 1 ] DEBUG GameScene            - Game scene initialized: 1280x720
03:31:45.884 [FXGL Background Thread 1 ] DEBUG FXGL.DefaultMenu     - createMenuBodyGameMenu()
03:31:45.928 [FXGL Background Thread 1 ] DEBUG FXGL.DefaultMenu     - createOptionsMenu()
03:31:45.947 [FXGL Background Thread 1 ] DEBUG FXGLAssetLoaderServi - Loading from file system: jar:file:/home/legasov/.m2/repository/com/github/almasb/fxgl/21/fxgl-21.jar!/fxglassets/textures/particles/smoke.png
03:31:46.043 [FXGL Background Thread 1 ] DEBUG FXGLAssetLoaderServi - Loading from file system: jar:file:/home/legasov/.m2/repository/com/github/almasb/fxgl/21/fxgl-21.jar!/fxglassets/textures/particles/trace_horizontal.png
03:31:46.072 [FXGL Background Thread 1 ] DEBUG GameApplicationServi - Application scenes initialized
03:31:46.083 [FXGL Background Thread 1 ] DEBUG SystemBundleService  - Loading FXGL system data
03:31:46.086 [FXGL Background Thread 1 ] DEBUG FileSystemAccess     - Reading from: /home/legasov/NetBeansProjects/Metegol/system/fxgl.bundle
03:31:46.095 [FXGL Background Thread 1 ] DEBUG SystemBundleService  - Bundle FXGL: {}
03:31:46.095 [FXGL Background Thread 1 ] DEBUG UpdaterService       - Checking for updates
03:31:46.101 [FXGL Background Thread 4 ] DEBUG FXGLApplication      - Loading fonts
03:31:46.101 [FXGL Background Thread 4 ] DEBUG FXGLAssetLoaderServi - Loading from file system: jar:file:/home/legasov/.m2/repository/com/github/almasb/fxgl/21/fxgl-21.jar!/fxglassets/ui/fonts/VarelaRound-Regular.ttf
03:31:46.102 [FXGL Background Thread 1 ] DEBUG FXGLApplication      - Loading default localization
03:31:46.102 [FXGL Background Thread 1 ] DEBUG FXGLAssetLoaderServi - Loading from file system: jar:file:/home/legasov/.m2/repository/com/github/almasb/fxgl/21/fxgl-21.jar!/fxglassets/languages/english.lang
03:31:46.111 [FXGL Background Thread 4 ] DEBUG FXGLAssetLoaderServi - Loading from file system: jar:file:/home/legasov/.m2/repository/com/github/almasb/fxgl/21/fxgl-21.jar!/fxglassets/ui/fonts/Abel-Regular.ttf
03:31:46.113 [FXGL Background Thread 4 ] DEBUG FXGLAssetLoaderServi - Loading from file system: jar:file:/home/legasov/.m2/repository/com/github/almasb/fxgl/21/fxgl-21.jar!/fxglassets/ui/fonts/TerminalLandMono-Regular.otf
03:31:46.118 [FXGL Background Thread 4 ] DEBUG FXGLAssetLoaderServi - Loading from file system: jar:file:/home/legasov/.m2/repository/com/github/almasb/fxgl/21/fxgl-21.jar!/fxglassets/ui/fonts/Courier-Prime.ttf
03:31:46.125 [FXGL Background Thread 1 ] INFO  FXGLApplication      - FXGL initialization took: 0.864 sec
03:31:46.126 [JavaFX Application Thread] DEBUG FXGLApplication      - Registering font factories with UI factory
03:31:46.133 [JavaFX Application Thread] DEBUG Input                - Registered new binding: action0 - LMB
03:31:46.135 [JavaFX Application Thread] DEBUG FXGLAssetLoaderServi - Loading from file system: jar:file:/home/legasov/.m2/repository/com/github/almasb/fxgl/21/fxgl-21.jar!/fxglassets/textures/fxgl_icon.png
03:31:46.167 [JavaFX Application Thread] DEBUG FXGLAssetLoaderServi - Loading from file system: jar:file:/home/legasov/.m2/repository/com/github/almasb/fxgl/21/fxgl-21.jar!/fxglassets/textures/fxgl_default_cursor.png
03:31:46.189 [JavaFX Application Thread] DEBUG Input                - Registered new binding: Screenshot - CTRL+8
03:31:46.190 [JavaFX Application Thread] DEBUG Input                - Registered new binding: System info dump - CTRL+9
03:31:46.191 [JavaFX Application Thread] DEBUG Input                - Registered new binding: Restart - CTRL+R
03:31:46.192 [JavaFX Application Thread] DEBUG Input                - Registered new binding: Toggle Debug Camera - CTRL+7
03:31:46.195 [JavaFX Application Thread] DEBUG LoopRunner           - Starting loop
03:31:46.195 [JavaFX Application Thread] DEBUG LoopRunner           - Initializing JavaFX AnimationTimerLoop
03:31:46.197 [JavaFX Application Thread] DEBUG GameApplicationServi - Starting new game
03:31:46.197 [JavaFX Application Thread] DEBUG Input                - Clearing active input actions
03:31:46.211 [JavaFX Application Thread] DEBUG GameApplicationServi - Removing overlay from FXGLStartupScene and adding to FXGLLoadingScene
03:31:46.212 [JavaFX Application Thread] DEBUG PrimaryStageWindow   - FXGLStartupScene -> FXGLLoadingScene
03:31:46.212 [JavaFX Application Thread] DEBUG GameApplicationServi - Clearing previous game
03:31:46.212 [JavaFX Application Thread] DEBUG GameScene            - Clearing game scene
03:31:46.212 [JavaFX Application Thread] DEBUG GameWorld            - Clearing game world
03:31:46.212 [JavaFX Application Thread] DEBUG PhysicsWorld         - Clearing physics world
03:31:46.214 [FXGL Background Thread 1 ] DEBUG FXGLApplication      - Initializing game
03:31:46.228 [FXGL Background Thread 1 ] DEBUG FXGLAssetLoaderServi - Loading from file system: file:/home/legasov/NetBeansProjects/Metegol/target/classes/assets/textures/fondoMenu.png
03:31:46.300 [FXGL Background Thread 1 ] INFO  FXGLApplication      - Game initialization took: 0.086 sec
03:31:46.426 [JavaFX Application Thread] DEBUG Input                - Clearing active input actions
03:31:46.441 [JavaFX Application Thread] DEBUG GameApplicationServi - Removing overlay from FXGLLoadingScene and adding to GameScene
03:31:46.441 [JavaFX Application Thread] DEBUG PrimaryStageWindow   - FXGLLoadingScene -> GameScene
03:31:47.220 [FXGL Background Thread 2 ] INFO  UpdaterService       - Your current version:  21
03:31:47.222 [FXGL Background Thread 2 ] INFO  UpdaterService       - Latest stable version: 25
03:31:49.099 [FXGL Background Thread 3 ] DEBUG Engine               - Logging environment variables
03:31:49.100 [FXGL Background Thread 3 ] DEBUG Engine               - achievements: []
03:31:49.100 [FXGL Background Thread 3 ] DEBUG Engine               - actualHeight: 685.3720703125
03:31:49.100 [FXGL Background Thread 3 ] DEBUG Engine               - actualHeightProperty: ReadOnlyDoubleProperty [value: 712.906982421875]
03:31:49.100 [FXGL Background Thread 3 ] DEBUG Engine               - actualWidth: 1280.0
03:31:49.100 [FXGL Background Thread 3 ] DEBUG Engine               - actualWidthProperty: ReadOnlyDoubleProperty [value: 1280.0]
03:31:49.101 [FXGL Background Thread 3 ] DEBUG Engine               - appIcon: fxgl_icon.png
03:31:49.101 [FXGL Background Thread 3 ] DEBUG Engine               - applicationMode: DEVELOPER
03:31:49.101 [FXGL Background Thread 3 ] DEBUG Engine               - cSSList: [fxgl_dark.css]
03:31:49.101 [FXGL Background Thread 3 ] DEBUG Engine               - collisionDetectionStrategy: BRUTE_FORCE
03:31:49.101 [FXGL Background Thread 3 ] DEBUG Engine               - configClass: Optional.empty
03:31:49.102 [FXGL Background Thread 3 ] DEBUG Engine               - credits: []
03:31:49.102 [FXGL Background Thread 3 ] DEBUG Engine               - defaultCursor: CursorInfo(imageName=fxgl_default_cursor.png, hotspotX=7.0, hotspotY=6.0)
03:31:49.103 [FXGL Background Thread 3 ] DEBUG Engine               - devBBoxColorProperty: ObjectProperty [value: 0xff0000ff]
03:31:49.103 [FXGL Background Thread 3 ] DEBUG Engine               - devEnableDebugCameraProperty: BooleanProperty [value: false]
03:31:49.103 [FXGL Background Thread 3 ] DEBUG Engine               - devSensorColorProperty: ObjectProperty [value: 0xffff00ff]
03:31:49.103 [FXGL Background Thread 3 ] DEBUG Engine               - devShowBBoxProperty: BooleanProperty [value: false]
03:31:49.103 [FXGL Background Thread 3 ] DEBUG Engine               - devShowPositionProperty: BooleanProperty [value: false]
03:31:49.104 [FXGL Background Thread 3 ] DEBUG Engine               - enabledMenuItems: []
03:31:49.104 [FXGL Background Thread 3 ] DEBUG Engine               - engineServices: [class com.almasb.fxgl.app.services.FXGLAssetLoaderService, class com.almasb.fxgl.app.FXGLApplication$GameApplicationService, class com.almasb.fxgl.app.services.FXGLDialogService, class com.almasb.fxgl.app.services.IOTaskExecutorService, class com.almasb.fxgl.io.FileSystemService, class com.almasb.fxgl.localization.LocalizationService, class com.almasb.fxgl.app.services.SystemBundleService, class com.almasb.fxgl.profile.SaveLoadService, class com.almasb.fxgl.ui.FXGLUIFactoryServiceProvider, class com.almasb.fxgl.ui.FXGLDialogFactoryServiceProvider, class com.almasb.fxgl.audio.AudioPlayer, class com.almasb.fxgl.notification.impl.NotificationServiceProvider, class com.almasb.fxgl.achievement.AchievementService, class com.almasb.fxgl.cutscene.CutsceneService, class com.almasb.fxgl.minigames.MiniGameService, class com.almasb.fxgl.net.NetService, class com.almasb.fxgl.app.services.UpdaterService, class com.almasb.fxgl.dev.DevService]
03:31:49.104 [FXGL Background Thread 3 ] DEBUG Engine               - fontGame: Abel-Regular.ttf
03:31:49.104 [FXGL Background Thread 3 ] DEBUG Engine               - fontMono: TerminalLandMono-Regular.otf
03:31:49.104 [FXGL Background Thread 3 ] DEBUG Engine               - fontSizeScaleUI: 1.0
03:31:49.105 [FXGL Background Thread 3 ] DEBUG Engine               - fontText: Courier-Prime.ttf
03:31:49.105 [FXGL Background Thread 3 ] DEBUG Engine               - fontUI: VarelaRound-Regular.ttf
03:31:49.105 [FXGL Background Thread 3 ] DEBUG Engine               - fullScreen: BooleanProperty [value: false]
03:31:49.105 [FXGL Background Thread 3 ] DEBUG Engine               - gameDifficulty: MEDIUM
03:31:49.105 [FXGL Background Thread 3 ] DEBUG Engine               - gameDifficultyProperty: ObjectProperty [value: MEDIUM]
03:31:49.106 [FXGL Background Thread 3 ] DEBUG Engine               - globalMusicVolume: 0.5
03:31:49.106 [FXGL Background Thread 3 ] DEBUG Engine               - globalMusicVolumeProperty: DoubleProperty [value: 0.5]
03:31:49.106 [FXGL Background Thread 3 ] DEBUG Engine               - globalSoundVolume: 0.5
03:31:49.106 [FXGL Background Thread 3 ] DEBUG Engine               - globalSoundVolumeProperty: DoubleProperty [value: 0.5]
03:31:49.106 [FXGL Background Thread 3 ] DEBUG Engine               - height: 720
03:31:49.107 [FXGL Background Thread 3 ] DEBUG Engine               - is3D: false
03:31:49.107 [FXGL Background Thread 3 ] DEBUG Engine               - isAndroid: false
03:31:49.107 [FXGL Background Thread 3 ] DEBUG Engine               - isBrowser: false
03:31:49.107 [FXGL Background Thread 3 ] DEBUG Engine               - isClickFeedbackEnabled: false
03:31:49.107 [FXGL Background Thread 3 ] DEBUG Engine               - isCloseConfirmation: false
03:31:49.108 [FXGL Background Thread 3 ] DEBUG Engine               - isDesktop: true
03:31:49.108 [FXGL Background Thread 3 ] DEBUG Engine               - isDeveloperMenuEnabled: false
03:31:49.108 [FXGL Background Thread 3 ] DEBUG Engine               - isEmbedded: false
03:31:49.108 [FXGL Background Thread 3 ] DEBUG Engine               - isEntityPreloadEnabled: true
03:31:49.108 [FXGL Background Thread 3 ] DEBUG Engine               - isExperimentalTiledLargeMap: false
03:31:49.108 [FXGL Background Thread 3 ] DEBUG Engine               - isFileSystemWriteAllowed: true
03:31:49.109 [FXGL Background Thread 3 ] DEBUG Engine               - isFullScreenAllowed: false
03:31:49.109 [FXGL Background Thread 3 ] DEBUG Engine               - isFullScreenFromStart: false
03:31:49.109 [FXGL Background Thread 3 ] DEBUG Engine               - isGameMenuEnabled: true
03:31:49.109 [FXGL Background Thread 3 ] DEBUG Engine               - isIOS: false
03:31:49.109 [FXGL Background Thread 3 ] DEBUG Engine               - isIntroEnabled: false
03:31:49.109 [FXGL Background Thread 3 ] DEBUG Engine               - isLinux: true
03:31:49.109 [FXGL Background Thread 3 ] DEBUG Engine               - isMac: false
03:31:49.110 [FXGL Background Thread 3 ] DEBUG Engine               - isMainMenuEnabled: false
03:31:49.110 [FXGL Background Thread 3 ] DEBUG Engine               - isManualResizeEnabled: false
03:31:49.110 [FXGL Background Thread 3 ] DEBUG Engine               - isMobile: false
03:31:49.110 [FXGL Background Thread 3 ] DEBUG Engine               - isNative: false
03:31:49.110 [FXGL Background Thread 3 ] DEBUG Engine               - isPauseMusicWhenMinimized: true
03:31:49.110 [FXGL Background Thread 3 ] DEBUG Engine               - isPreserveResizeRatio: false
03:31:49.110 [FXGL Background Thread 3 ] DEBUG Engine               - isProfilingEnabled: false
03:31:49.110 [FXGL Background Thread 3 ] DEBUG Engine               - isScaleAffectedOnResize: true
03:31:49.111 [FXGL Background Thread 3 ] DEBUG Engine               - isSingleStep: false
03:31:49.111 [FXGL Background Thread 3 ] DEBUG Engine               - isUserProfileEnabled: false
03:31:49.111 [FXGL Background Thread 3 ] DEBUG Engine               - isWindows: false
03:31:49.111 [FXGL Background Thread 3 ] DEBUG Engine               - language: ObjectProperty [value: ENGLISH]
03:31:49.111 [FXGL Background Thread 3 ] DEBUG Engine               - menuKey: ESCAPE
03:31:49.111 [FXGL Background Thread 3 ] DEBUG Engine               - mouseSensitivity: 0.2
03:31:49.111 [FXGL Background Thread 3 ] DEBUG Engine               - notificationViewClass: class com.almasb.fxgl.notification.view.XboxNotificationView
03:31:49.111 [FXGL Background Thread 3 ] DEBUG Engine               - pixelsPerMeter: 50.0
03:31:49.111 [FXGL Background Thread 3 ] DEBUG Engine               - platform: LINUX
03:31:49.112 [FXGL Background Thread 3 ] DEBUG Engine               - prefHeightProperty: ReadOnlyDoubleProperty [value: 720.0]
03:31:49.112 [FXGL Background Thread 3 ] DEBUG Engine               - prefWidthProperty: ReadOnlyDoubleProperty [value: 1280.0]
03:31:49.112 [FXGL Background Thread 3 ] DEBUG Engine               - profileDir: profiles/
03:31:49.112 [FXGL Background Thread 3 ] DEBUG Engine               - profileName: StringProperty [value: DEFAULT]
03:31:49.112 [FXGL Background Thread 3 ] DEBUG Engine               - randomSeed: -1
03:31:49.112 [FXGL Background Thread 3 ] DEBUG Engine               - runtimeInfo: RuntimeInfo(platform=LINUX, version=21, build=28.12.2023 13.35)
03:31:49.112 [FXGL Background Thread 3 ] DEBUG Engine               - saveFileExt: sav
03:31:49.112 [FXGL Background Thread 3 ] DEBUG Engine               - scaledHeightProp$fxgl: DoubleProperty [bound, value: 712.906982421875]
03:31:49.113 [FXGL Background Thread 3 ] DEBUG Engine               - scaledWidthProp$fxgl: DoubleProperty [bound, value: 1280.0]
03:31:49.113 [FXGL Background Thread 3 ] DEBUG Engine               - sceneFactory: com.almasb.fxgl.app.scene.SceneFactory@589c4bec
03:31:49.113 [FXGL Background Thread 3 ] DEBUG Engine               - secondsIn24h: 60
03:31:49.113 [FXGL Background Thread 3 ] DEBUG Engine               - soundMenuBack: menu/back.wav
03:31:49.113 [FXGL Background Thread 3 ] DEBUG Engine               - soundMenuPress: menu/press.wav
03:31:49.113 [FXGL Background Thread 3 ] DEBUG Engine               - soundMenuSelect: menu/select.wav
03:31:49.113 [FXGL Background Thread 3 ] DEBUG Engine               - soundNotification: core/notification.wav
03:31:49.113 [FXGL Background Thread 3 ] DEBUG Engine               - stageStyle: DECORATED
03:31:49.113 [FXGL Background Thread 3 ] DEBUG Engine               - supportedLanguages: [ENGLISH, FRENCH, GERMAN, HUNGARIAN, RUSSIAN]
03:31:49.113 [FXGL Background Thread 3 ] DEBUG Engine               - ticksPerSecond: -1
03:31:49.113 [FXGL Background Thread 3 ] DEBUG Engine               - title: Metegol - Champs 2026
03:31:49.113 [FXGL Background Thread 3 ] DEBUG Engine               - urlGithub: https://github.com/AlmasB/FXGL
03:31:49.113 [FXGL Background Thread 3 ] DEBUG Engine               - urlLeaderboard: http://fxgl-top.herokuapp.com/
03:31:49.113 [FXGL Background Thread 3 ] DEBUG Engine               - urlPOM: https://raw.githubusercontent.com/AlmasB/FXGL/release/README.md
03:31:49.113 [FXGL Background Thread 3 ] DEBUG Engine               - userAppClass: class Metegol.Metegol
03:31:49.114 [FXGL Background Thread 3 ] DEBUG Engine               - version: 0.0
03:31:49.114 [FXGL Background Thread 3 ] DEBUG Engine               - versionCheckDays: 7
03:31:49.114 [FXGL Background Thread 3 ] DEBUG Engine               - width: 1280
03:31:49.114 [FXGL Background Thread 3 ] DEBUG Engine               - Logging services
03:31:49.114 [FXGL Background Thread 3 ] DEBUG Engine               - class com.almasb.fxgl.app.services.FXGLAssetLoaderService
03:31:49.114 [FXGL Background Thread 3 ] DEBUG Engine               - class com.almasb.fxgl.app.FXGLApplication$GameApplicationService
03:31:49.114 [FXGL Background Thread 3 ] DEBUG Engine               - class com.almasb.fxgl.app.services.FXGLDialogService
03:31:49.114 [FXGL Background Thread 3 ] DEBUG Engine               - class com.almasb.fxgl.app.services.IOTaskExecutorService
03:31:49.114 [FXGL Background Thread 3 ] DEBUG Engine               - class com.almasb.fxgl.io.FileSystemService
03:31:49.114 [FXGL Background Thread 3 ] DEBUG Engine               - class com.almasb.fxgl.localization.LocalizationService
03:31:49.114 [FXGL Background Thread 3 ] DEBUG Engine               - class com.almasb.fxgl.app.services.SystemBundleService
03:31:49.114 [FXGL Background Thread 3 ] DEBUG Engine               - class com.almasb.fxgl.profile.SaveLoadService
03:31:49.114 [FXGL Background Thread 3 ] DEBUG Engine               - class com.almasb.fxgl.ui.FXGLUIFactoryServiceProvider
03:31:49.114 [FXGL Background Thread 3 ] DEBUG Engine               - class com.almasb.fxgl.ui.FXGLDialogFactoryServiceProvider
03:31:49.115 [FXGL Background Thread 3 ] DEBUG Engine               - class com.almasb.fxgl.audio.AudioPlayer
03:31:49.115 [FXGL Background Thread 3 ] DEBUG Engine               - class com.almasb.fxgl.notification.impl.NotificationServiceProvider
03:31:49.115 [FXGL Background Thread 3 ] DEBUG Engine               - class com.almasb.fxgl.achievement.AchievementService
03:31:49.115 [FXGL Background Thread 3 ] DEBUG Engine               - class com.almasb.fxgl.cutscene.CutsceneService
03:31:49.115 [FXGL Background Thread 3 ] DEBUG Engine               - class com.almasb.fxgl.minigames.MiniGameService
03:31:49.115 [FXGL Background Thread 3 ] DEBUG Engine               - class com.almasb.fxgl.net.NetService
03:31:49.115 [FXGL Background Thread 3 ] DEBUG Engine               - class com.almasb.fxgl.app.services.UpdaterService
03:31:49.115 [FXGL Background Thread 3 ] DEBUG Engine               - class com.almasb.fxgl.dev.DevService
03:33:05.722 [JavaFX Application Thread] DEBUG FXGLAssetLoaderServi - Loading from file system: file:/home/legasov/NetBeansProjects/Metegol/target/classes/assets/textures/FondoSimulacion.png
03:35:57.141 [JavaFX Application Thread] DEBUG FXGLApplication      - Exiting FXGL
03:35:57.141 [JavaFX Application Thread] DEBUG LoopRunner           - Stopping loop
03:35:57.142 [JavaFX Application Thread] DEBUG SystemBundleService  - Saving FXGL system data
03:35:57.152 [JavaFX Application Thread] DEBUG FileSystemAccess     - Writing to: /home/legasov/NetBeansProjects/Metegol/system/fxgl.bundle
03:35:57.157 [JavaFX Application Thread] DEBUG Async                - Shutting down background threads
03:35:57.157 [JavaFX Application Thread] DEBUG PrimaryStageWindow   - Closing main window
03:35:57.161 [JavaFX Application Thread] DEBUG Logger               - Closing Logger
