08:37:16.365 [main                     ] DEBUG Logger               - Configured Logger
08:37:16.372 [main                     ] DEBUG GameApplication      - Logging settings
Title: Champs 2026 - Prueba de Disparo
Version: Sprint Libre
Width: 1280
Height: 768
Fullscreen: false
Intro: false
Profiling: false
Single step:false
App Mode: DEVELOPER
Menu Key: ESCAPE
Stage Style: DECORATED
Scene Factory: class com.almasb.fxgl.app.scene.SceneFactory

08:37:16.621 [JavaFX Application Thread] DEBUG FXGLApplication      - Initializing FXGL
08:37:16.626 [JavaFX Application Thread] INFO  Engine               - FXGL-21 (28.12.2023 13.35) on LINUX (J:25.0.3 FX:26)
08:37:16.628 [JavaFX Application Thread] DEBUG Engine               - JRE Vendor Name: Flathub
08:37:16.628 [JavaFX Application Thread] DEBUG Engine               - Running on OS: Linux version 7.0.12-201.fc44.x86_64
08:37:16.628 [JavaFX Application Thread] DEBUG Engine               - Architecture: amd64
08:37:16.628 [JavaFX Application Thread] INFO  Engine               - Source code and latest versions at: https://github.com/AlmasB/FXGL
08:37:16.628 [JavaFX Application Thread] INFO  Engine               -       Ask questions and discuss at: https://github.com/AlmasB/FXGL/discussions
08:37:16.628 [JavaFX Application Thread] INFO  Engine               -              Join the FXGL chat at: https://gitter.im/AlmasB/FXGL
08:37:16.696 [JavaFX Application Thread] DEBUG PrimaryStageWindow   - Creating a JavaFX scene
08:37:16.696 [JavaFX Application Thread] DEBUG PrimaryStageWindow   - Target size > screen size
08:37:16.755 [JavaFX Application Thread] DEBUG PrimaryStageWindow   - Target settings size: 1280.0 x 768.0
08:37:16.756 [JavaFX Application Thread] DEBUG PrimaryStageWindow   - Scaled scene size:    1236.0 x 756.0
08:37:16.756 [JavaFX Application Thread] DEBUG PrimaryStageWindow   - Scaled ratio: (0.965625, 0.984375)
08:37:16.757 [JavaFX Application Thread] DEBUG PrimaryStageWindow   - Set initial scene to FXGLStartupScene
08:37:16.760 [JavaFX Application Thread] DEBUG PrimaryStageWindow   - Opening main window
08:37:16.799 [JavaFX Application Thread] DEBUG PrimaryStageWindow   - Window border size: (0.093017578125, 35.0)
08:37:16.800 [JavaFX Application Thread] DEBUG PrimaryStageWindow   - Scaled size: 1236.0 x 721.093017578125
08:37:16.800 [JavaFX Application Thread] DEBUG PrimaryStageWindow   - Scaled ratio: (0.965625, 0.938923199971517)
08:37:16.800 [JavaFX Application Thread] DEBUG PrimaryStageWindow   - Scene size: 1236.0 x 756.0
08:37:16.800 [JavaFX Application Thread] DEBUG PrimaryStageWindow   - Stage size: 1236.093017578125 x 756.093017578125
08:37:16.806 [FXGL Background Thread 1 ] DEBUG Engine               - Initializing environment variables
08:37:16.878 [FXGL Background Thread 1 ] DEBUG FXGLAssetLoaderServi - User app class for loading assets: class Metegol.Partido
08:37:16.878 [FXGL Background Thread 1 ] DEBUG GameApplicationServi - Applying CSS: fxgl_dark.css
08:37:16.878 [FXGL Background Thread 1 ] DEBUG FXGLAssetLoaderServi - Loading from file system: jar:file:/home/legasov/.m2/repository/com/github/almasb/fxgl/21/fxgl-21.jar!/fxglassets/ui/css/fxgl_dark.css
08:37:16.923 [FXGL Background Thread 1 ] DEBUG GameApplicationServi - Initializing application scenes
08:37:16.970 [FXGL Background Thread 1 ] DEBUG GameWorld            - Game world initialized
08:37:17.015 [FXGL Background Thread 1 ] DEBUG PhysicsWorld         - Physics world initialized: appHeight=768, physics.ppm=50.0
08:37:17.016 [FXGL Background Thread 1 ] DEBUG PhysicsWorld         - Using strategy: BRUTE_FORCE
08:37:17.020 [FXGL Background Thread 1 ] DEBUG GameScene            - Game scene initialized: 1280x768
08:37:17.031 [FXGL Background Thread 1 ] DEBUG FXGL.DefaultMenu     - createMenuBodyGameMenu()
08:37:17.042 [FXGL Background Thread 1 ] DEBUG FXGL.DefaultMenu     - createOptionsMenu()
08:37:17.049 [FXGL Background Thread 1 ] DEBUG FXGLAssetLoaderServi - Loading from file system: jar:file:/home/legasov/.m2/repository/com/github/almasb/fxgl/21/fxgl-21.jar!/fxglassets/textures/particles/smoke.png
08:37:17.119 [FXGL Background Thread 1 ] DEBUG FXGLAssetLoaderServi - Loading from file system: jar:file:/home/legasov/.m2/repository/com/github/almasb/fxgl/21/fxgl-21.jar!/fxglassets/textures/particles/trace_horizontal.png
08:37:17.146 [FXGL Background Thread 1 ] DEBUG GameApplicationServi - Application scenes initialized
08:37:17.158 [FXGL Background Thread 1 ] DEBUG SystemBundleService  - Loading FXGL system data
08:37:17.161 [FXGL Background Thread 1 ] DEBUG FileSystemAccess     - Reading from: /home/legasov/NetBeansProjects/Metegol/system/fxgl.bundle
08:37:17.167 [FXGL Background Thread 1 ] DEBUG SystemBundleService  - Bundle FXGL: {}
08:37:17.167 [FXGL Background Thread 1 ] DEBUG UpdaterService       - Checking for updates
08:37:17.188 [FXGL Background Thread 4 ] DEBUG FXGLApplication      - Loading fonts
08:37:17.188 [FXGL Background Thread 4 ] DEBUG FXGLAssetLoaderServi - Loading from file system: jar:file:/home/legasov/.m2/repository/com/github/almasb/fxgl/21/fxgl-21.jar!/fxglassets/ui/fonts/VarelaRound-Regular.ttf
08:37:17.191 [FXGL Background Thread 1 ] DEBUG FXGLApplication      - Loading default localization
08:37:17.191 [FXGL Background Thread 1 ] DEBUG FXGLAssetLoaderServi - Loading from file system: jar:file:/home/legasov/.m2/repository/com/github/almasb/fxgl/21/fxgl-21.jar!/fxglassets/languages/english.lang
08:37:17.204 [FXGL Background Thread 4 ] DEBUG FXGLAssetLoaderServi - Loading from file system: jar:file:/home/legasov/.m2/repository/com/github/almasb/fxgl/21/fxgl-21.jar!/fxglassets/ui/fonts/Abel-Regular.ttf
08:37:17.206 [FXGL Background Thread 4 ] DEBUG FXGLAssetLoaderServi - Loading from file system: jar:file:/home/legasov/.m2/repository/com/github/almasb/fxgl/21/fxgl-21.jar!/fxglassets/ui/fonts/TerminalLandMono-Regular.otf
08:37:17.207 [FXGL Background Thread 4 ] DEBUG FXGLAssetLoaderServi - Loading from file system: jar:file:/home/legasov/.m2/repository/com/github/almasb/fxgl/21/fxgl-21.jar!/fxglassets/ui/fonts/Courier-Prime.ttf
08:37:17.214 [FXGL Background Thread 1 ] INFO  FXGLApplication      - FXGL initialization took: 0.408 sec
08:37:17.224 [JavaFX Application Thread] DEBUG Input                - Registered new binding: action0 - W
08:37:17.224 [JavaFX Application Thread] DEBUG Input                - Registered new binding: action1 - S
08:37:17.225 [JavaFX Application Thread] DEBUG Input                - Registered new binding: action2 - A
08:37:17.226 [JavaFX Application Thread] DEBUG Input                - Registered new binding: action3 - D
08:37:17.227 [JavaFX Application Thread] DEBUG Input                - Registered new binding: action4 - RMB
08:37:17.228 [JavaFX Application Thread] DEBUG FXGLAssetLoaderServi - Loading from file system: jar:file:/home/legasov/.m2/repository/com/github/almasb/fxgl/21/fxgl-21.jar!/fxglassets/textures/fxgl_icon.png
08:37:17.245 [JavaFX Application Thread] DEBUG FXGLAssetLoaderServi - Loading from file system: jar:file:/home/legasov/.m2/repository/com/github/almasb/fxgl/21/fxgl-21.jar!/fxglassets/textures/fxgl_default_cursor.png
08:37:17.250 [JavaFX Application Thread] DEBUG Input                - Registered new binding: Screenshot - CTRL+8
08:37:17.250 [JavaFX Application Thread] DEBUG Input                - Registered new binding: Dev Options - 1
08:37:17.250 [JavaFX Application Thread] DEBUG Input                - Registered new binding: Dev Console - 2
08:37:17.253 [JavaFX Application Thread] DEBUG Input                - Registered new binding: System info dump - CTRL+9
08:37:17.253 [JavaFX Application Thread] DEBUG Input                - Registered new binding: Restart - CTRL+R
08:37:17.254 [JavaFX Application Thread] DEBUG Input                - Registered new binding: Toggle Debug Camera - CTRL+7
08:37:17.259 [JavaFX Application Thread] DEBUG LoopRunner           - Starting loop
08:37:17.271 [JavaFX Application Thread] DEBUG LoopRunner           - Initializing JavaFX AnimationTimerLoop
08:37:17.272 [JavaFX Application Thread] DEBUG GameApplicationServi - Starting new game
08:37:17.272 [JavaFX Application Thread] DEBUG Input                - Clearing active input actions
08:37:17.285 [JavaFX Application Thread] DEBUG GameApplicationServi - Removing overlay from FXGLStartupScene and adding to FXGLLoadingScene
08:37:17.290 [JavaFX Application Thread] DEBUG PrimaryStageWindow   - FXGLStartupScene -> FXGLLoadingScene
08:37:17.290 [JavaFX Application Thread] DEBUG GameApplicationServi - Clearing previous game
08:37:17.291 [JavaFX Application Thread] DEBUG GameScene            - Clearing game scene
08:37:17.291 [JavaFX Application Thread] DEBUG GameWorld            - Clearing game world
08:37:17.291 [JavaFX Application Thread] DEBUG PhysicsWorld         - Clearing physics world
08:37:17.292 [FXGL Background Thread 4 ] DEBUG FXGLApplication      - Initializing game
08:37:17.294 [JavaFX Application Thread] DEBUG FXGLApplication      - Registering font factories with UI factory
08:37:17.296 [FXGL Background Thread 4 ] WARN  FXGLAssetLoaderServi - Asset "/assets/textures/cancha_hd.png" was not found!
08:37:17.296 [FXGL Background Thread 4 ] WARN  FXGLAssetLoaderServi - Failed to load IMAGE
08:37:17.783 [FXGL Background Thread 4 ] INFO  FXGLApplication      - Game initialization took: 0.491 sec
08:37:17.795 [JavaFX Application Thread] DEBUG Input                - Clearing active input actions
08:37:17.807 [JavaFX Application Thread] DEBUG GameApplicationServi - Removing overlay from FXGLLoadingScene and adding to GameScene
08:37:17.811 [JavaFX Application Thread] DEBUG PrimaryStageWindow   - FXGLLoadingScene -> GameScene
08:37:18.279 [FXGL Background Thread 2 ] INFO  UpdaterService       - Your current version:  21
08:37:18.280 [FXGL Background Thread 2 ] INFO  UpdaterService       - Latest stable version: 25
08:37:20.186 [FXGL Background Thread 3 ] DEBUG Engine               - Logging environment variables
08:37:20.187 [FXGL Background Thread 3 ] DEBUG Engine               - achievements: []
08:37:20.187 [FXGL Background Thread 3 ] DEBUG Engine               - actualHeight: 721.093017578125
08:37:20.187 [FXGL Background Thread 3 ] DEBUG Engine               - actualHeightProperty: ReadOnlyDoubleProperty [value: 469.5581359863281]
08:37:20.187 [FXGL Background Thread 3 ] DEBUG Engine               - actualWidth: 1236.0
08:37:20.188 [FXGL Background Thread 3 ] DEBUG Engine               - actualWidthProperty: ReadOnlyDoubleProperty [value: 1236.0]
08:37:20.188 [FXGL Background Thread 3 ] DEBUG Engine               - appIcon: fxgl_icon.png
08:37:20.188 [FXGL Background Thread 3 ] DEBUG Engine               - applicationMode: DEVELOPER
08:37:20.188 [FXGL Background Thread 3 ] DEBUG Engine               - cSSList: [fxgl_dark.css]
08:37:20.188 [FXGL Background Thread 3 ] DEBUG Engine               - collisionDetectionStrategy: BRUTE_FORCE
08:37:20.188 [FXGL Background Thread 3 ] DEBUG Engine               - configClass: Optional.empty
08:37:20.188 [FXGL Background Thread 3 ] DEBUG Engine               - credits: []
08:37:20.189 [FXGL Background Thread 3 ] DEBUG Engine               - defaultCursor: CursorInfo(imageName=fxgl_default_cursor.png, hotspotX=7.0, hotspotY=6.0)
08:37:20.189 [FXGL Background Thread 3 ] DEBUG Engine               - devBBoxColorProperty: ObjectProperty [value: 0xff0000ff]
08:37:20.189 [FXGL Background Thread 3 ] DEBUG Engine               - devEnableDebugCameraProperty: BooleanProperty [value: false]
08:37:20.189 [FXGL Background Thread 3 ] DEBUG Engine               - devSensorColorProperty: ObjectProperty [value: 0xffff00ff]
08:37:20.189 [FXGL Background Thread 3 ] DEBUG Engine               - devShowBBoxProperty: BooleanProperty [value: false]
08:37:20.189 [FXGL Background Thread 3 ] DEBUG Engine               - devShowPositionProperty: BooleanProperty [value: false]
08:37:20.190 [FXGL Background Thread 3 ] DEBUG Engine               - enabledMenuItems: []
08:37:20.190 [FXGL Background Thread 3 ] DEBUG Engine               - engineServices: [class com.almasb.fxgl.app.services.FXGLAssetLoaderService, class com.almasb.fxgl.app.FXGLApplication$GameApplicationService, class com.almasb.fxgl.app.services.FXGLDialogService, class com.almasb.fxgl.app.services.IOTaskExecutorService, class com.almasb.fxgl.io.FileSystemService, class com.almasb.fxgl.localization.LocalizationService, class com.almasb.fxgl.app.services.SystemBundleService, class com.almasb.fxgl.profile.SaveLoadService, class com.almasb.fxgl.ui.FXGLUIFactoryServiceProvider, class com.almasb.fxgl.ui.FXGLDialogFactoryServiceProvider, class com.almasb.fxgl.audio.AudioPlayer, class com.almasb.fxgl.notification.impl.NotificationServiceProvider, class com.almasb.fxgl.achievement.AchievementService, class com.almasb.fxgl.cutscene.CutsceneService, class com.almasb.fxgl.minigames.MiniGameService, class com.almasb.fxgl.net.NetService, class com.almasb.fxgl.app.services.UpdaterService, class com.almasb.fxgl.dev.DevService]
08:37:20.190 [FXGL Background Thread 3 ] DEBUG Engine               - fontGame: Abel-Regular.ttf
08:37:20.190 [FXGL Background Thread 3 ] DEBUG Engine               - fontMono: TerminalLandMono-Regular.otf
08:37:20.190 [FXGL Background Thread 3 ] DEBUG Engine               - fontSizeScaleUI: 1.0
08:37:20.190 [FXGL Background Thread 3 ] DEBUG Engine               - fontText: Courier-Prime.ttf
08:37:20.190 [FXGL Background Thread 3 ] DEBUG Engine               - fontUI: VarelaRound-Regular.ttf
08:37:20.190 [FXGL Background Thread 3 ] DEBUG Engine               - fullScreen: BooleanProperty [value: false]
08:37:20.190 [FXGL Background Thread 3 ] DEBUG Engine               - gameDifficulty: MEDIUM
08:37:20.190 [FXGL Background Thread 3 ] DEBUG Engine               - gameDifficultyProperty: ObjectProperty [value: MEDIUM]
08:37:20.190 [FXGL Background Thread 3 ] DEBUG Engine               - globalMusicVolume: 0.5
08:37:20.191 [FXGL Background Thread 3 ] DEBUG Engine               - globalMusicVolumeProperty: DoubleProperty [value: 0.5]
08:37:20.191 [FXGL Background Thread 3 ] DEBUG Engine               - globalSoundVolume: 0.5
08:37:20.191 [FXGL Background Thread 3 ] DEBUG Engine               - globalSoundVolumeProperty: DoubleProperty [value: 0.5]
08:37:20.191 [FXGL Background Thread 3 ] DEBUG Engine               - height: 768
08:37:20.191 [FXGL Background Thread 3 ] DEBUG Engine               - is3D: false
08:37:20.191 [FXGL Background Thread 3 ] DEBUG Engine               - isAndroid: false
08:37:20.191 [FXGL Background Thread 3 ] DEBUG Engine               - isBrowser: false
08:37:20.191 [FXGL Background Thread 3 ] DEBUG Engine               - isClickFeedbackEnabled: false
08:37:20.191 [FXGL Background Thread 3 ] DEBUG Engine               - isCloseConfirmation: false
08:37:20.191 [FXGL Background Thread 3 ] DEBUG Engine               - isDesktop: true
08:37:20.191 [FXGL Background Thread 3 ] DEBUG Engine               - isDeveloperMenuEnabled: true
08:37:20.192 [FXGL Background Thread 3 ] DEBUG Engine               - isEmbedded: false
08:37:20.192 [FXGL Background Thread 3 ] DEBUG Engine               - isEntityPreloadEnabled: true
08:37:20.192 [FXGL Background Thread 3 ] DEBUG Engine               - isExperimentalTiledLargeMap: false
08:37:20.192 [FXGL Background Thread 3 ] DEBUG Engine               - isFileSystemWriteAllowed: true
08:37:20.192 [FXGL Background Thread 3 ] DEBUG Engine               - isFullScreenAllowed: false
08:37:20.192 [FXGL Background Thread 3 ] DEBUG Engine               - isFullScreenFromStart: false
08:37:20.192 [FXGL Background Thread 3 ] DEBUG Engine               - isGameMenuEnabled: true
08:37:20.192 [FXGL Background Thread 3 ] DEBUG Engine               - isIOS: false
08:37:20.192 [FXGL Background Thread 3 ] DEBUG Engine               - isIntroEnabled: false
08:37:20.192 [FXGL Background Thread 3 ] DEBUG Engine               - isLinux: true
08:37:20.192 [FXGL Background Thread 3 ] DEBUG Engine               - isMac: false
08:37:20.192 [FXGL Background Thread 3 ] DEBUG Engine               - isMainMenuEnabled: false
08:37:20.192 [FXGL Background Thread 3 ] DEBUG Engine               - isManualResizeEnabled: false
08:37:20.192 [FXGL Background Thread 3 ] DEBUG Engine               - isMobile: false
08:37:20.193 [FXGL Background Thread 3 ] DEBUG Engine               - isNative: false
08:37:20.193 [FXGL Background Thread 3 ] DEBUG Engine               - isPauseMusicWhenMinimized: true
08:37:20.193 [FXGL Background Thread 3 ] DEBUG Engine               - isPreserveResizeRatio: false
08:37:20.193 [FXGL Background Thread 3 ] DEBUG Engine               - isProfilingEnabled: false
08:37:20.193 [FXGL Background Thread 3 ] DEBUG Engine               - isScaleAffectedOnResize: true
08:37:20.193 [FXGL Background Thread 3 ] DEBUG Engine               - isSingleStep: false
08:37:20.193 [FXGL Background Thread 3 ] DEBUG Engine               - isUserProfileEnabled: false
08:37:20.193 [FXGL Background Thread 3 ] DEBUG Engine               - isWindows: false
08:37:20.193 [FXGL Background Thread 3 ] DEBUG Engine               - language: ObjectProperty [value: ENGLISH]
08:37:20.193 [FXGL Background Thread 3 ] DEBUG Engine               - menuKey: ESCAPE
08:37:20.193 [FXGL Background Thread 3 ] DEBUG Engine               - mouseSensitivity: 0.2
08:37:20.193 [FXGL Background Thread 3 ] DEBUG Engine               - notificationViewClass: class com.almasb.fxgl.notification.view.XboxNotificationView
08:37:20.193 [FXGL Background Thread 3 ] DEBUG Engine               - pixelsPerMeter: 50.0
08:37:20.193 [FXGL Background Thread 3 ] DEBUG Engine               - platform: LINUX
08:37:20.193 [FXGL Background Thread 3 ] DEBUG Engine               - prefHeightProperty: ReadOnlyDoubleProperty [value: 768.0]
08:37:20.194 [FXGL Background Thread 3 ] DEBUG Engine               - prefWidthProperty: ReadOnlyDoubleProperty [value: 1280.0]
08:37:20.194 [FXGL Background Thread 3 ] DEBUG Engine               - profileDir: profiles/
08:37:20.194 [FXGL Background Thread 3 ] DEBUG Engine               - profileName: StringProperty [value: DEFAULT]
08:37:20.194 [FXGL Background Thread 3 ] DEBUG Engine               - randomSeed: -1
08:37:20.194 [FXGL Background Thread 3 ] DEBUG Engine               - runtimeInfo: RuntimeInfo(platform=LINUX, version=21, build=28.12.2023 13.35)
08:37:20.194 [FXGL Background Thread 3 ] DEBUG Engine               - saveFileExt: sav
08:37:20.194 [FXGL Background Thread 3 ] DEBUG Engine               - scaledHeightProp$fxgl: DoubleProperty [bound, value: 469.5581359863281]
08:37:20.194 [FXGL Background Thread 3 ] DEBUG Engine               - scaledWidthProp$fxgl: DoubleProperty [bound, value: 1236.0]
08:37:20.194 [FXGL Background Thread 3 ] DEBUG Engine               - sceneFactory: com.almasb.fxgl.app.scene.SceneFactory@77c6a760
08:37:20.194 [FXGL Background Thread 3 ] DEBUG Engine               - secondsIn24h: 60
08:37:20.194 [FXGL Background Thread 3 ] DEBUG Engine               - soundMenuBack: menu/back.wav
08:37:20.194 [FXGL Background Thread 3 ] DEBUG Engine               - soundMenuPress: menu/press.wav
08:37:20.194 [FXGL Background Thread 3 ] DEBUG Engine               - soundMenuSelect: menu/select.wav
08:37:20.194 [FXGL Background Thread 3 ] DEBUG Engine               - soundNotification: core/notification.wav
08:37:20.194 [FXGL Background Thread 3 ] DEBUG Engine               - stageStyle: DECORATED
08:37:20.195 [FXGL Background Thread 3 ] DEBUG Engine               - supportedLanguages: [ENGLISH, FRENCH, GERMAN, HUNGARIAN, RUSSIAN]
08:37:20.195 [FXGL Background Thread 3 ] DEBUG Engine               - ticksPerSecond: -1
08:37:20.195 [FXGL Background Thread 3 ] DEBUG Engine               - title: Champs 2026 - Prueba de Disparo
08:37:20.195 [FXGL Background Thread 3 ] DEBUG Engine               - urlGithub: https://github.com/AlmasB/FXGL
08:37:20.195 [FXGL Background Thread 3 ] DEBUG Engine               - urlLeaderboard: http://fxgl-top.herokuapp.com/
08:37:20.195 [FXGL Background Thread 3 ] DEBUG Engine               - urlPOM: https://raw.githubusercontent.com/AlmasB/FXGL/release/README.md
08:37:20.195 [FXGL Background Thread 3 ] DEBUG Engine               - userAppClass: class Metegol.Partido
08:37:20.195 [FXGL Background Thread 3 ] DEBUG Engine               - version: Sprint Libre
08:37:20.195 [FXGL Background Thread 3 ] DEBUG Engine               - versionCheckDays: 7
08:37:20.195 [FXGL Background Thread 3 ] DEBUG Engine               - width: 1280
08:37:20.195 [FXGL Background Thread 3 ] DEBUG Engine               - Logging services
08:37:20.195 [FXGL Background Thread 3 ] DEBUG Engine               - class com.almasb.fxgl.app.services.FXGLAssetLoaderService
08:37:20.195 [FXGL Background Thread 3 ] DEBUG Engine               - class com.almasb.fxgl.app.FXGLApplication$GameApplicationService
08:37:20.195 [FXGL Background Thread 3 ] DEBUG Engine               - class com.almasb.fxgl.app.services.FXGLDialogService
08:37:20.195 [FXGL Background Thread 3 ] DEBUG Engine               - class com.almasb.fxgl.app.services.IOTaskExecutorService
08:37:20.195 [FXGL Background Thread 3 ] DEBUG Engine               - class com.almasb.fxgl.io.FileSystemService
08:37:20.195 [FXGL Background Thread 3 ] DEBUG Engine               - class com.almasb.fxgl.localization.LocalizationService
08:37:20.195 [FXGL Background Thread 3 ] DEBUG Engine               - class com.almasb.fxgl.app.services.SystemBundleService
08:37:20.195 [FXGL Background Thread 3 ] DEBUG Engine               - class com.almasb.fxgl.profile.SaveLoadService
08:37:20.195 [FXGL Background Thread 3 ] DEBUG Engine               - class com.almasb.fxgl.ui.FXGLUIFactoryServiceProvider
08:37:20.195 [FXGL Background Thread 3 ] DEBUG Engine               - class com.almasb.fxgl.ui.FXGLDialogFactoryServiceProvider
08:37:20.195 [FXGL Background Thread 3 ] DEBUG Engine               - class com.almasb.fxgl.audio.AudioPlayer
08:37:20.195 [FXGL Background Thread 3 ] DEBUG Engine               - class com.almasb.fxgl.notification.impl.NotificationServiceProvider
08:37:20.195 [FXGL Background Thread 3 ] DEBUG Engine               - class com.almasb.fxgl.achievement.AchievementService
08:37:20.195 [FXGL Background Thread 3 ] DEBUG Engine               - class com.almasb.fxgl.cutscene.CutsceneService
08:37:20.195 [FXGL Background Thread 3 ] DEBUG Engine               - class com.almasb.fxgl.minigames.MiniGameService
08:37:20.196 [FXGL Background Thread 3 ] DEBUG Engine               - class com.almasb.fxgl.net.NetService
08:37:20.196 [FXGL Background Thread 3 ] DEBUG Engine               - class com.almasb.fxgl.app.services.UpdaterService
08:37:20.196 [FXGL Background Thread 3 ] DEBUG Engine               - class com.almasb.fxgl.dev.DevService
08:38:22.145 [JavaFX Application Thread] DEBUG FXGLApplication      - Exiting FXGL
08:38:22.148 [JavaFX Application Thread] DEBUG LoopRunner           - Stopping loop
08:38:22.154 [JavaFX Application Thread] DEBUG SystemBundleService  - Saving FXGL system data
08:38:22.159 [JavaFX Application Thread] DEBUG FileSystemAccess     - Writing to: /home/legasov/NetBeansProjects/Metegol/system/fxgl.bundle
08:38:22.164 [JavaFX Application Thread] DEBUG Async                - Shutting down background threads
08:38:22.165 [JavaFX Application Thread] DEBUG PrimaryStageWindow   - Closing main window
08:38:22.198 [JavaFX Application Thread] DEBUG Logger               - Closing Logger
