04:27:27.339 [main                     ] DEBUG Logger               - Configured Logger
04:27:27.352 [main                     ] DEBUG GameApplication      - Logging settings
Title: Metegol - Champs 2026
Version: 0.0
Width: 1280
Height: 720
Fullscreen: false
Intro: false
Profiling: false
Single step:false
App Mode: DEVELOPER
Menu Key: ESCAPE
Stage Style: DECORATED
Scene Factory: class com.almasb.fxgl.app.scene.SceneFactory

04:27:27.653 [JavaFX Application Thread] DEBUG FXGLApplication      - Initializing FXGL
04:27:27.656 [JavaFX Application Thread] INFO  Engine               - FXGL-21 (28.12.2023 13.35) on LINUX (J:25.0.3 FX:26)
04:27:27.656 [JavaFX Application Thread] DEBUG Engine               - JRE Vendor Name: Flathub
04:27:27.656 [JavaFX Application Thread] DEBUG Engine               - Running on OS: Linux version 7.1.3-201.fc44.x86_64
04:27:27.656 [JavaFX Application Thread] DEBUG Engine               - Architecture: amd64
04:27:27.656 [JavaFX Application Thread] INFO  Engine               - Source code and latest versions at: https://github.com/AlmasB/FXGL
04:27:27.657 [JavaFX Application Thread] INFO  Engine               -       Ask questions and discuss at: https://github.com/AlmasB/FXGL/discussions
04:27:27.657 [JavaFX Application Thread] INFO  Engine               -              Join the FXGL chat at: https://gitter.im/AlmasB/FXGL
04:27:27.744 [JavaFX Application Thread] DEBUG PrimaryStageWindow   - Creating a JavaFX scene
04:27:27.806 [JavaFX Application Thread] DEBUG PrimaryStageWindow   - Target settings size: 1280.0 x 720.0
04:27:27.806 [JavaFX Application Thread] DEBUG PrimaryStageWindow   - Scaled scene size:    1280.0 x 720.0
04:27:27.806 [JavaFX Application Thread] DEBUG PrimaryStageWindow   - Scaled ratio: (1.0, 1.0)
04:27:27.807 [JavaFX Application Thread] DEBUG PrimaryStageWindow   - Set initial scene to FXGLStartupScene
04:27:27.810 [JavaFX Application Thread] DEBUG PrimaryStageWindow   - Opening main window
04:27:27.843 [JavaFX Application Thread] DEBUG PrimaryStageWindow   - Window border size: (0.0, 35.0)
04:27:27.844 [JavaFX Application Thread] DEBUG PrimaryStageWindow   - Scaled size: 1280.0 x 685.3720703125
04:27:27.844 [JavaFX Application Thread] DEBUG PrimaryStageWindow   - Scaled ratio: (1.0, 0.9519056532118055)
04:27:27.844 [JavaFX Application Thread] DEBUG PrimaryStageWindow   - Scene size: 1280.0 x 720.0
04:27:27.844 [JavaFX Application Thread] DEBUG PrimaryStageWindow   - Stage size: 1280.0 x 720.3720703125
04:27:27.850 [FXGL Background Thread 1 ] DEBUG Engine               - Initializing environment variables
04:27:27.928 [FXGL Background Thread 1 ] DEBUG FXGLAssetLoaderServi - User app class for loading assets: class Metegol.Metegol
04:27:27.928 [FXGL Background Thread 1 ] DEBUG GameApplicationServi - Applying CSS: fxgl_dark.css
04:27:27.929 [FXGL Background Thread 1 ] DEBUG FXGLAssetLoaderServi - Loading from file system: jar:file:/home/legasov/.m2/repository/com/github/almasb/fxgl/21/fxgl-21.jar!/fxglassets/ui/css/fxgl_dark.css
04:27:27.986 [FXGL Background Thread 1 ] DEBUG GameApplicationServi - Initializing application scenes
04:27:28.052 [FXGL Background Thread 1 ] DEBUG GameWorld            - Game world initialized
04:27:28.108 [FXGL Background Thread 1 ] DEBUG PhysicsWorld         - Physics world initialized: appHeight=720, physics.ppm=50.0
04:27:28.108 [FXGL Background Thread 1 ] DEBUG PhysicsWorld         - Using strategy: BRUTE_FORCE
04:27:28.112 [FXGL Background Thread 1 ] DEBUG GameScene            - Game scene initialized: 1280x720
04:27:28.124 [FXGL Background Thread 1 ] DEBUG FXGL.DefaultMenu     - createMenuBodyGameMenu()
04:27:28.136 [FXGL Background Thread 1 ] DEBUG FXGL.DefaultMenu     - createOptionsMenu()
04:27:28.145 [FXGL Background Thread 1 ] DEBUG FXGLAssetLoaderServi - Loading from file system: jar:file:/home/legasov/.m2/repository/com/github/almasb/fxgl/21/fxgl-21.jar!/fxglassets/textures/particles/smoke.png
04:27:28.237 [FXGL Background Thread 1 ] DEBUG FXGLAssetLoaderServi - Loading from file system: jar:file:/home/legasov/.m2/repository/com/github/almasb/fxgl/21/fxgl-21.jar!/fxglassets/textures/particles/trace_horizontal.png
04:27:28.263 [FXGL Background Thread 1 ] DEBUG GameApplicationServi - Application scenes initialized
04:27:28.274 [FXGL Background Thread 1 ] DEBUG SystemBundleService  - Loading FXGL system data
04:27:28.277 [FXGL Background Thread 1 ] DEBUG FileSystemAccess     - Reading from: /home/legasov/NetBeansProjects/Metegol/system/fxgl.bundle
04:27:28.286 [FXGL Background Thread 1 ] DEBUG SystemBundleService  - Bundle FXGL: {}
04:27:28.286 [FXGL Background Thread 1 ] DEBUG UpdaterService       - Checking for updates
04:27:28.291 [FXGL Background Thread 4 ] DEBUG FXGLApplication      - Loading fonts
04:27:28.291 [FXGL Background Thread 4 ] DEBUG FXGLAssetLoaderServi - Loading from file system: jar:file:/home/legasov/.m2/repository/com/github/almasb/fxgl/21/fxgl-21.jar!/fxglassets/ui/fonts/VarelaRound-Regular.ttf
04:27:28.292 [FXGL Background Thread 1 ] DEBUG FXGLApplication      - Loading default localization
04:27:28.292 [FXGL Background Thread 1 ] DEBUG FXGLAssetLoaderServi - Loading from file system: jar:file:/home/legasov/.m2/repository/com/github/almasb/fxgl/21/fxgl-21.jar!/fxglassets/languages/english.lang
04:27:28.308 [FXGL Background Thread 4 ] DEBUG FXGLAssetLoaderServi - Loading from file system: jar:file:/home/legasov/.m2/repository/com/github/almasb/fxgl/21/fxgl-21.jar!/fxglassets/ui/fonts/Abel-Regular.ttf
04:27:28.311 [FXGL Background Thread 1 ] INFO  FXGLApplication      - FXGL initialization took: 0.460 sec
04:27:28.313 [FXGL Background Thread 4 ] DEBUG FXGLAssetLoaderServi - Loading from file system: jar:file:/home/legasov/.m2/repository/com/github/almasb/fxgl/21/fxgl-21.jar!/fxglassets/ui/fonts/TerminalLandMono-Regular.otf
04:27:28.317 [FXGL Background Thread 4 ] DEBUG FXGLAssetLoaderServi - Loading from file system: jar:file:/home/legasov/.m2/repository/com/github/almasb/fxgl/21/fxgl-21.jar!/fxglassets/ui/fonts/Courier-Prime.ttf
04:27:28.320 [JavaFX Application Thread] DEBUG Input                - Registered new binding: action0 - LMB
04:27:28.320 [JavaFX Application Thread] DEBUG FXGLAssetLoaderServi - Loading from file system: jar:file:/home/legasov/.m2/repository/com/github/almasb/fxgl/21/fxgl-21.jar!/fxglassets/textures/fxgl_icon.png
04:27:28.361 [JavaFX Application Thread] DEBUG FXGLAssetLoaderServi - Loading from file system: jar:file:/home/legasov/.m2/repository/com/github/almasb/fxgl/21/fxgl-21.jar!/fxglassets/textures/fxgl_default_cursor.png
04:27:28.381 [JavaFX Application Thread] DEBUG Input                - Registered new binding: Screenshot - CTRL+8
04:27:28.383 [JavaFX Application Thread] DEBUG Input                - Registered new binding: System info dump - CTRL+9
04:27:28.384 [JavaFX Application Thread] DEBUG Input                - Registered new binding: Restart - CTRL+R
04:27:28.384 [JavaFX Application Thread] DEBUG Input                - Registered new binding: Toggle Debug Camera - CTRL+7
04:27:28.395 [JavaFX Application Thread] DEBUG LoopRunner           - Starting loop
04:27:28.395 [JavaFX Application Thread] DEBUG LoopRunner           - Initializing JavaFX AnimationTimerLoop
04:27:28.400 [JavaFX Application Thread] DEBUG GameApplicationServi - Starting new game
04:27:28.403 [JavaFX Application Thread] DEBUG Input                - Clearing active input actions
04:27:28.415 [JavaFX Application Thread] DEBUG GameApplicationServi - Removing overlay from FXGLStartupScene and adding to FXGLLoadingScene
04:27:28.416 [JavaFX Application Thread] DEBUG PrimaryStageWindow   - FXGLStartupScene -> FXGLLoadingScene
04:27:28.416 [JavaFX Application Thread] DEBUG GameApplicationServi - Clearing previous game
04:27:28.416 [JavaFX Application Thread] DEBUG GameScene            - Clearing game scene
04:27:28.416 [JavaFX Application Thread] DEBUG GameWorld            - Clearing game world
04:27:28.416 [JavaFX Application Thread] DEBUG PhysicsWorld         - Clearing physics world
04:27:28.418 [JavaFX Application Thread] DEBUG FXGLApplication      - Registering font factories with UI factory
04:27:28.419 [FXGL Background Thread 4 ] DEBUG FXGLApplication      - Initializing game
04:27:28.426 [FXGL Background Thread 4 ] DEBUG FXGLAssetLoaderServi - Loading from file system: file:/home/legasov/NetBeansProjects/Metegol/target/classes/assets/textures/fondoMenu.png
04:27:28.491 [FXGL Background Thread 4 ] INFO  FXGLApplication      - Game initialization took: 0.073 sec
04:27:28.632 [JavaFX Application Thread] DEBUG Input                - Clearing active input actions
04:27:28.648 [JavaFX Application Thread] DEBUG GameApplicationServi - Removing overlay from FXGLLoadingScene and adding to GameScene
04:27:28.648 [JavaFX Application Thread] DEBUG PrimaryStageWindow   - FXGLLoadingScene -> GameScene
04:27:29.202 [FXGL Background Thread 2 ] INFO  UpdaterService       - Your current version:  21
04:27:29.206 [FXGL Background Thread 2 ] INFO  UpdaterService       - Latest stable version: 25
04:27:31.289 [FXGL Background Thread 3 ] DEBUG Engine               - Logging environment variables
04:27:31.291 [FXGL Background Thread 3 ] DEBUG Engine               - achievements: []
04:27:31.291 [FXGL Background Thread 3 ] DEBUG Engine               - actualHeight: 685.3720703125
04:27:31.291 [FXGL Background Thread 3 ] DEBUG Engine               - actualHeightProperty: ReadOnlyDoubleProperty [value: 712.906982421875]
04:27:31.291 [FXGL Background Thread 3 ] DEBUG Engine               - actualWidth: 1280.0
04:27:31.292 [FXGL Background Thread 3 ] DEBUG Engine               - actualWidthProperty: ReadOnlyDoubleProperty [value: 1280.0]
04:27:31.292 [FXGL Background Thread 3 ] DEBUG Engine               - appIcon: fxgl_icon.png
04:27:31.292 [FXGL Background Thread 3 ] DEBUG Engine               - applicationMode: DEVELOPER
04:27:31.292 [FXGL Background Thread 3 ] DEBUG Engine               - cSSList: [fxgl_dark.css]
04:27:31.293 [FXGL Background Thread 3 ] DEBUG Engine               - collisionDetectionStrategy: BRUTE_FORCE
04:27:31.294 [FXGL Background Thread 3 ] DEBUG Engine               - configClass: Optional.empty
04:27:31.294 [FXGL Background Thread 3 ] DEBUG Engine               - credits: []
04:27:31.295 [FXGL Background Thread 3 ] DEBUG Engine               - defaultCursor: CursorInfo(imageName=fxgl_default_cursor.png, hotspotX=7.0, hotspotY=6.0)
04:27:31.296 [FXGL Background Thread 3 ] DEBUG Engine               - devBBoxColorProperty: ObjectProperty [value: 0xff0000ff]
04:27:31.296 [FXGL Background Thread 3 ] DEBUG Engine               - devEnableDebugCameraProperty: BooleanProperty [value: false]
04:27:31.296 [FXGL Background Thread 3 ] DEBUG Engine               - devSensorColorProperty: ObjectProperty [value: 0xffff00ff]
04:27:31.297 [FXGL Background Thread 3 ] DEBUG Engine               - devShowBBoxProperty: BooleanProperty [value: false]
04:27:31.297 [FXGL Background Thread 3 ] DEBUG Engine               - devShowPositionProperty: BooleanProperty [value: false]
04:27:31.297 [FXGL Background Thread 3 ] DEBUG Engine               - enabledMenuItems: []
04:27:31.297 [FXGL Background Thread 3 ] DEBUG Engine               - engineServices: [class com.almasb.fxgl.app.services.FXGLAssetLoaderService, class com.almasb.fxgl.app.FXGLApplication$GameApplicationService, class com.almasb.fxgl.app.services.FXGLDialogService, class com.almasb.fxgl.app.services.IOTaskExecutorService, class com.almasb.fxgl.io.FileSystemService, class com.almasb.fxgl.localization.LocalizationService, class com.almasb.fxgl.app.services.SystemBundleService, class com.almasb.fxgl.profile.SaveLoadService, class com.almasb.fxgl.ui.FXGLUIFactoryServiceProvider, class com.almasb.fxgl.ui.FXGLDialogFactoryServiceProvider, class com.almasb.fxgl.audio.AudioPlayer, class com.almasb.fxgl.notification.impl.NotificationServiceProvider, class com.almasb.fxgl.achievement.AchievementService, class com.almasb.fxgl.cutscene.CutsceneService, class com.almasb.fxgl.minigames.MiniGameService, class com.almasb.fxgl.net.NetService, class com.almasb.fxgl.app.services.UpdaterService, class com.almasb.fxgl.dev.DevService]
04:27:31.297 [FXGL Background Thread 3 ] DEBUG Engine               - fontGame: Abel-Regular.ttf
04:27:31.298 [FXGL Background Thread 3 ] DEBUG Engine               - fontMono: TerminalLandMono-Regular.otf
04:27:31.298 [FXGL Background Thread 3 ] DEBUG Engine               - fontSizeScaleUI: 1.0
04:27:31.298 [FXGL Background Thread 3 ] DEBUG Engine               - fontText: Courier-Prime.ttf
04:27:31.298 [FXGL Background Thread 3 ] DEBUG Engine               - fontUI: VarelaRound-Regular.ttf
04:27:31.299 [FXGL Background Thread 3 ] DEBUG Engine               - fullScreen: BooleanProperty [value: false]
04:27:31.299 [FXGL Background Thread 3 ] DEBUG Engine               - gameDifficulty: MEDIUM
04:27:31.299 [FXGL Background Thread 3 ] DEBUG Engine               - gameDifficultyProperty: ObjectProperty [value: MEDIUM]
04:27:31.299 [FXGL Background Thread 3 ] DEBUG Engine               - globalMusicVolume: 0.5
04:27:31.299 [FXGL Background Thread 3 ] DEBUG Engine               - globalMusicVolumeProperty: DoubleProperty [value: 0.5]
04:27:31.300 [FXGL Background Thread 3 ] DEBUG Engine               - globalSoundVolume: 0.5
04:27:31.300 [FXGL Background Thread 3 ] DEBUG Engine               - globalSoundVolumeProperty: DoubleProperty [value: 0.5]
04:27:31.300 [FXGL Background Thread 3 ] DEBUG Engine               - height: 720
04:27:31.300 [FXGL Background Thread 3 ] DEBUG Engine               - is3D: false
04:27:31.300 [FXGL Background Thread 3 ] DEBUG Engine               - isAndroid: false
04:27:31.300 [FXGL Background Thread 3 ] DEBUG Engine               - isBrowser: false
04:27:31.301 [FXGL Background Thread 3 ] DEBUG Engine               - isClickFeedbackEnabled: false
04:27:31.301 [FXGL Background Thread 3 ] DEBUG Engine               - isCloseConfirmation: false
04:27:31.301 [FXGL Background Thread 3 ] DEBUG Engine               - isDesktop: true
04:27:31.301 [FXGL Background Thread 3 ] DEBUG Engine               - isDeveloperMenuEnabled: false
04:27:31.301 [FXGL Background Thread 3 ] DEBUG Engine               - isEmbedded: false
04:27:31.301 [FXGL Background Thread 3 ] DEBUG Engine               - isEntityPreloadEnabled: true
04:27:31.301 [FXGL Background Thread 3 ] DEBUG Engine               - isExperimentalTiledLargeMap: false
04:27:31.302 [FXGL Background Thread 3 ] DEBUG Engine               - isFileSystemWriteAllowed: true
04:27:31.302 [FXGL Background Thread 3 ] DEBUG Engine               - isFullScreenAllowed: false
04:27:31.302 [FXGL Background Thread 3 ] DEBUG Engine               - isFullScreenFromStart: false
04:27:31.302 [FXGL Background Thread 3 ] DEBUG Engine               - isGameMenuEnabled: true
04:27:31.302 [FXGL Background Thread 3 ] DEBUG Engine               - isIOS: false
04:27:31.302 [FXGL Background Thread 3 ] DEBUG Engine               - isIntroEnabled: false
04:27:31.302 [FXGL Background Thread 3 ] DEBUG Engine               - isLinux: true
04:27:31.303 [FXGL Background Thread 3 ] DEBUG Engine               - isMac: false
04:27:31.303 [FXGL Background Thread 3 ] DEBUG Engine               - isMainMenuEnabled: false
04:27:31.303 [FXGL Background Thread 3 ] DEBUG Engine               - isManualResizeEnabled: false
04:27:31.304 [FXGL Background Thread 3 ] DEBUG Engine               - isMobile: false
04:27:31.304 [FXGL Background Thread 3 ] DEBUG Engine               - isNative: false
04:27:31.304 [FXGL Background Thread 3 ] DEBUG Engine               - isPauseMusicWhenMinimized: true
04:27:31.304 [FXGL Background Thread 3 ] DEBUG Engine               - isPreserveResizeRatio: false
04:27:31.304 [FXGL Background Thread 3 ] DEBUG Engine               - isProfilingEnabled: false
04:27:31.304 [FXGL Background Thread 3 ] DEBUG Engine               - isScaleAffectedOnResize: true
04:27:31.304 [FXGL Background Thread 3 ] DEBUG Engine               - isSingleStep: false
04:27:31.304 [FXGL Background Thread 3 ] DEBUG Engine               - isUserProfileEnabled: false
04:27:31.304 [FXGL Background Thread 3 ] DEBUG Engine               - isWindows: false
04:27:31.305 [FXGL Background Thread 3 ] DEBUG Engine               - language: ObjectProperty [value: ENGLISH]
04:27:31.305 [FXGL Background Thread 3 ] DEBUG Engine               - menuKey: ESCAPE
04:27:31.305 [FXGL Background Thread 3 ] DEBUG Engine               - mouseSensitivity: 0.2
04:27:31.305 [FXGL Background Thread 3 ] DEBUG Engine               - notificationViewClass: class com.almasb.fxgl.notification.view.XboxNotificationView
04:27:31.305 [FXGL Background Thread 3 ] DEBUG Engine               - pixelsPerMeter: 50.0
04:27:31.305 [FXGL Background Thread 3 ] DEBUG Engine               - platform: LINUX
04:27:31.305 [FXGL Background Thread 3 ] DEBUG Engine               - prefHeightProperty: ReadOnlyDoubleProperty [value: 720.0]
04:27:31.305 [FXGL Background Thread 3 ] DEBUG Engine               - prefWidthProperty: ReadOnlyDoubleProperty [value: 1280.0]
04:27:31.305 [FXGL Background Thread 3 ] DEBUG Engine               - profileDir: profiles/
04:27:31.305 [FXGL Background Thread 3 ] DEBUG Engine               - profileName: StringProperty [value: DEFAULT]
04:27:31.306 [FXGL Background Thread 3 ] DEBUG Engine               - randomSeed: -1
04:27:31.306 [FXGL Background Thread 3 ] DEBUG Engine               - runtimeInfo: RuntimeInfo(platform=LINUX, version=21, build=28.12.2023 13.35)
04:27:31.306 [FXGL Background Thread 3 ] DEBUG Engine               - saveFileExt: sav
04:27:31.306 [FXGL Background Thread 3 ] DEBUG Engine               - scaledHeightProp$fxgl: DoubleProperty [bound, value: 712.906982421875]
04:27:31.306 [FXGL Background Thread 3 ] DEBUG Engine               - scaledWidthProp$fxgl: DoubleProperty [bound, value: 1280.0]
04:27:31.306 [FXGL Background Thread 3 ] DEBUG Engine               - sceneFactory: com.almasb.fxgl.app.scene.SceneFactory@4ac1c8c3
04:27:31.306 [FXGL Background Thread 3 ] DEBUG Engine               - secondsIn24h: 60
04:27:31.306 [FXGL Background Thread 3 ] DEBUG Engine               - soundMenuBack: menu/back.wav
04:27:31.306 [FXGL Background Thread 3 ] DEBUG Engine               - soundMenuPress: menu/press.wav
04:27:31.306 [FXGL Background Thread 3 ] DEBUG Engine               - soundMenuSelect: menu/select.wav
04:27:31.306 [FXGL Background Thread 3 ] DEBUG Engine               - soundNotification: core/notification.wav
04:27:31.307 [FXGL Background Thread 3 ] DEBUG Engine               - stageStyle: DECORATED
04:27:31.307 [FXGL Background Thread 3 ] DEBUG Engine               - supportedLanguages: [ENGLISH, FRENCH, GERMAN, HUNGARIAN, RUSSIAN]
04:27:31.307 [FXGL Background Thread 3 ] DEBUG Engine               - ticksPerSecond: -1
04:27:31.307 [FXGL Background Thread 3 ] DEBUG Engine               - title: Metegol - Champs 2026
04:27:31.307 [FXGL Background Thread 3 ] DEBUG Engine               - urlGithub: https://github.com/AlmasB/FXGL
04:27:31.307 [FXGL Background Thread 3 ] DEBUG Engine               - urlLeaderboard: http://fxgl-top.herokuapp.com/
04:27:31.307 [FXGL Background Thread 3 ] DEBUG Engine               - urlPOM: https://raw.githubusercontent.com/AlmasB/FXGL/release/README.md
04:27:31.307 [FXGL Background Thread 3 ] DEBUG Engine               - userAppClass: class Metegol.Metegol
04:27:31.307 [FXGL Background Thread 3 ] DEBUG Engine               - version: 0.0
04:27:31.307 [FXGL Background Thread 3 ] DEBUG Engine               - versionCheckDays: 7
04:27:31.307 [FXGL Background Thread 3 ] DEBUG Engine               - width: 1280
04:27:31.307 [FXGL Background Thread 3 ] DEBUG Engine               - Logging services
04:27:31.307 [FXGL Background Thread 3 ] DEBUG Engine               - class com.almasb.fxgl.app.services.FXGLAssetLoaderService
04:27:31.307 [FXGL Background Thread 3 ] DEBUG Engine               - class com.almasb.fxgl.app.FXGLApplication$GameApplicationService
04:27:31.307 [FXGL Background Thread 3 ] DEBUG Engine               - class com.almasb.fxgl.app.services.FXGLDialogService
04:27:31.308 [FXGL Background Thread 3 ] DEBUG Engine               - class com.almasb.fxgl.app.services.IOTaskExecutorService
04:27:31.308 [FXGL Background Thread 3 ] DEBUG Engine               - class com.almasb.fxgl.io.FileSystemService
04:27:31.308 [FXGL Background Thread 3 ] DEBUG Engine               - class com.almasb.fxgl.localization.LocalizationService
04:27:31.308 [FXGL Background Thread 3 ] DEBUG Engine               - class com.almasb.fxgl.app.services.SystemBundleService
04:27:31.308 [FXGL Background Thread 3 ] DEBUG Engine               - class com.almasb.fxgl.profile.SaveLoadService
04:27:31.308 [FXGL Background Thread 3 ] DEBUG Engine               - class com.almasb.fxgl.ui.FXGLUIFactoryServiceProvider
04:27:31.308 [FXGL Background Thread 3 ] DEBUG Engine               - class com.almasb.fxgl.ui.FXGLDialogFactoryServiceProvider
04:27:31.308 [FXGL Background Thread 3 ] DEBUG Engine               - class com.almasb.fxgl.audio.AudioPlayer
04:27:31.308 [FXGL Background Thread 3 ] DEBUG Engine               - class com.almasb.fxgl.notification.impl.NotificationServiceProvider
04:27:31.308 [FXGL Background Thread 3 ] DEBUG Engine               - class com.almasb.fxgl.achievement.AchievementService
04:27:31.308 [FXGL Background Thread 3 ] DEBUG Engine               - class com.almasb.fxgl.cutscene.CutsceneService
04:27:31.308 [FXGL Background Thread 3 ] DEBUG Engine               - class com.almasb.fxgl.minigames.MiniGameService
04:27:31.308 [FXGL Background Thread 3 ] DEBUG Engine               - class com.almasb.fxgl.net.NetService
04:27:31.308 [FXGL Background Thread 3 ] DEBUG Engine               - class com.almasb.fxgl.app.services.UpdaterService
04:27:31.308 [FXGL Background Thread 3 ] DEBUG Engine               - class com.almasb.fxgl.dev.DevService
04:28:27.928 [JavaFX Application Thread] DEBUG FXGLApplication      - Exiting FXGL
04:28:27.928 [JavaFX Application Thread] DEBUG LoopRunner           - Stopping loop
04:28:27.929 [JavaFX Application Thread] DEBUG SystemBundleService  - Saving FXGL system data
04:28:27.931 [JavaFX Application Thread] DEBUG FileSystemAccess     - Writing to: /home/legasov/NetBeansProjects/Metegol/system/fxgl.bundle
04:28:27.935 [JavaFX Application Thread] DEBUG Async                - Shutting down background threads
04:28:27.935 [JavaFX Application Thread] DEBUG PrimaryStageWindow   - Closing main window
04:28:27.940 [JavaFX Application Thread] DEBUG Logger               - Closing Logger
