10:42:22.120 [main                     ] DEBUG Logger               - Configured Logger
10:42:22.132 [main                     ] DEBUG GameApplication      - Logging settings
Title: Champs 2026 - Prueba de Disparo
Version: Sprint Libre
Width: 1280
Height: 768
Fullscreen: false
Intro: false
Profiling: false
Single step:false
App Mode: DEVELOPER
Menu Key: ESCAPE
Stage Style: DECORATED
Scene Factory: class com.almasb.fxgl.app.scene.SceneFactory

10:42:22.814 [JavaFX Application Thread] DEBUG FXGLApplication      - Initializing FXGL
10:42:22.825 [JavaFX Application Thread] INFO  Engine               - FXGL-21 (28.12.2023 13.35) on LINUX (J:25.0.3 FX:26)
10:42:22.825 [JavaFX Application Thread] DEBUG Engine               - JRE Vendor Name: Flathub
10:42:22.825 [JavaFX Application Thread] DEBUG Engine               - Running on OS: Linux version 7.0.12-201.fc44.x86_64
10:42:22.825 [JavaFX Application Thread] DEBUG Engine               - Architecture: amd64
10:42:22.825 [JavaFX Application Thread] INFO  Engine               - Source code and latest versions at: https://github.com/AlmasB/FXGL
10:42:22.825 [JavaFX Application Thread] INFO  Engine               -       Ask questions and discuss at: https://github.com/AlmasB/FXGL/discussions
10:42:22.825 [JavaFX Application Thread] INFO  Engine               -              Join the FXGL chat at: https://gitter.im/AlmasB/FXGL
10:42:22.954 [JavaFX Application Thread] DEBUG PrimaryStageWindow   - Creating a JavaFX scene
10:42:22.954 [JavaFX Application Thread] DEBUG PrimaryStageWindow   - Target size > screen size
10:42:23.062 [JavaFX Application Thread] DEBUG PrimaryStageWindow   - Target settings size: 1280.0 x 768.0
10:42:23.063 [JavaFX Application Thread] DEBUG PrimaryStageWindow   - Scaled scene size:    1236.0 x 756.0
10:42:23.063 [JavaFX Application Thread] DEBUG PrimaryStageWindow   - Scaled ratio: (0.965625, 0.984375)
10:42:23.064 [JavaFX Application Thread] DEBUG PrimaryStageWindow   - Set initial scene to FXGLStartupScene
10:42:23.071 [JavaFX Application Thread] DEBUG PrimaryStageWindow   - Opening main window
10:42:23.170 [JavaFX Application Thread] DEBUG PrimaryStageWindow   - Window border size: (0.093017578125, 35.0)
10:42:23.171 [JavaFX Application Thread] DEBUG PrimaryStageWindow   - Scaled size: 1236.0 x 721.093017578125
10:42:23.171 [JavaFX Application Thread] DEBUG PrimaryStageWindow   - Scaled ratio: (0.965625, 0.938923199971517)
10:42:23.171 [JavaFX Application Thread] DEBUG PrimaryStageWindow   - Scene size: 1236.0 x 756.0
10:42:23.171 [JavaFX Application Thread] DEBUG PrimaryStageWindow   - Stage size: 1236.093017578125 x 756.093017578125
10:42:23.183 [FXGL Background Thread 1 ] DEBUG Engine               - Initializing environment variables
10:42:23.377 [FXGL Background Thread 1 ] DEBUG FXGLAssetLoaderServi - User app class for loading assets: class Metegol.Partido
10:42:23.378 [FXGL Background Thread 1 ] DEBUG GameApplicationServi - Applying CSS: fxgl_dark.css
10:42:23.381 [FXGL Background Thread 1 ] DEBUG FXGLAssetLoaderServi - Loading from file system: jar:file:/home/legasov/.m2/repository/com/github/almasb/fxgl/21/fxgl-21.jar!/fxglassets/ui/css/fxgl_dark.css
10:42:23.461 [FXGL Background Thread 1 ] DEBUG GameApplicationServi - Initializing application scenes
10:42:23.568 [FXGL Background Thread 1 ] DEBUG GameWorld            - Game world initialized
10:42:23.650 [FXGL Background Thread 1 ] DEBUG PhysicsWorld         - Physics world initialized: appHeight=768, physics.ppm=50.0
10:42:23.650 [FXGL Background Thread 1 ] DEBUG PhysicsWorld         - Using strategy: BRUTE_FORCE
10:42:23.655 [FXGL Background Thread 1 ] DEBUG GameScene            - Game scene initialized: 1280x768
10:42:23.668 [FXGL Background Thread 1 ] DEBUG FXGL.DefaultMenu     - createMenuBodyGameMenu()
10:42:23.693 [FXGL Background Thread 1 ] DEBUG FXGL.DefaultMenu     - createOptionsMenu()
10:42:23.719 [FXGL Background Thread 1 ] DEBUG FXGLAssetLoaderServi - Loading from file system: jar:file:/home/legasov/.m2/repository/com/github/almasb/fxgl/21/fxgl-21.jar!/fxglassets/textures/particles/smoke.png
10:42:23.820 [FXGL Background Thread 1 ] DEBUG FXGLAssetLoaderServi - Loading from file system: jar:file:/home/legasov/.m2/repository/com/github/almasb/fxgl/21/fxgl-21.jar!/fxglassets/textures/particles/trace_horizontal.png
10:42:23.850 [FXGL Background Thread 1 ] DEBUG GameApplicationServi - Application scenes initialized
10:42:23.869 [FXGL Background Thread 1 ] DEBUG SystemBundleService  - Loading FXGL system data
10:42:23.883 [FXGL Background Thread 1 ] DEBUG FileSystemAccess     - Reading from: /home/legasov/NetBeansProjects/Metegol/system/fxgl.bundle
10:42:23.892 [FXGL Background Thread 1 ] DEBUG SystemBundleService  - Bundle FXGL: {}
10:42:23.892 [FXGL Background Thread 1 ] DEBUG UpdaterService       - Checking for updates
10:42:23.940 [FXGL Background Thread 4 ] DEBUG FXGLApplication      - Loading fonts
10:42:23.945 [FXGL Background Thread 1 ] DEBUG FXGLApplication      - Loading default localization
10:42:23.945 [FXGL Background Thread 1 ] DEBUG FXGLAssetLoaderServi - Loading from file system: jar:file:/home/legasov/.m2/repository/com/github/almasb/fxgl/21/fxgl-21.jar!/fxglassets/languages/english.lang
10:42:23.948 [FXGL Background Thread 4 ] DEBUG FXGLAssetLoaderServi - Loading from file system: jar:file:/home/legasov/.m2/repository/com/github/almasb/fxgl/21/fxgl-21.jar!/fxglassets/ui/fonts/VarelaRound-Regular.ttf
10:42:23.964 [FXGL Background Thread 4 ] DEBUG FXGLAssetLoaderServi - Loading from file system: jar:file:/home/legasov/.m2/repository/com/github/almasb/fxgl/21/fxgl-21.jar!/fxglassets/ui/fonts/Abel-Regular.ttf
10:42:23.966 [FXGL Background Thread 4 ] DEBUG FXGLAssetLoaderServi - Loading from file system: jar:file:/home/legasov/.m2/repository/com/github/almasb/fxgl/21/fxgl-21.jar!/fxglassets/ui/fonts/TerminalLandMono-Regular.otf
10:42:23.968 [FXGL Background Thread 4 ] DEBUG FXGLAssetLoaderServi - Loading from file system: jar:file:/home/legasov/.m2/repository/com/github/almasb/fxgl/21/fxgl-21.jar!/fxglassets/ui/fonts/Courier-Prime.ttf
10:42:23.975 [JavaFX Application Thread] DEBUG FXGLApplication      - Registering font factories with UI factory
10:42:24.001 [FXGL Background Thread 1 ] INFO  FXGLApplication      - FXGL initialization took: 0.819 sec
10:42:24.021 [JavaFX Application Thread] DEBUG Input                - Registered new binding: action0 - W
10:42:24.021 [JavaFX Application Thread] DEBUG Input                - Registered new binding: action1 - S
10:42:24.021 [JavaFX Application Thread] DEBUG Input                - Registered new binding: action2 - A
10:42:24.022 [JavaFX Application Thread] DEBUG Input                - Registered new binding: action3 - D
10:42:24.023 [JavaFX Application Thread] DEBUG Input                - Registered new binding: action4 - RMB
10:42:24.023 [JavaFX Application Thread] DEBUG FXGLAssetLoaderServi - Loading from file system: jar:file:/home/legasov/.m2/repository/com/github/almasb/fxgl/21/fxgl-21.jar!/fxglassets/textures/fxgl_icon.png
10:42:24.066 [JavaFX Application Thread] DEBUG FXGLAssetLoaderServi - Loading from file system: jar:file:/home/legasov/.m2/repository/com/github/almasb/fxgl/21/fxgl-21.jar!/fxglassets/textures/fxgl_default_cursor.png
10:42:24.068 [JavaFX Application Thread] DEBUG Input                - Registered new binding: Screenshot - CTRL+8
10:42:24.070 [JavaFX Application Thread] DEBUG Input                - Registered new binding: Dev Options - 1
10:42:24.071 [JavaFX Application Thread] DEBUG Input                - Registered new binding: Dev Console - 2
10:42:24.072 [JavaFX Application Thread] DEBUG Input                - Registered new binding: System info dump - CTRL+9
10:42:24.072 [JavaFX Application Thread] DEBUG Input                - Registered new binding: Restart - CTRL+R
10:42:24.074 [JavaFX Application Thread] DEBUG Input                - Registered new binding: Toggle Debug Camera - CTRL+7
10:42:24.089 [JavaFX Application Thread] DEBUG LoopRunner           - Starting loop
10:42:24.120 [JavaFX Application Thread] DEBUG LoopRunner           - Initializing JavaFX AnimationTimerLoop
10:42:24.123 [JavaFX Application Thread] DEBUG GameApplicationServi - Starting new game
10:42:24.123 [JavaFX Application Thread] DEBUG Input                - Clearing active input actions
10:42:24.143 [JavaFX Application Thread] DEBUG GameApplicationServi - Removing overlay from FXGLStartupScene and adding to FXGLLoadingScene
10:42:24.148 [JavaFX Application Thread] DEBUG PrimaryStageWindow   - FXGLStartupScene -> FXGLLoadingScene
10:42:24.148 [JavaFX Application Thread] DEBUG GameApplicationServi - Clearing previous game
10:42:24.149 [JavaFX Application Thread] DEBUG GameScene            - Clearing game scene
10:42:24.149 [JavaFX Application Thread] DEBUG GameWorld            - Clearing game world
10:42:24.149 [JavaFX Application Thread] DEBUG PhysicsWorld         - Clearing physics world
10:42:24.151 [FXGL Background Thread 1 ] DEBUG FXGLApplication      - Initializing game
10:42:24.315 [FXGL Background Thread 1 ] WARN  TMXLevelLoader       - TiledMap generated from 1.12.2. Supported version: 1.9.0. Some features may not be parsed fully.
10:42:24.356 [FXGL Background Thread 1 ] DEBUG TMXLevelLoader       - Parsed TiledMap: file:/home/legasov/NetBeansProjects/Metegol/target/classes/assets/levels/cancha.tmx
10:42:24.357 [FXGL Background Thread 1 ] DEBUG TMXLevelLoader       - Creating tile layer entities
10:42:24.368 [FXGL Background Thread 1 ] DEBUG TilesetLoader        - Loading view for layer Fondo
10:42:24.370 [FXGL Background Thread 1 ] DEBUG TilesetLoader        - Created buffer with size 1280.0x768.0
10:42:24.449 [FXGL Background Thread 1 ] DEBUG TMXLevelLoader       - Creating object layer entities
10:42:24.482 [FXGL Background Thread 1 ] DEBUG GameWorld            - Clearing removable entities
10:42:24.483 [FXGL Background Thread 1 ] DEBUG GameWorld            - Setting level: com.almasb.fxgl.entity.level.Level@73ab6bae
10:42:24.490 [FXGL Background Thread 1 ] INFO  FXGLApplication      - Game initialization took: 0.339 sec
10:42:24.658 [JavaFX Application Thread] DEBUG Input                - Clearing active input actions
10:42:24.672 [JavaFX Application Thread] DEBUG GameApplicationServi - Removing overlay from FXGLLoadingScene and adding to GameScene
10:42:24.676 [JavaFX Application Thread] DEBUG PrimaryStageWindow   - FXGLLoadingScene -> GameScene
10:42:26.932 [FXGL Background Thread 3 ] DEBUG Engine               - Logging environment variables
10:42:26.935 [FXGL Background Thread 3 ] DEBUG Engine               - achievements: []
10:42:26.935 [FXGL Background Thread 3 ] DEBUG Engine               - actualHeight: 721.093017578125
10:42:26.935 [FXGL Background Thread 3 ] DEBUG Engine               - actualHeightProperty: ReadOnlyDoubleProperty [value: 722.5814208984375]
10:42:26.935 [FXGL Background Thread 3 ] DEBUG Engine               - actualWidth: 1236.0
10:42:26.935 [FXGL Background Thread 3 ] DEBUG Engine               - actualWidthProperty: ReadOnlyDoubleProperty [value: 1236.0]
10:42:26.935 [FXGL Background Thread 3 ] DEBUG Engine               - appIcon: fxgl_icon.png
10:42:26.935 [FXGL Background Thread 3 ] DEBUG Engine               - applicationMode: DEVELOPER
10:42:26.935 [FXGL Background Thread 3 ] DEBUG Engine               - cSSList: [fxgl_dark.css]
10:42:26.935 [FXGL Background Thread 3 ] DEBUG Engine               - collisionDetectionStrategy: BRUTE_FORCE
10:42:26.935 [FXGL Background Thread 3 ] DEBUG Engine               - configClass: Optional.empty
10:42:26.936 [FXGL Background Thread 3 ] DEBUG Engine               - credits: []
10:42:26.936 [FXGL Background Thread 3 ] DEBUG Engine               - defaultCursor: CursorInfo(imageName=fxgl_default_cursor.png, hotspotX=7.0, hotspotY=6.0)
10:42:26.936 [FXGL Background Thread 3 ] DEBUG Engine               - devBBoxColorProperty: ObjectProperty [value: 0xff0000ff]
10:42:26.936 [FXGL Background Thread 3 ] DEBUG Engine               - devEnableDebugCameraProperty: BooleanProperty [value: false]
10:42:26.937 [FXGL Background Thread 3 ] DEBUG Engine               - devSensorColorProperty: ObjectProperty [value: 0xffff00ff]
10:42:26.937 [FXGL Background Thread 3 ] DEBUG Engine               - devShowBBoxProperty: BooleanProperty [value: false]
10:42:26.937 [FXGL Background Thread 3 ] DEBUG Engine               - devShowPositionProperty: BooleanProperty [value: false]
10:42:26.937 [FXGL Background Thread 3 ] DEBUG Engine               - enabledMenuItems: []
10:42:26.938 [FXGL Background Thread 3 ] DEBUG Engine               - engineServices: [class com.almasb.fxgl.app.services.FXGLAssetLoaderService, class com.almasb.fxgl.app.FXGLApplication$GameApplicationService, class com.almasb.fxgl.app.services.FXGLDialogService, class com.almasb.fxgl.app.services.IOTaskExecutorService, class com.almasb.fxgl.io.FileSystemService, class com.almasb.fxgl.localization.LocalizationService, class com.almasb.fxgl.app.services.SystemBundleService, class com.almasb.fxgl.profile.SaveLoadService, class com.almasb.fxgl.ui.FXGLUIFactoryServiceProvider, class com.almasb.fxgl.ui.FXGLDialogFactoryServiceProvider, class com.almasb.fxgl.audio.AudioPlayer, class com.almasb.fxgl.notification.impl.NotificationServiceProvider, class com.almasb.fxgl.achievement.AchievementService, class com.almasb.fxgl.cutscene.CutsceneService, class com.almasb.fxgl.minigames.MiniGameService, class com.almasb.fxgl.net.NetService, class com.almasb.fxgl.app.services.UpdaterService, class com.almasb.fxgl.dev.DevService]
10:42:26.938 [FXGL Background Thread 3 ] DEBUG Engine               - fontGame: Abel-Regular.ttf
10:42:26.938 [FXGL Background Thread 3 ] DEBUG Engine               - fontMono: TerminalLandMono-Regular.otf
10:42:26.938 [FXGL Background Thread 3 ] DEBUG Engine               - fontSizeScaleUI: 1.0
10:42:26.938 [FXGL Background Thread 3 ] DEBUG Engine               - fontText: Courier-Prime.ttf
10:42:26.938 [FXGL Background Thread 3 ] DEBUG Engine               - fontUI: VarelaRound-Regular.ttf
10:42:26.938 [FXGL Background Thread 3 ] DEBUG Engine               - fullScreen: BooleanProperty [value: false]
10:42:26.938 [FXGL Background Thread 3 ] DEBUG Engine               - gameDifficulty: MEDIUM
10:42:26.938 [FXGL Background Thread 3 ] DEBUG Engine               - gameDifficultyProperty: ObjectProperty [value: MEDIUM]
10:42:26.938 [FXGL Background Thread 3 ] DEBUG Engine               - globalMusicVolume: 0.5
10:42:26.938 [FXGL Background Thread 3 ] DEBUG Engine               - globalMusicVolumeProperty: DoubleProperty [value: 0.5]
10:42:26.938 [FXGL Background Thread 3 ] DEBUG Engine               - globalSoundVolume: 0.5
10:42:26.938 [FXGL Background Thread 3 ] DEBUG Engine               - globalSoundVolumeProperty: DoubleProperty [value: 0.5]
10:42:26.938 [FXGL Background Thread 3 ] DEBUG Engine               - height: 768
10:42:26.938 [FXGL Background Thread 3 ] DEBUG Engine               - is3D: false
10:42:26.938 [FXGL Background Thread 3 ] DEBUG Engine               - isAndroid: false
10:42:26.938 [FXGL Background Thread 3 ] DEBUG Engine               - isBrowser: false
10:42:26.938 [FXGL Background Thread 3 ] DEBUG Engine               - isClickFeedbackEnabled: false
10:42:26.939 [FXGL Background Thread 3 ] DEBUG Engine               - isCloseConfirmation: false
10:42:26.939 [FXGL Background Thread 3 ] DEBUG Engine               - isDesktop: true
10:42:26.939 [FXGL Background Thread 3 ] DEBUG Engine               - isDeveloperMenuEnabled: true
10:42:26.939 [FXGL Background Thread 3 ] DEBUG Engine               - isEmbedded: false
10:42:26.939 [FXGL Background Thread 3 ] DEBUG Engine               - isEntityPreloadEnabled: true
10:42:26.939 [FXGL Background Thread 3 ] DEBUG Engine               - isExperimentalTiledLargeMap: false
10:42:26.939 [FXGL Background Thread 3 ] DEBUG Engine               - isFileSystemWriteAllowed: true
10:42:26.939 [FXGL Background Thread 3 ] DEBUG Engine               - isFullScreenAllowed: false
10:42:26.939 [FXGL Background Thread 3 ] DEBUG Engine               - isFullScreenFromStart: false
10:42:26.939 [FXGL Background Thread 3 ] DEBUG Engine               - isGameMenuEnabled: true
10:42:26.939 [FXGL Background Thread 3 ] DEBUG Engine               - isIOS: false
10:42:26.939 [FXGL Background Thread 3 ] DEBUG Engine               - isIntroEnabled: false
10:42:26.939 [FXGL Background Thread 3 ] DEBUG Engine               - isLinux: true
10:42:26.939 [FXGL Background Thread 3 ] DEBUG Engine               - isMac: false
10:42:26.939 [FXGL Background Thread 3 ] DEBUG Engine               - isMainMenuEnabled: false
10:42:26.939 [FXGL Background Thread 3 ] DEBUG Engine               - isManualResizeEnabled: false
10:42:26.939 [FXGL Background Thread 3 ] DEBUG Engine               - isMobile: false
10:42:26.939 [FXGL Background Thread 3 ] DEBUG Engine               - isNative: false
10:42:26.939 [FXGL Background Thread 3 ] DEBUG Engine               - isPauseMusicWhenMinimized: true
10:42:26.939 [FXGL Background Thread 3 ] DEBUG Engine               - isPreserveResizeRatio: false
10:42:26.939 [FXGL Background Thread 3 ] DEBUG Engine               - isProfilingEnabled: false
10:42:26.939 [FXGL Background Thread 3 ] DEBUG Engine               - isScaleAffectedOnResize: true
10:42:26.939 [FXGL Background Thread 3 ] DEBUG Engine               - isSingleStep: false
10:42:26.940 [FXGL Background Thread 3 ] DEBUG Engine               - isUserProfileEnabled: false
10:42:26.940 [FXGL Background Thread 3 ] DEBUG Engine               - isWindows: false
10:42:26.940 [FXGL Background Thread 3 ] DEBUG Engine               - language: ObjectProperty [value: ENGLISH]
10:42:26.940 [FXGL Background Thread 3 ] DEBUG Engine               - menuKey: ESCAPE
10:42:26.940 [FXGL Background Thread 3 ] DEBUG Engine               - mouseSensitivity: 0.2
10:42:26.940 [FXGL Background Thread 3 ] DEBUG Engine               - notificationViewClass: class com.almasb.fxgl.notification.view.XboxNotificationView
10:42:26.940 [FXGL Background Thread 3 ] DEBUG Engine               - pixelsPerMeter: 50.0
10:42:26.940 [FXGL Background Thread 3 ] DEBUG Engine               - platform: LINUX
10:42:26.940 [FXGL Background Thread 3 ] DEBUG Engine               - prefHeightProperty: ReadOnlyDoubleProperty [value: 768.0]
10:42:26.940 [FXGL Background Thread 3 ] DEBUG Engine               - prefWidthProperty: ReadOnlyDoubleProperty [value: 1280.0]
10:42:26.940 [FXGL Background Thread 3 ] DEBUG Engine               - profileDir: profiles/
10:42:26.940 [FXGL Background Thread 3 ] DEBUG Engine               - profileName: StringProperty [value: DEFAULT]
10:42:26.940 [FXGL Background Thread 3 ] DEBUG Engine               - randomSeed: -1
10:42:26.941 [FXGL Background Thread 3 ] DEBUG Engine               - runtimeInfo: RuntimeInfo(platform=LINUX, version=21, build=28.12.2023 13.35)
10:42:26.941 [FXGL Background Thread 3 ] DEBUG Engine               - saveFileExt: sav
10:42:26.941 [FXGL Background Thread 3 ] DEBUG Engine               - scaledHeightProp$fxgl: DoubleProperty [bound, value: 722.5814208984375]
10:42:26.941 [FXGL Background Thread 3 ] DEBUG Engine               - scaledWidthProp$fxgl: DoubleProperty [bound, value: 1236.0]
10:42:26.941 [FXGL Background Thread 3 ] DEBUG Engine               - sceneFactory: com.almasb.fxgl.app.scene.SceneFactory@312083fc
10:42:26.941 [FXGL Background Thread 3 ] DEBUG Engine               - secondsIn24h: 60
10:42:26.941 [FXGL Background Thread 3 ] DEBUG Engine               - soundMenuBack: menu/back.wav
10:42:26.941 [FXGL Background Thread 3 ] DEBUG Engine               - soundMenuPress: menu/press.wav
10:42:26.941 [FXGL Background Thread 3 ] DEBUG Engine               - soundMenuSelect: menu/select.wav
10:42:26.941 [FXGL Background Thread 3 ] DEBUG Engine               - soundNotification: core/notification.wav
10:42:26.941 [FXGL Background Thread 3 ] DEBUG Engine               - stageStyle: DECORATED
10:42:26.941 [FXGL Background Thread 3 ] DEBUG Engine               - supportedLanguages: [ENGLISH, FRENCH, GERMAN, HUNGARIAN, RUSSIAN]
10:42:26.942 [FXGL Background Thread 3 ] DEBUG Engine               - ticksPerSecond: -1
10:42:26.942 [FXGL Background Thread 3 ] DEBUG Engine               - title: Champs 2026 - Prueba de Disparo
10:42:26.942 [FXGL Background Thread 3 ] DEBUG Engine               - urlGithub: https://github.com/AlmasB/FXGL
10:42:26.942 [FXGL Background Thread 3 ] DEBUG Engine               - urlLeaderboard: http://fxgl-top.herokuapp.com/
10:42:26.942 [FXGL Background Thread 3 ] DEBUG Engine               - urlPOM: https://raw.githubusercontent.com/AlmasB/FXGL/release/README.md
10:42:26.942 [FXGL Background Thread 3 ] DEBUG Engine               - userAppClass: class Metegol.Partido
10:42:26.942 [FXGL Background Thread 3 ] DEBUG Engine               - version: Sprint Libre
10:42:26.942 [FXGL Background Thread 3 ] DEBUG Engine               - versionCheckDays: 7
10:42:26.942 [FXGL Background Thread 3 ] DEBUG Engine               - width: 1280
10:42:26.942 [FXGL Background Thread 3 ] DEBUG Engine               - Logging services
10:42:26.942 [FXGL Background Thread 3 ] DEBUG Engine               - class com.almasb.fxgl.app.services.FXGLAssetLoaderService
10:42:26.942 [FXGL Background Thread 3 ] DEBUG Engine               - class com.almasb.fxgl.app.FXGLApplication$GameApplicationService
10:42:26.942 [FXGL Background Thread 3 ] DEBUG Engine               - class com.almasb.fxgl.app.services.FXGLDialogService
10:42:26.942 [FXGL Background Thread 3 ] DEBUG Engine               - class com.almasb.fxgl.app.services.IOTaskExecutorService
10:42:26.943 [FXGL Background Thread 3 ] DEBUG Engine               - class com.almasb.fxgl.io.FileSystemService
10:42:26.943 [FXGL Background Thread 3 ] DEBUG Engine               - class com.almasb.fxgl.localization.LocalizationService
10:42:26.943 [FXGL Background Thread 3 ] DEBUG Engine               - class com.almasb.fxgl.app.services.SystemBundleService
10:42:26.943 [FXGL Background Thread 3 ] DEBUG Engine               - class com.almasb.fxgl.profile.SaveLoadService
10:42:26.943 [FXGL Background Thread 3 ] DEBUG Engine               - class com.almasb.fxgl.ui.FXGLUIFactoryServiceProvider
10:42:26.943 [FXGL Background Thread 3 ] DEBUG Engine               - class com.almasb.fxgl.ui.FXGLDialogFactoryServiceProvider
10:42:26.943 [FXGL Background Thread 3 ] DEBUG Engine               - class com.almasb.fxgl.audio.AudioPlayer
10:42:26.943 [FXGL Background Thread 3 ] DEBUG Engine               - class com.almasb.fxgl.notification.impl.NotificationServiceProvider
10:42:26.943 [FXGL Background Thread 3 ] DEBUG Engine               - class com.almasb.fxgl.achievement.AchievementService
10:42:26.943 [FXGL Background Thread 3 ] DEBUG Engine               - class com.almasb.fxgl.cutscene.CutsceneService
10:42:26.943 [FXGL Background Thread 3 ] DEBUG Engine               - class com.almasb.fxgl.minigames.MiniGameService
10:42:26.943 [FXGL Background Thread 3 ] DEBUG Engine               - class com.almasb.fxgl.net.NetService
10:42:26.943 [FXGL Background Thread 3 ] DEBUG Engine               - class com.almasb.fxgl.app.services.UpdaterService
10:42:26.943 [FXGL Background Thread 3 ] DEBUG Engine               - class com.almasb.fxgl.dev.DevService
10:42:30.160 [FXGL Background Thread 2 ] INFO  UpdaterService       - Your current version:  21
10:42:30.161 [FXGL Background Thread 2 ] INFO  UpdaterService       - Latest stable version: 25
10:42:50.208 [JavaFX Application Thread] DEBUG FXGLApplication      - Exiting FXGL
10:42:50.208 [JavaFX Application Thread] DEBUG LoopRunner           - Stopping loop
10:42:50.209 [JavaFX Application Thread] DEBUG SystemBundleService  - Saving FXGL system data
10:42:50.218 [JavaFX Application Thread] DEBUG FileSystemAccess     - Writing to: /home/legasov/NetBeansProjects/Metegol/system/fxgl.bundle
10:42:50.220 [JavaFX Application Thread] DEBUG Async                - Shutting down background threads
10:42:50.220 [JavaFX Application Thread] DEBUG PrimaryStageWindow   - Closing main window
10:42:50.223 [JavaFX Application Thread] DEBUG Logger               - Closing Logger
