08:32:14.130 [main                     ] DEBUG Logger               - Configured Logger
08:32:14.137 [main                     ] DEBUG GameApplication      - Logging settings
Title: Champs 2026 - Prueba de Disparo
Version: Sprint Libre
Width: 1280
Height: 768
Fullscreen: false
Intro: false
Profiling: false
Single step:false
App Mode: DEVELOPER
Menu Key: ESCAPE
Stage Style: DECORATED
Scene Factory: class com.almasb.fxgl.app.scene.SceneFactory

08:32:14.452 [JavaFX Application Thread] DEBUG FXGLApplication      - Initializing FXGL
08:32:14.454 [JavaFX Application Thread] INFO  Engine               - FXGL-21 (28.12.2023 13.35) on LINUX (J:25.0.3 FX:26)
08:32:14.454 [JavaFX Application Thread] DEBUG Engine               - JRE Vendor Name: Flathub
08:32:14.455 [JavaFX Application Thread] DEBUG Engine               - Running on OS: Linux version 7.0.12-201.fc44.x86_64
08:32:14.455 [JavaFX Application Thread] DEBUG Engine               - Architecture: amd64
08:32:14.455 [JavaFX Application Thread] INFO  Engine               - Source code and latest versions at: https://github.com/AlmasB/FXGL
08:32:14.455 [JavaFX Application Thread] INFO  Engine               -       Ask questions and discuss at: https://github.com/AlmasB/FXGL/discussions
08:32:14.455 [JavaFX Application Thread] INFO  Engine               -              Join the FXGL chat at: https://gitter.im/AlmasB/FXGL
08:32:14.532 [JavaFX Application Thread] DEBUG PrimaryStageWindow   - Creating a JavaFX scene
08:32:14.532 [JavaFX Application Thread] DEBUG PrimaryStageWindow   - Target size > screen size
08:32:14.596 [JavaFX Application Thread] DEBUG PrimaryStageWindow   - Target settings size: 1280.0 x 768.0
08:32:14.596 [JavaFX Application Thread] DEBUG PrimaryStageWindow   - Scaled scene size:    1236.0 x 756.0
08:32:14.596 [JavaFX Application Thread] DEBUG PrimaryStageWindow   - Scaled ratio: (0.965625, 0.984375)
08:32:14.597 [JavaFX Application Thread] DEBUG PrimaryStageWindow   - Set initial scene to FXGLStartupScene
08:32:14.600 [JavaFX Application Thread] DEBUG PrimaryStageWindow   - Opening main window
08:32:14.632 [JavaFX Application Thread] DEBUG PrimaryStageWindow   - Window border size: (0.093017578125, 35.0)
08:32:14.633 [JavaFX Application Thread] DEBUG PrimaryStageWindow   - Scaled size: 1236.0 x 721.093017578125
08:32:14.633 [JavaFX Application Thread] DEBUG PrimaryStageWindow   - Scaled ratio: (0.965625, 0.938923199971517)
08:32:14.633 [JavaFX Application Thread] DEBUG PrimaryStageWindow   - Scene size: 1236.0 x 756.0
08:32:14.633 [JavaFX Application Thread] DEBUG PrimaryStageWindow   - Stage size: 1236.093017578125 x 756.093017578125
08:32:14.639 [FXGL Background Thread 1 ] DEBUG Engine               - Initializing environment variables
08:32:14.690 [FXGL Background Thread 1 ] DEBUG FXGLAssetLoaderServi - User app class for loading assets: class Metegol.Partido
08:32:14.690 [FXGL Background Thread 1 ] DEBUG GameApplicationServi - Applying CSS: fxgl_dark.css
08:32:14.691 [FXGL Background Thread 1 ] DEBUG FXGLAssetLoaderServi - Loading from file system: jar:file:/home/legasov/.m2/repository/com/github/almasb/fxgl/21/fxgl-21.jar!/fxglassets/ui/css/fxgl_dark.css
08:32:14.751 [FXGL Background Thread 1 ] DEBUG GameApplicationServi - Initializing application scenes
08:32:14.798 [FXGL Background Thread 1 ] DEBUG GameWorld            - Game world initialized
08:32:14.847 [FXGL Background Thread 1 ] DEBUG PhysicsWorld         - Physics world initialized: appHeight=768, physics.ppm=50.0
08:32:14.847 [FXGL Background Thread 1 ] DEBUG PhysicsWorld         - Using strategy: BRUTE_FORCE
08:32:14.851 [FXGL Background Thread 1 ] DEBUG GameScene            - Game scene initialized: 1280x768
08:32:14.861 [FXGL Background Thread 1 ] DEBUG FXGL.DefaultMenu     - createMenuBodyGameMenu()
08:32:14.873 [FXGL Background Thread 1 ] DEBUG FXGL.DefaultMenu     - createOptionsMenu()
08:32:14.882 [FXGL Background Thread 1 ] DEBUG FXGLAssetLoaderServi - Loading from file system: jar:file:/home/legasov/.m2/repository/com/github/almasb/fxgl/21/fxgl-21.jar!/fxglassets/textures/particles/smoke.png
08:32:14.967 [FXGL Background Thread 1 ] DEBUG FXGLAssetLoaderServi - Loading from file system: jar:file:/home/legasov/.m2/repository/com/github/almasb/fxgl/21/fxgl-21.jar!/fxglassets/textures/particles/trace_horizontal.png
08:32:14.990 [FXGL Background Thread 1 ] DEBUG GameApplicationServi - Application scenes initialized
08:32:14.997 [FXGL Background Thread 1 ] DEBUG SystemBundleService  - Loading FXGL system data
08:32:15.003 [FXGL Background Thread 1 ] DEBUG FileSystemAccess     - Reading from: /home/legasov/NetBeansProjects/Metegol/system/fxgl.bundle
08:32:15.009 [FXGL Background Thread 1 ] DEBUG SystemBundleService  - Bundle FXGL: {}
08:32:15.009 [FXGL Background Thread 1 ] DEBUG UpdaterService       - Checking for updates
08:32:15.050 [FXGL Background Thread 4 ] DEBUG FXGLApplication      - Loading fonts
08:32:15.051 [FXGL Background Thread 4 ] DEBUG FXGLAssetLoaderServi - Loading from file system: jar:file:/home/legasov/.m2/repository/com/github/almasb/fxgl/21/fxgl-21.jar!/fxglassets/ui/fonts/VarelaRound-Regular.ttf
08:32:15.051 [FXGL Background Thread 1 ] DEBUG FXGLApplication      - Loading default localization
08:32:15.052 [FXGL Background Thread 1 ] DEBUG FXGLAssetLoaderServi - Loading from file system: jar:file:/home/legasov/.m2/repository/com/github/almasb/fxgl/21/fxgl-21.jar!/fxglassets/languages/english.lang
08:32:15.071 [FXGL Background Thread 4 ] DEBUG FXGLAssetLoaderServi - Loading from file system: jar:file:/home/legasov/.m2/repository/com/github/almasb/fxgl/21/fxgl-21.jar!/fxglassets/ui/fonts/Abel-Regular.ttf
08:32:15.072 [FXGL Background Thread 4 ] DEBUG FXGLAssetLoaderServi - Loading from file system: jar:file:/home/legasov/.m2/repository/com/github/almasb/fxgl/21/fxgl-21.jar!/fxglassets/ui/fonts/TerminalLandMono-Regular.otf
08:32:15.079 [FXGL Background Thread 4 ] DEBUG FXGLAssetLoaderServi - Loading from file system: jar:file:/home/legasov/.m2/repository/com/github/almasb/fxgl/21/fxgl-21.jar!/fxglassets/ui/fonts/Courier-Prime.ttf
08:32:15.105 [JavaFX Application Thread] DEBUG FXGLApplication      - Registering font factories with UI factory
08:32:15.107 [FXGL Background Thread 1 ] INFO  FXGLApplication      - FXGL initialization took: 0.464 sec
08:32:15.119 [JavaFX Application Thread] DEBUG Input                - Registered new binding: action0 - W
08:32:15.119 [JavaFX Application Thread] DEBUG Input                - Registered new binding: action1 - S
08:32:15.119 [JavaFX Application Thread] DEBUG Input                - Registered new binding: action2 - A
08:32:15.120 [JavaFX Application Thread] DEBUG Input                - Registered new binding: action3 - D
08:32:15.121 [JavaFX Application Thread] DEBUG Input                - Registered new binding: action4 - RMB
08:32:15.122 [JavaFX Application Thread] DEBUG FXGLAssetLoaderServi - Loading from file system: jar:file:/home/legasov/.m2/repository/com/github/almasb/fxgl/21/fxgl-21.jar!/fxglassets/textures/fxgl_icon.png
08:32:15.149 [JavaFX Application Thread] DEBUG FXGLAssetLoaderServi - Loading from file system: jar:file:/home/legasov/.m2/repository/com/github/almasb/fxgl/21/fxgl-21.jar!/fxglassets/textures/fxgl_default_cursor.png
08:32:15.151 [JavaFX Application Thread] DEBUG Input                - Registered new binding: Screenshot - CTRL+8
08:32:15.151 [JavaFX Application Thread] DEBUG Input                - Registered new binding: Dev Options - 1
08:32:15.151 [JavaFX Application Thread] DEBUG Input                - Registered new binding: Dev Console - 2
08:32:15.152 [JavaFX Application Thread] DEBUG Input                - Registered new binding: System info dump - CTRL+9
08:32:15.152 [JavaFX Application Thread] DEBUG Input                - Registered new binding: Restart - CTRL+R
08:32:15.152 [JavaFX Application Thread] DEBUG Input                - Registered new binding: Toggle Debug Camera - CTRL+7
08:32:15.155 [JavaFX Application Thread] DEBUG LoopRunner           - Starting loop
08:32:15.166 [JavaFX Application Thread] DEBUG LoopRunner           - Initializing JavaFX AnimationTimerLoop
08:32:15.168 [JavaFX Application Thread] DEBUG GameApplicationServi - Starting new game
08:32:15.168 [JavaFX Application Thread] DEBUG Input                - Clearing active input actions
08:32:15.178 [JavaFX Application Thread] DEBUG GameApplicationServi - Removing overlay from FXGLStartupScene and adding to FXGLLoadingScene
08:32:15.180 [JavaFX Application Thread] DEBUG PrimaryStageWindow   - FXGLStartupScene -> FXGLLoadingScene
08:32:15.181 [JavaFX Application Thread] DEBUG GameApplicationServi - Clearing previous game
08:32:15.181 [JavaFX Application Thread] DEBUG GameScene            - Clearing game scene
08:32:15.181 [JavaFX Application Thread] DEBUG GameWorld            - Clearing game world
08:32:15.181 [JavaFX Application Thread] DEBUG PhysicsWorld         - Clearing physics world
08:32:15.183 [FXGL Background Thread 1 ] DEBUG FXGLApplication      - Initializing game
08:32:15.226 [FXGL Background Thread 1 ] WARN  TMXLevelLoader       - TiledMap generated from 1.12.2. Supported version: 1.9.0. Some features may not be parsed fully.
08:32:15.236 [FXGL Background Thread 1 ] DEBUG TMXLevelLoader       - Parsed TiledMap: file:/home/legasov/NetBeansProjects/Metegol/target/classes/assets/levels/cancha.tmx
08:32:15.237 [FXGL Background Thread 1 ] DEBUG TMXLevelLoader       - Creating tile layer entities
08:32:15.238 [FXGL Background Thread 1 ] DEBUG TMXLevelLoader       - Creating object layer entities
08:32:15.261 [FXGL Background Thread 1 ] DEBUG GameWorld            - Clearing removable entities
08:32:15.275 [FXGL Background Thread 1 ] DEBUG GameWorld            - Setting level: com.almasb.fxgl.entity.level.Level@491ff788
08:32:15.291 [FXGL Background Thread 1 ] INFO  FXGLApplication      - Game initialization took: 0.108 sec
08:32:15.563 [JavaFX Application Thread] DEBUG Input                - Clearing active input actions
08:32:15.574 [JavaFX Application Thread] DEBUG GameApplicationServi - Removing overlay from FXGLLoadingScene and adding to GameScene
08:32:15.579 [JavaFX Application Thread] DEBUG PrimaryStageWindow   - FXGLLoadingScene -> GameScene
08:32:16.279 [FXGL Background Thread 2 ] INFO  UpdaterService       - Your current version:  21
08:32:16.279 [FXGL Background Thread 2 ] INFO  UpdaterService       - Latest stable version: 25
08:32:18.031 [FXGL Background Thread 3 ] DEBUG Engine               - Logging environment variables
08:32:18.032 [FXGL Background Thread 3 ] DEBUG Engine               - achievements: []
08:32:18.032 [FXGL Background Thread 3 ] DEBUG Engine               - actualHeight: 721.093017578125
08:32:18.032 [FXGL Background Thread 3 ] DEBUG Engine               - actualHeightProperty: ReadOnlyDoubleProperty [value: 468.81396484375]
08:32:18.032 [FXGL Background Thread 3 ] DEBUG Engine               - actualWidth: 1236.0
08:32:18.032 [FXGL Background Thread 3 ] DEBUG Engine               - actualWidthProperty: ReadOnlyDoubleProperty [value: 1236.0]
08:32:18.032 [FXGL Background Thread 3 ] DEBUG Engine               - appIcon: fxgl_icon.png
08:32:18.032 [FXGL Background Thread 3 ] DEBUG Engine               - applicationMode: DEVELOPER
08:32:18.032 [FXGL Background Thread 3 ] DEBUG Engine               - cSSList: [fxgl_dark.css]
08:32:18.033 [FXGL Background Thread 3 ] DEBUG Engine               - collisionDetectionStrategy: BRUTE_FORCE
08:32:18.033 [FXGL Background Thread 3 ] DEBUG Engine               - configClass: Optional.empty
08:32:18.033 [FXGL Background Thread 3 ] DEBUG Engine               - credits: []
08:32:18.033 [FXGL Background Thread 3 ] DEBUG Engine               - defaultCursor: CursorInfo(imageName=fxgl_default_cursor.png, hotspotX=7.0, hotspotY=6.0)
08:32:18.033 [FXGL Background Thread 3 ] DEBUG Engine               - devBBoxColorProperty: ObjectProperty [value: 0xff0000ff]
08:32:18.033 [FXGL Background Thread 3 ] DEBUG Engine               - devEnableDebugCameraProperty: BooleanProperty [value: false]
08:32:18.034 [FXGL Background Thread 3 ] DEBUG Engine               - devSensorColorProperty: ObjectProperty [value: 0xffff00ff]
08:32:18.034 [FXGL Background Thread 3 ] DEBUG Engine               - devShowBBoxProperty: BooleanProperty [value: false]
08:32:18.034 [FXGL Background Thread 3 ] DEBUG Engine               - devShowPositionProperty: BooleanProperty [value: false]
08:32:18.034 [FXGL Background Thread 3 ] DEBUG Engine               - enabledMenuItems: []
08:32:18.034 [FXGL Background Thread 3 ] DEBUG Engine               - engineServices: [class com.almasb.fxgl.app.services.FXGLAssetLoaderService, class com.almasb.fxgl.app.FXGLApplication$GameApplicationService, class com.almasb.fxgl.app.services.FXGLDialogService, class com.almasb.fxgl.app.services.IOTaskExecutorService, class com.almasb.fxgl.io.FileSystemService, class com.almasb.fxgl.localization.LocalizationService, class com.almasb.fxgl.app.services.SystemBundleService, class com.almasb.fxgl.profile.SaveLoadService, class com.almasb.fxgl.ui.FXGLUIFactoryServiceProvider, class com.almasb.fxgl.ui.FXGLDialogFactoryServiceProvider, class com.almasb.fxgl.audio.AudioPlayer, class com.almasb.fxgl.notification.impl.NotificationServiceProvider, class com.almasb.fxgl.achievement.AchievementService, class com.almasb.fxgl.cutscene.CutsceneService, class com.almasb.fxgl.minigames.MiniGameService, class com.almasb.fxgl.net.NetService, class com.almasb.fxgl.app.services.UpdaterService, class com.almasb.fxgl.dev.DevService]
08:32:18.034 [FXGL Background Thread 3 ] DEBUG Engine               - fontGame: Abel-Regular.ttf
08:32:18.034 [FXGL Background Thread 3 ] DEBUG Engine               - fontMono: TerminalLandMono-Regular.otf
08:32:18.034 [FXGL Background Thread 3 ] DEBUG Engine               - fontSizeScaleUI: 1.0
08:32:18.034 [FXGL Background Thread 3 ] DEBUG Engine               - fontText: Courier-Prime.ttf
08:32:18.034 [FXGL Background Thread 3 ] DEBUG Engine               - fontUI: VarelaRound-Regular.ttf
08:32:18.034 [FXGL Background Thread 3 ] DEBUG Engine               - fullScreen: BooleanProperty [value: false]
08:32:18.035 [FXGL Background Thread 3 ] DEBUG Engine               - gameDifficulty: MEDIUM
08:32:18.035 [FXGL Background Thread 3 ] DEBUG Engine               - gameDifficultyProperty: ObjectProperty [value: MEDIUM]
08:32:18.035 [FXGL Background Thread 3 ] DEBUG Engine               - globalMusicVolume: 0.5
08:32:18.035 [FXGL Background Thread 3 ] DEBUG Engine               - globalMusicVolumeProperty: DoubleProperty [value: 0.5]
08:32:18.035 [FXGL Background Thread 3 ] DEBUG Engine               - globalSoundVolume: 0.5
08:32:18.035 [FXGL Background Thread 3 ] DEBUG Engine               - globalSoundVolumeProperty: DoubleProperty [value: 0.5]
08:32:18.035 [FXGL Background Thread 3 ] DEBUG Engine               - height: 768
08:32:18.035 [FXGL Background Thread 3 ] DEBUG Engine               - is3D: false
08:32:18.035 [FXGL Background Thread 3 ] DEBUG Engine               - isAndroid: false
08:32:18.035 [FXGL Background Thread 3 ] DEBUG Engine               - isBrowser: false
08:32:18.035 [FXGL Background Thread 3 ] DEBUG Engine               - isClickFeedbackEnabled: false
08:32:18.035 [FXGL Background Thread 3 ] DEBUG Engine               - isCloseConfirmation: false
08:32:18.035 [FXGL Background Thread 3 ] DEBUG Engine               - isDesktop: true
08:32:18.036 [FXGL Background Thread 3 ] DEBUG Engine               - isDeveloperMenuEnabled: true
08:32:18.036 [FXGL Background Thread 3 ] DEBUG Engine               - isEmbedded: false
08:32:18.036 [FXGL Background Thread 3 ] DEBUG Engine               - isEntityPreloadEnabled: true
08:32:18.036 [FXGL Background Thread 3 ] DEBUG Engine               - isExperimentalTiledLargeMap: false
08:32:18.036 [FXGL Background Thread 3 ] DEBUG Engine               - isFileSystemWriteAllowed: true
08:32:18.036 [FXGL Background Thread 3 ] DEBUG Engine               - isFullScreenAllowed: false
08:32:18.036 [FXGL Background Thread 3 ] DEBUG Engine               - isFullScreenFromStart: false
08:32:18.036 [FXGL Background Thread 3 ] DEBUG Engine               - isGameMenuEnabled: true
08:32:18.036 [FXGL Background Thread 3 ] DEBUG Engine               - isIOS: false
08:32:18.036 [FXGL Background Thread 3 ] DEBUG Engine               - isIntroEnabled: false
08:32:18.036 [FXGL Background Thread 3 ] DEBUG Engine               - isLinux: true
08:32:18.036 [FXGL Background Thread 3 ] DEBUG Engine               - isMac: false
08:32:18.036 [FXGL Background Thread 3 ] DEBUG Engine               - isMainMenuEnabled: false
08:32:18.036 [FXGL Background Thread 3 ] DEBUG Engine               - isManualResizeEnabled: false
08:32:18.037 [FXGL Background Thread 3 ] DEBUG Engine               - isMobile: false
08:32:18.037 [FXGL Background Thread 3 ] DEBUG Engine               - isNative: false
08:32:18.037 [FXGL Background Thread 3 ] DEBUG Engine               - isPauseMusicWhenMinimized: true
08:32:18.037 [FXGL Background Thread 3 ] DEBUG Engine               - isPreserveResizeRatio: false
08:32:18.037 [FXGL Background Thread 3 ] DEBUG Engine               - isProfilingEnabled: false
08:32:18.037 [FXGL Background Thread 3 ] DEBUG Engine               - isScaleAffectedOnResize: true
08:32:18.037 [FXGL Background Thread 3 ] DEBUG Engine               - isSingleStep: false
08:32:18.037 [FXGL Background Thread 3 ] DEBUG Engine               - isUserProfileEnabled: false
08:32:18.037 [FXGL Background Thread 3 ] DEBUG Engine               - isWindows: false
08:32:18.037 [FXGL Background Thread 3 ] DEBUG Engine               - language: ObjectProperty [value: ENGLISH]
08:32:18.037 [FXGL Background Thread 3 ] DEBUG Engine               - menuKey: ESCAPE
08:32:18.037 [FXGL Background Thread 3 ] DEBUG Engine               - mouseSensitivity: 0.2
08:32:18.037 [FXGL Background Thread 3 ] DEBUG Engine               - notificationViewClass: class com.almasb.fxgl.notification.view.XboxNotificationView
08:32:18.037 [FXGL Background Thread 3 ] DEBUG Engine               - pixelsPerMeter: 50.0
08:32:18.037 [FXGL Background Thread 3 ] DEBUG Engine               - platform: LINUX
08:32:18.037 [FXGL Background Thread 3 ] DEBUG Engine               - prefHeightProperty: ReadOnlyDoubleProperty [value: 768.0]
08:32:18.038 [FXGL Background Thread 3 ] DEBUG Engine               - prefWidthProperty: ReadOnlyDoubleProperty [value: 1280.0]
08:32:18.038 [FXGL Background Thread 3 ] DEBUG Engine               - profileDir: profiles/
08:32:18.038 [FXGL Background Thread 3 ] DEBUG Engine               - profileName: StringProperty [value: DEFAULT]
08:32:18.038 [FXGL Background Thread 3 ] DEBUG Engine               - randomSeed: -1
08:32:18.038 [FXGL Background Thread 3 ] DEBUG Engine               - runtimeInfo: RuntimeInfo(platform=LINUX, version=21, build=28.12.2023 13.35)
08:32:18.038 [FXGL Background Thread 3 ] DEBUG Engine               - saveFileExt: sav
08:32:18.038 [FXGL Background Thread 3 ] DEBUG Engine               - scaledHeightProp$fxgl: DoubleProperty [bound, value: 468.81396484375]
08:32:18.038 [FXGL Background Thread 3 ] DEBUG Engine               - scaledWidthProp$fxgl: DoubleProperty [bound, value: 1236.0]
08:32:18.038 [FXGL Background Thread 3 ] DEBUG Engine               - sceneFactory: com.almasb.fxgl.app.scene.SceneFactory@6e719a40
08:32:18.038 [FXGL Background Thread 3 ] DEBUG Engine               - secondsIn24h: 60
08:32:18.038 [FXGL Background Thread 3 ] DEBUG Engine               - soundMenuBack: menu/back.wav
08:32:18.038 [FXGL Background Thread 3 ] DEBUG Engine               - soundMenuPress: menu/press.wav
08:32:18.038 [FXGL Background Thread 3 ] DEBUG Engine               - soundMenuSelect: menu/select.wav
08:32:18.038 [FXGL Background Thread 3 ] DEBUG Engine               - soundNotification: core/notification.wav
08:32:18.039 [FXGL Background Thread 3 ] DEBUG Engine               - stageStyle: DECORATED
08:32:18.039 [FXGL Background Thread 3 ] DEBUG Engine               - supportedLanguages: [ENGLISH, FRENCH, GERMAN, HUNGARIAN, RUSSIAN]
08:32:18.039 [FXGL Background Thread 3 ] DEBUG Engine               - ticksPerSecond: -1
08:32:18.039 [FXGL Background Thread 3 ] DEBUG Engine               - title: Champs 2026 - Prueba de Disparo
08:32:18.039 [FXGL Background Thread 3 ] DEBUG Engine               - urlGithub: https://github.com/AlmasB/FXGL
08:32:18.039 [FXGL Background Thread 3 ] DEBUG Engine               - urlLeaderboard: http://fxgl-top.herokuapp.com/
08:32:18.039 [FXGL Background Thread 3 ] DEBUG Engine               - urlPOM: https://raw.githubusercontent.com/AlmasB/FXGL/release/README.md
08:32:18.039 [FXGL Background Thread 3 ] DEBUG Engine               - userAppClass: class Metegol.Partido
08:32:18.039 [FXGL Background Thread 3 ] DEBUG Engine               - version: Sprint Libre
08:32:18.039 [FXGL Background Thread 3 ] DEBUG Engine               - versionCheckDays: 7
08:32:18.039 [FXGL Background Thread 3 ] DEBUG Engine               - width: 1280
08:32:18.039 [FXGL Background Thread 3 ] DEBUG Engine               - Logging services
08:32:18.039 [FXGL Background Thread 3 ] DEBUG Engine               - class com.almasb.fxgl.app.services.FXGLAssetLoaderService
08:32:18.039 [FXGL Background Thread 3 ] DEBUG Engine               - class com.almasb.fxgl.app.FXGLApplication$GameApplicationService
08:32:18.039 [FXGL Background Thread 3 ] DEBUG Engine               - class com.almasb.fxgl.app.services.FXGLDialogService
08:32:18.039 [FXGL Background Thread 3 ] DEBUG Engine               - class com.almasb.fxgl.app.services.IOTaskExecutorService
08:32:18.039 [FXGL Background Thread 3 ] DEBUG Engine               - class com.almasb.fxgl.io.FileSystemService
08:32:18.039 [FXGL Background Thread 3 ] DEBUG Engine               - class com.almasb.fxgl.localization.LocalizationService
08:32:18.039 [FXGL Background Thread 3 ] DEBUG Engine               - class com.almasb.fxgl.app.services.SystemBundleService
08:32:18.040 [FXGL Background Thread 3 ] DEBUG Engine               - class com.almasb.fxgl.profile.SaveLoadService
08:32:18.040 [FXGL Background Thread 3 ] DEBUG Engine               - class com.almasb.fxgl.ui.FXGLUIFactoryServiceProvider
08:32:18.040 [FXGL Background Thread 3 ] DEBUG Engine               - class com.almasb.fxgl.ui.FXGLDialogFactoryServiceProvider
08:32:18.040 [FXGL Background Thread 3 ] DEBUG Engine               - class com.almasb.fxgl.audio.AudioPlayer
08:32:18.040 [FXGL Background Thread 3 ] DEBUG Engine               - class com.almasb.fxgl.notification.impl.NotificationServiceProvider
08:32:18.040 [FXGL Background Thread 3 ] DEBUG Engine               - class com.almasb.fxgl.achievement.AchievementService
08:32:18.040 [FXGL Background Thread 3 ] DEBUG Engine               - class com.almasb.fxgl.cutscene.CutsceneService
08:32:18.040 [FXGL Background Thread 3 ] DEBUG Engine               - class com.almasb.fxgl.minigames.MiniGameService
08:32:18.040 [FXGL Background Thread 3 ] DEBUG Engine               - class com.almasb.fxgl.net.NetService
08:32:18.040 [FXGL Background Thread 3 ] DEBUG Engine               - class com.almasb.fxgl.app.services.UpdaterService
08:32:18.040 [FXGL Background Thread 3 ] DEBUG Engine               - class com.almasb.fxgl.dev.DevService
08:33:00.821 [JavaFX Application Thread] DEBUG FXGLApplication      - Exiting FXGL
08:33:00.822 [JavaFX Application Thread] DEBUG LoopRunner           - Stopping loop
08:33:00.822 [JavaFX Application Thread] DEBUG SystemBundleService  - Saving FXGL system data
08:33:00.828 [JavaFX Application Thread] DEBUG FileSystemAccess     - Writing to: /home/legasov/NetBeansProjects/Metegol/system/fxgl.bundle
08:33:00.833 [JavaFX Application Thread] DEBUG Async                - Shutting down background threads
08:33:00.833 [JavaFX Application Thread] DEBUG PrimaryStageWindow   - Closing main window
08:33:00.836 [JavaFX Application Thread] DEBUG Logger               - Closing Logger
